[OMEGA] Rolling log: logs/omega_2026-03-30.log (UTC daily rotation, 5-file retention)
[OMEGA] Full Trade CSV: logs/trades/omega_trade_closes.csv
[OMEGA] Trade Opens CSV: logs/trades/omega_trade_opens.csv
[OMEGA] Daily Trade Logs: logs/trades/omega_trade_closes_YYYY-MM-DD.csv (UTC, 5-file retention)
[OMEGA] Daily Gold Logs: logs/gold/omega_gold_trade_closes_YYYY-MM-DD.csv (UTC, 5-file retention)
[OMEGA] Daily Shadow Trade Logs: logs/shadow/trades/omega_shadow_trades_YYYY-MM-DD.csv (UTC, 5-file retention)
[OMEGA] Shadow CSV: logs/shadow/omega_shadow.csv
[OMEGA] Startup reload: no today CSV yet (logs/trades/omega_trade_closes_2026-03-30.csv) — clean start
[OmegaHTTP] Direct snapshot pointer OK
[OmegaHTTP] port [OmegaWS] WebSocket port 77777890

[OMEGA] GUI http://localhost:7779  WS:7780
[CTRADER] Depth client started (ctid=44937427)
[CTRADER] Depth feed starting (ctid=44937427)
[OMEGA] FIX loop starting -- SHADOW mode
[OMEGA-TRADE] Connecting live-uk-eqx-02.p.c-trader.com:5212
[OMEGA-TRADE] Logon sent
[OMEGA-TRADE] LOGON ACCEPTED
[OMEGA-TRADE] SecurityListRequest sent req_id=omega-sec-1774857134
[OMEGA-SECURITY] learned ext id EURUSD -> 1
[OMEGA-SECURITY] learned ext id GBPUSD -> 2
[OMEGA-SECURITY] learned ext id USDJPY -> 4
[OMEGA-SECURITY] learned ext id AUDUSD -> 5
[OMEGA-SECURITY] learned ext id NZDUSD -> 12
[OMEGA-SECURITY] learned ext id XAGUSD -> 42
[OMEGA-SECURITY] learned ext id BRENT -> 109
[OMEGA-SECURITY] UNMATCHED: 'UK100.F' id=4461
[OMEGA-SECURITY] learned ext id ESTX50 -> 1898
[OMEGA-SECURITY] learned ext id GER40 -> 1899
[OMEGA-SECURITY] learned ext id UK100 -> 1901
[OMEGA-SECURITY] UNMATCHED: 'UKBRENT.F' id=2634
[OMEGA-SECURITY] UNMATCHED: 'ESTC' id=3229
[OMEGA-TRADE] SecurityList received req_id=omega-sec-1774857134 entries=1548 (ext IDs updated — will re-subscribe)
[OMEGA] Connecting live-uk-eqx-02.p.c-trader.com:5211
[OMEGA] Logon sent
[OMEGA] LOGON ACCEPTED
[OMEGA] Subscribed ALL symbols (OMEGA-MD-ALL)
[OMEGA] Re-subscribed ALL symbols with learned ext IDs (GER40/UK100/ESTX50/XAGUSD/EURUSD/BRENT/GBPUSD/AUDUSD/NZDUSD/USDJPY now included)
[TICK] EURUSD 1.15/1.15
[TICK] GBPUSD 1.32/1.32
[TICK] USDJPY 159.70/159.71
[TICK] AUDUSD 0.69/0.69
[TICK] XAUUSD 4524.81/4525.03
[SUPERVISOR-XAUUSD] regime=QUIET_COMPRESSION conf=0.69 bracket=0.78 breakout=0.00 top_score=0.78 threshold=0.25 winner=BRACKET allow=1 cooldown=0 reason=valid_signal
[GOLD-BRK-DIAG] phase=IDLE can_enter=0 spread_ok=1 freq_ok=1 bracket_open=0 stack_open=0 in_dead_zone=0 london_noise=0 in_asia=0 asia_ok=1 drift=0.00 l2_imb=0.500 can_arm=0 trend_bias=0 trend_blocked=0 pyramid_ok=0 impulse_block=0 cd_bypass=0 pyr_sl_age_s=1774857135 brk_hi=0.00 brk_lo=0.00 range=0.00 session_slot=1
[TICK] XAGUSD 70.41/70.44
[TICK] GER40 22261.90/22266.90
[TICK] NZDUSD 0.57/0.57
[TICK] UK100 9998.80/9999.80
[TICK] BRENT 108.00/108.11
[TICK] NAS100 23219.65/23220.85
[SUPERVISOR-NAS100] regime=QUIET_COMPRESSION conf=0.69 bracket=0.78 breakout=0.00 top_score=0.78 threshold=0.25 winner=BRACKET allow=1 cooldown=0 reason=valid_signal
[TICK] NGAS.F 2.92/2.94
[TICK] USOIL.F 101.81/101.87
[SUPERVISOR-USOIL.F] regime=QUIET_COMPRESSION conf=0.35 bracket=0.69 breakout=0.00 top_score=0.69 threshold=0.30 winner=BRACKET allow=1 cooldown=0 reason=valid_signal
[TICK] ESTX50 5503.10/5504.70
[TICK] DJ30.F 45571.60/45577.40
[SUPERVISOR-DJ30.F] regime=QUIET_COMPRESSION conf=0.56 bracket=0.75 breakout=0.00 top_score=0.75 threshold=0.25 winner=BRACKET allow=1 cooldown=0 reason=valid_signal
[TICK] VIX.F 27.73/28.11
[TICK] DX.F 100.03/100.13
[TICK] US500.F 6435.22/6436.03
[SUPERVISOR-US500.F] regime=QUIET_COMPRESSION conf=0.51 bracket=0.74 breakout=0.00 top_score=0.74 threshold=0.25 winner=BRACKET allow=1 cooldown=0 reason=valid_signal
[TICK] USTEC.F 23401.82/23404.53
[SUPERVISOR-USTEC.F] regime=QUIET_COMPRESSION conf=0.58 bracket=0.75 breakout=0.00 top_score=0.75 threshold=0.25 winner=BRACKET allow=1 cooldown=0 reason=valid_signal
[GOLD-BRK-DIAG] phase=IDLE can_enter=1 spread_ok=1 freq_ok=1 bracket_open=0 stack_open=0 in_dead_zone=0 london_noise=0 in_asia=0 asia_ok=1 drift=0.18 l2_imb=0.500 can_arm=1 trend_bias=0 trend_blocked=0 pyramid_ok=0 impulse_block=0 cd_bypass=0 pyr_sl_age_s=1774857145 brk_hi=0.00 brk_lo=0.00 range=0.00 session_slot=1
[GOLD-BRK-DIAG] phase=IDLE can_enter=1 spread_ok=1 freq_ok=1 bracket_open=0 stack_open=0 in_dead_zone=0 london_noise=0 in_asia=0 asia_ok=1 drift=0.19 l2_imb=0.500 can_arm=1 trend_bias=0 trend_blocked=0 pyramid_ok=0 impulse_block=0 cd_bypass=0 pyr_sl_age_s=1774857155 brk_hi=0.00 brk_lo=0.00 range=0.00 session_slot=1
[GOLD-FLOW] ENTRY LONG @ 4526.09 sl=4525.43 sl_pts=0.66 (atr=0.50 spread_floor=0.66) size=0.50 spread=0.22 session=1
[SUPERVISOR-XAUUSD] regime=EXPANSION_BREAKOUT conf=1.88 bracket=0.33 breakout=2.14 top_score=2.14 threshold=0.25 winner=BREAKOUT allow=1 cooldown=0 reason=valid_signal
[CTRADER] Connecting live.ctraderapi.com:5035
[CTRADER] ApplicationAuthReq sent
[CTRADER] Application authorized
[CTRADER] AccountAuthReq sent
[CTRADER] Account 44937427 authorized
[CTRADER] Subscribe depth: EURUSD id=1
[CTRADER] Subscribe depth: XAUUSD id=41
[CTRADER] Subscribe depth: NAS100 id=110
[CTRADER] Subscribe depth: NGAS.F id=2631
[CTRADER] Subscribe depth: GBPUSD id=2
[CTRADER] Subscribe depth: XAGUSD id=42
[CTRADER] Subscribe depth: USOIL.F id=2632
[CTRADER] Subscribe depth: ESTX50 id=1898
[CTRADER] Subscribe depth: USDJPY id=4
[CTRADER] Subscribe depth: BRENT id=109
[CTRADER] Subscribe depth: GER40 id=1899
[CTRADER] Subscribe depth: DJ30.F id=2637
[CTRADER] Subscribe depth: AUDUSD id=5
[CTRADER] Subscribe depth: DX.F id=2638
[CTRADER] Subscribe depth: UK100 id=1901
[CTRADER] Subscribe depth: US500.F id=2642
[CTRADER] Subscribe depth: USTEC.F id=2643
[CTRADER] Subscribe depth: NZDUSD id=12
[CTRADER] Subscribe depth: VIX.F id=4462
[CTRADER] Subscribe depth: VIX id=4818 (alias→VIX.F)
[CTRADER] Symbol list: 1548 total, 20 to subscribe
[CTRADER] Gold candidate: XAUUSD id=41
[CTRADER] Gold candidate: XAUUSD.P id=2597
[CTRADER] Gold candidate: XAUAUD.P id=4773
[CTRADER] Gold candidate: XAUEUR.P id=2629
[CTRADER] Gold candidate: XAUEUR id=93
[CTRADER] Gold candidate: GOLD.F id=2660
[CTRADER] Gold candidate: XAUJPY id=4766
[CTRADER] Gold candidate: XAUGBP.P id=4769
[CTRADER] Gold candidate: XAUJPY.P id=4767
[CTRADER] Gold candidate: XAUGBP id=4768
[CTRADER] Gold candidate: XAUCNH id=4770
[CTRADER] Gold candidate: XAUCNH.P id=4771
[CTRADER] Gold candidate: XAUAUD id=4772
[CTRADER] Subscribed to 20 symbols
[CTRADER] Depth feed ACTIVE — 19 symbols
[SUPERVISOR-XAUUSD] regime=QUIET_COMPRESSION conf=0.43 bracket=0.56 breakout=2.23 top_score=2.23 threshold=0.25 winner=BRACKET allow=1 cooldown=0 reason=valid_signal
[TICK] NAS100 23224.75/23225.95
[TICK] ESTX50 5506.70/5508.10
[TICK] GER40 22275.25/22276.95
[TICK] XAUUSD 4525.46/4525.68
[TICK] UK100 10001.20/10002.20
[TICK] USDJPY 159.69/159.71
[TICK] US500.F 6436.47/6437.28
[TICK] USTEC.F 23407.57/23410.28
[TICK] DJ30.F 45581.10/45586.90
[TICK] GBPUSD 1.32/1.32
[TICK] AUDUSD 0.69/0.69
[GOLD-BRK-DIAG] phase=IDLE can_enter=0 spread_ok=1 freq_ok=1 bracket_open=0 stack_open=0 in_dead_zone=0 london_noise=0 in_asia=0 asia_ok=1 drift=0.58 l2_imb=0.500 can_arm=0 trend_bias=0 trend_blocked=0 pyramid_ok=0 impulse_block=0 cd_bypass=0 pyr_sl_age_s=1774857166 brk_hi=0.00 brk_lo=0.00 range=0.00 session_slot=1
[TICK] USOIL.F 101.76/101.82
[TICK] XAGUSD 70.46/70.49
[SUPERVISOR-XAUUSD] regime=QUIET_COMPRESSION conf=1.29 bracket=0.56 breakout=2.23 top_score=2.23 threshold=0.25 winner=NONE allow=0 cooldown=0 reason=high_risk_no_trade
[TICK] VIX.F 27.70/28.09
[TICK] DX.F 100.02/100.12
[SUPERVISOR-XAUUSD] regime=EXPANSION_BREAKOUT conf=1.83 bracket=0.32 breakout=2.08 top_score=2.08 threshold=0.25 winner=BREAKOUT allow=1 cooldown=0 reason=valid_signal
[TICK] NGAS.F 2.92/2.94
[SUPERVISOR-XAUUSD] regime=EXPANSION_BREAKOUT conf=1.31 bracket=0.32 breakout=2.08 top_score=2.08 threshold=0.25 winner=NONE allow=0 cooldown=0 reason=high_risk_no_trade
[TICK] EURUSD 1.15/1.15
[TICK] NZDUSD 0.57/0.57
[SUPERVISOR-XAUUSD] regime=QUIET_COMPRESSION conf=0.43 bracket=0.56 breakout=2.14 top_score=2.14 threshold=0.25 winner=BRACKET allow=1 cooldown=0 reason=valid_signal
[TICK] BRENT 107.98/108.11
[SUPERVISOR-XAUUSD] regime=EXPANSION_BREAKOUT conf=1.77 bracket=0.32 breakout=2.02 top_score=2.02 threshold=0.25 winner=BREAKOUT allow=1 cooldown=0 reason=valid_signal
[GOLD-BRK-DIAG] phase=IDLE can_enter=0 spread_ok=1 freq_ok=1 bracket_open=0 stack_open=0 in_dead_zone=0 london_noise=0 in_asia=0 asia_ok=1 drift=0.60 l2_imb=0.500 can_arm=0 trend_bias=0 trend_blocked=0 pyramid_ok=0 impulse_block=0 cd_bypass=0 pyr_sl_age_s=1774857176 brk_hi=0.00 brk_lo=0.00 range=0.00 session_slot=1
[SUPERVISOR-XAUUSD] regime=QUIET_COMPRESSION conf=0.43 bracket=0.56 breakout=2.52 top_score=2.52 threshold=0.25 winner=BRACKET allow=1 cooldown=0 reason=valid_signal
[SUPERVISOR-XAUUSD] regime=EXPANSION_BREAKOUT conf=2.10 bracket=0.32 breakout=2.38 top_score=2.38 threshold=0.25 winner=BREAKOUT allow=1 cooldown=0 reason=valid_signal
[SUPERVISOR-XAUUSD] regime=EXPANSION_BREAKOUT conf=1.51 bracket=0.32 breakout=2.45 top_score=2.45 threshold=0.25 winner=NONE allow=0 cooldown=0 reason=high_risk_no_trade
[GOLD-BRK-DIAG] phase=IDLE can_enter=0 spread_ok=1 freq_ok=1 bracket_open=0 stack_open=0 in_dead_zone=0 london_noise=0 in_asia=0 asia_ok=1 drift=0.63 l2_imb=0.500 can_arm=0 trend_bias=0 trend_blocked=0 pyramid_ok=0 impulse_block=0 cd_bypass=0 pyr_sl_age_s=1774857186 brk_hi=0.00 brk_lo=0.00 range=0.00 session_slot=1
[SUPERVISOR-XAUUSD] regime=EXPANSION_BREAKOUT conf=2.15 bracket=0.32 breakout=2.39 top_score=2.39 threshold=0.25 winner=BREAKOUT allow=1 cooldown=0 reason=valid_signal
[SUPERVISOR-XAUUSD] regime=QUIET_COMPRESSION conf=0.43 bracket=0.56 breakout=0.81 top_score=0.81 threshold=0.25 winner=BRACKET allow=1 cooldown=0 reason=valid_signal
[OMEGA-DIAG] PnL=0.00 T=0 WR=0.00% RTTp95=5.88ms cap=120.00ms lat_ok=1 session=ACTIVE
[OMEGA-DIAG] SP phase=0 recent=0.00% base=0.00% ratio=0.00
[OMEGA-DIAG] NQ phase=0 recent=0.00% base=0.00% ratio=0.00
[OMEGA-DIAG] CL phase=0 recent=0.00% base=0.00% ratio=0.00
[GOLD-DIAG] regime=COMPRESSION vwap=4525.69 vol_range=0.00
[TICK] XAUUSD 4525.83/4526.05
[SUPERVISOR-XAUUSD] regime=EXPANSION_BREAKOUT conf=0.74 bracket=0.33 breakout=0.91 top_score=0.91 threshold=0.25 winner=BREAKOUT allow=1 cooldown=0 reason=valid_signal
[TICK] NAS100 23220.25/23221.45
[TICK] UK100 10000.40/10004.50
[TICK] GER40 22271.30/22273.00
[TICK] USTEC.F 23402.94/23405.65
[TICK] US500.F 6435.22/6436.03
[TICK] ESTX50 5506.40/5507.90
[TICK] USDJPY 159.69/159.70
[TICK] GBPUSD 1.32/1.32
[TICK] AUDUSD 0.69/0.69
[GOLD-BRK-DIAG] phase=IDLE can_enter=0 spread_ok=1 freq_ok=1 bracket_open=0 stack_open=0 in_dead_zone=0 london_noise=0 in_asia=0 asia_ok=1 drift=0.69 l2_imb=0.500 can_arm=0 trend_bias=0 trend_blocked=0 pyramid_ok=0 impulse_block=0 cd_bypass=0 pyr_sl_age_s=1774857196 brk_hi=0.00 brk_lo=0.00 range=0.00 session_slot=1
[TICK] USOIL.F 101.76/101.82
[SUPERVISOR-XAUUSD] regime=EXPANSION_BREAKOUT conf=0.54 bracket=0.33 breakout=0.90 top_score=0.90 threshold=0.25 winner=NONE allow=0 cooldown=0 reason=high_risk_no_trade
[SUPERVISOR-XAUUSD] regime=QUIET_COMPRESSION conf=0.46 bracket=0.58 breakout=0.48 top_score=0.58 threshold=0.25 winner=BRACKET allow=1 cooldown=0 reason=valid_signal
[TICK] XAGUSD 70.47/70.50
[TICK] DJ30.F 45572.10/45577.90
[TICK] NZDUSD 0.57/0.57
[GOLD-FLOW] EXIT LONG @ 4525.36 reason=SL_HIT pnl_raw=-0.37 pnl_usd=-36.50 mfe=0.42 stage=0 held=41.00s
[TRADE-COST] XAUUSD gross=$-36.50 slip_in=$5.50 slip_out=$5.50 net=$-50.50 exit=SL_HIT
[OMEGA-QUALITY] XAUUSD fast-loss streak=1/3
[TICK] NGAS.F 2.91/2.94
[TICK] EURUSD 1.15/1.15
[TICK] BRENT 108.00/108.11
[GOLD-BRK-DIAG] phase=IDLE can_enter=1 spread_ok=1 freq_ok=1 bracket_open=0 stack_open=0 in_dead_zone=0 london_noise=0 in_asia=0 asia_ok=1 drift=0.32 l2_imb=0.500 can_arm=1 trend_bias=0 trend_blocked=0 pyramid_ok=0 impulse_block=0 cd_bypass=0 pyr_sl_age_s=1774857207 brk_hi=0.00 brk_lo=0.00 range=0.00 session_slot=1
[SUPERVISOR-XAUUSD] regime=QUIET_COMPRESSION conf=0.64 bracket=0.61 breakout=0.27 top_score=0.61 threshold=0.25 winner=NONE allow=0 cooldown=0 reason=high_risk_no_trade
[TICK] DX.F 100.02/100.12
[SUPERVISOR-XAUUSD] regime=QUIET_COMPRESSION conf=0.43 bracket=0.56 breakout=0.97 top_score=0.97 threshold=0.25 winner=BRACKET allow=1 cooldown=0 reason=valid_signal
[GOLD-BRK-DIAG] phase=IDLE can_enter=1 spread_ok=1 freq_ok=1 bracket_open=0 stack_open=0 in_dead_zone=0 london_noise=0 in_asia=0 asia_ok=1 drift=-0.04 l2_imb=0.500 can_arm=1 trend_bias=0 trend_blocked=0 pyramid_ok=0 impulse_block=0 cd_bypass=0 pyr_sl_age_s=1774857217 brk_hi=0.00 brk_lo=0.00 range=0.00 session_slot=1
[CTRADER-STATUS] events_total=1978 this_min=1978 symbols=19
[CTRADER-EVTS] XAUUSD=233
[TICK] XAUUSD 4525.50/4525.72
[TICK] AUDUSD 0.69/0.69
[TICK] NAS100 23217.55/23218.75
[TICK] GER40 22264.85/22266.55
[TICK] UK100 9999.50/10003.50
[TICK] USTEC.F 23399.57/23402.28
[TICK] ESTX50 5504.80/5506.20
[TICK] USDJPY 159.68/159.69
[TICK] GBPUSD 1.32/1.33
[TICK] USOIL.F 101.77/101.83
[TICK] US500.F 6434.09/6434.90
[GOLD-BRK-DIAG] phase=IDLE can_enter=1 spread_ok=1 freq_ok=1 bracket_open=0 stack_open=0 in_dead_zone=0 london_noise=0 in_asia=0 asia_ok=1 drift=0.09 l2_imb=0.500 can_arm=1 trend_bias=0 trend_blocked=0 pyramid_ok=0 impulse_block=0 cd_bypass=0 pyr_sl_age_s=1774857227 brk_hi=0.00 brk_lo=0.00 range=0.00 session_slot=1
[TICK] XAGUSD 70.45/70.48
[TICK] DJ30.F 45562.10/45567.90
[SUPERVISOR-XAUUSD] regime=QUIET_COMPRESSION conf=0.61 bracket=0.56 breakout=0.78 top_score=0.78 threshold=0.25 winner=NONE allow=0 cooldown=0 reason=high_risk_no_trade
[TICK] NZDUSD 0.57/0.57
[SUPERVISOR-XAUUSD] regime=EXPANSION_BREAKOUT conf=0.71 bracket=0.32 breakout=0.87 top_score=0.87 threshold=0.25 winner=BREAKOUT allow=1 cooldown=0 reason=valid_signal
[TICK] EURUSD 1.15/1.15
[SUPERVISOR-XAUUSD] regime=EXPANSION_BREAKOUT conf=0.71 bracket=0.32 breakout=1.21 top_score=1.21 threshold=0.25 winner=NONE allow=0 cooldown=0 reason=high_risk_no_trade
[TICK] BRENT 108.00/108.14
[GOLD-BRK-DIAG] phase=IDLE can_enter=1 spread_ok=1 freq_ok=1 bracket_open=0 stack_open=0 in_dead_zone=0 london_noise=0 in_asia=0 asia_ok=1 drift=-0.11 l2_imb=0.500 can_arm=1 trend_bias=0 trend_blocked=0 pyramid_ok=0 impulse_block=0 cd_bypass=0 pyr_sl_age_s=1774857237 brk_hi=0.00 brk_lo=0.00 range=0.00 session_slot=1
[SUPERVISOR-XAUUSD] regime=EXPANSION_BREAKOUT conf=0.47 bracket=0.33 breakout=0.61 top_score=0.61 threshold=0.25 winner=BREAKOUT allow=1 cooldown=0 reason=valid_signal
[TICK] DX.F 100.01/100.11
[SUPERVISOR-XAUUSD] regime=QUIET_COMPRESSION conf=0.47 bracket=0.59 breakout=0.34 top_score=0.59 threshold=0.25 winner=BRACKET allow=1 cooldown=0 reason=valid_signal
[SUPERVISOR-XAUUSD] regime=TREND_CONTINUATION conf=2.64 bracket=0.95 breakout=2.12 top_score=2.12 threshold=0.25 winner=BREAKOUT allow=1 cooldown=0 reason=valid_signal
[GOLD-BRK-DIAG] phase=IDLE can_enter=1 spread_ok=1 freq_ok=1 bracket_open=0 stack_open=0 in_dead_zone=0 london_noise=0 in_asia=0 asia_ok=1 drift=-0.42 l2_imb=0.500 can_arm=1 trend_bias=0 trend_blocked=0 pyramid_ok=0 impulse_block=0 cd_bypass=0 pyr_sl_age_s=1774857247 brk_hi=0.00 brk_lo=0.00 range=0.00 session_slot=1
[GOLD-FLOW] ENTRY SHORT @ 4523.84 sl=4524.50 sl_pts=0.66 (atr=0.50 spread_floor=0.66) size=0.50 spread=0.22 session=1
[OMEGA-DIAG] PnL=-50.50 T=1 WR=0.00% RTTp95=8.18ms cap=120.00ms lat_ok=1 session=ACTIVE
[OMEGA-DIAG] SP phase=0 recent=0.00% base=0.00% ratio=0.00
[OMEGA-DIAG] NQ phase=0 recent=0.00% base=0.00% ratio=0.00
[OMEGA-DIAG] CL phase=0 recent=0.00% base=0.00% ratio=0.00
[GOLD-DIAG] regime=COMPRESSION vwap=4525.46 vol_range=1.42
[OMEGA-PERF] GOLD_STACK liveT=1 livePnL=-50.50 WR=0.0% shadowT=0 shadowPnL=0.00 disabled=0
[TICK] XAUUSD 4523.68/4523.90
[TICK] GER40 22258.30/22262.80
[TICK] USTEC.F 23396.94/23399.65
[TICK] NAS100 23215.05/23216.25
[TICK] ESTX50 5503.60/5505.10
[TICK] UK100 9996.70/9997.70
[TICK] AUDUSD 0.69/0.69
[TICK] GBPUSD 1.32/1.33
[GOLD-BRK-DIAG] phase=IDLE can_enter=0 spread_ok=1 freq_ok=1 bracket_open=0 stack_open=0 in_dead_zone=0 london_noise=0 in_asia=0 asia_ok=1 drift=-1.13 l2_imb=0.500 can_arm=0 trend_bias=0 trend_blocked=0 pyramid_ok=0 impulse_block=0 cd_bypass=0 pyr_sl_age_s=1774857257 brk_hi=0.00 brk_lo=0.00 range=0.00 session_slot=1
[TICK] US500.F 6433.72/6434.53
[TICK] USOIL.F 101.68/101.75
[TICK] XAGUSD 70.41/70.44
[TICK] USDJPY 159.66/159.68
[TICK] DJ30.F 45560.10/45565.90
[TICK] NZDUSD 0.57/0.57
[SUPERVISOR-XAUUSD] regime=EXPANSION_BREAKOUT conf=2.68 bracket=0.32 breakout=2.93 top_score=2.93 threshold=0.25 winner=BREAKOUT allow=1 cooldown=0 reason=valid_signal
[SUPERVISOR-XAUUSD] regime=TREND_CONTINUATION conf=2.63 bracket=0.86 breakout=2.05 top_score=2.05 threshold=0.25 winner=BREAKOUT allow=1 cooldown=0 reason=valid_signal
[TICK] EURUSD 1.15/1.15
[GOLD-BRK-DIAG] phase=IDLE can_enter=0 spread_ok=1 freq_ok=1 bracket_open=0 stack_open=0 in_dead_zone=0 london_noise=0 in_asia=0 asia_ok=1 drift=-0.82 l2_imb=0.500 can_arm=0 trend_bias=0 trend_blocked=0 pyramid_ok=0 impulse_block=0 cd_bypass=0 pyr_sl_age_s=1774857267 brk_hi=0.00 brk_lo=0.00 range=0.00 session_slot=1
[SUPERVISOR-XAUUSD] regime=EXPANSION_BREAKOUT conf=1.82 bracket=0.32 breakout=2.02 top_score=2.02 threshold=0.25 winner=BREAKOUT allow=1 cooldown=0 reason=valid_signal
[TICK] BRENT 107.94/108.06
[SUPERVISOR-XAUUSD] regime=TREND_CONTINUATION conf=1.91 bracket=0.95 breakout=1.64 top_score=1.64 threshold=0.25 winner=BREAKOUT allow=1 cooldown=0 reason=valid_signal
[TICK] NGAS.F 2.91/2.94
[SUPERVISOR-XAUUSD] regime=EXPANSION_BREAKOUT conf=1.69 bracket=0.32 breakout=1.89 top_score=1.89 threshold=0.25 winner=BREAKOUT allow=1 cooldown=0 reason=valid_signal
[GOLD-FLOW] EXIT SHORT @ 4524.60 reason=SL_HIT pnl_raw=-0.33 pnl_usd=-33.44 mfe=0.41 stage=0 held=22.00s
[TRADE-COST] XAUUSD gross=$-33.44 slip_in=$4.84 slip_out=$4.84 net=$-45.76 exit=SL_HIT
[OMEGA-QUALITY] XAUUSD fast-loss streak=2/3
[TICK] DX.F 99.99/100.09
[SUPERVISOR-XAUUSD] regime=EXPANSION_BREAKOUT conf=0.61 bracket=0.32 breakout=1.75 top_score=1.75 threshold=0.25 winner=NONE allow=0 cooldown=0 reason=chop_detected
[GOLD-BRK-DIAG] phase=IDLE can_enter=1 spread_ok=1 freq_ok=1 bracket_open=0 stack_open=0 in_dead_zone=0 london_noise=0 in_asia=0 asia_ok=1 drift=-0.39 l2_imb=0.500 can_arm=1 trend_bias=0 trend_blocked=0 pyramid_ok=0 impulse_block=0 cd_bypass=0 pyr_sl_age_s=1774857277 brk_hi=0.00 brk_lo=0.00 range=0.00 session_slot=1
[TICK] VIX.F 27.68/28.06
[CTRADER-STATUS] events_total=4349 this_min=2371 symbols=19
[CTRADER-EVTS] XAUUSD=272
[TICK] XAUUSD 4525.46/4525.68
[TICK] USTEC.F 23402.07/23404.78
[TICK] NAS100 23219.55/23220.75
[TICK] GER40 22277.20/22278.90
[TICK] UK100 10003.50/10004.50
[TICK] AUDUSD 0.69/0.69
[TICK] ESTX50 5507.60/5509.10
[GOLD-BRK-DIAG] phase=IDLE can_enter=1 spread_ok=1 freq_ok=1 bracket_open=0 stack_open=0 in_dead_zone=0 london_noise=0 in_asia=0 asia_ok=1 drift=0.36 l2_imb=0.500 can_arm=1 trend_bias=0 trend_blocked=0 pyramid_ok=0 impulse_block=0 cd_bypass=0 pyr_sl_age_s=1774857287 brk_hi=0.00 brk_lo=0.00 range=0.00 session_slot=1
[TICK] US500.F 6435.09/6435.90
[SUPERVISOR-XAUUSD] regime=EXPANSION_BREAKOUT conf=1.35 bracket=0.32 breakout=1.57 top_score=1.57 threshold=0.25 winner=BREAKOUT allow=1 cooldown=0 reason=valid_signal
[TICK] GBPUSD 1.33/1.33
[TICK] XAGUSD 70.43/70.46
[SUPERVISOR-XAUUSD] regime=EXPANSION_BREAKOUT conf=0.61 bracket=0.32 breakout=1.67 top_score=1.67 threshold=0.25 winner=NONE allow=0 cooldown=0 reason=chop_detected
[TICK] USDJPY 159.66/159.68
[TICK] USOIL.F 101.63/101.69
[TICK] DJ30.F 45569.60/45575.40
[TICK] NZDUSD 0.57/0.57
[TICK] EURUSD 1.15/1.15
[GOLD-BRK-DIAG] phase=IDLE can_enter=1 spread_ok=1 freq_ok=1 bracket_open=0 stack_open=0 in_dead_zone=0 london_noise=0 in_asia=0 asia_ok=1 drift=0.24 l2_imb=0.500 can_arm=1 trend_bias=0 trend_blocked=0 pyramid_ok=0 impulse_block=0 cd_bypass=0 pyr_sl_age_s=1774857298 brk_hi=0.00 brk_lo=0.00 range=0.00 session_slot=1
[SUPERVISOR-XAUUSD] regime=EXPANSION_BREAKOUT conf=1.34 bracket=0.32 breakout=1.56 top_score=1.56 threshold=0.25 winner=BREAKOUT allow=1 cooldown=0 reason=valid_signal
[SUPERVISOR-XAUUSD] regime=EXPANSION_BREAKOUT conf=0.61 bracket=0.32 breakout=1.54 top_score=1.54 threshold=0.25 winner=NONE allow=0 cooldown=0 reason=chop_detected
[TICK] NGAS.F 2.91/2.94
[TICK] DX.F 100.01/100.11
[TICK] BRENT 107.92/108.03
[SUPERVISOR-XAUUSD] regime=EXPANSION_BREAKOUT conf=1.21 bracket=0.32 breakout=1.41 top_score=1.41 threshold=0.25 winner=BREAKOUT allow=1 cooldown=0 reason=valid_signal
[SUPERVISOR-XAUUSD] regime=EXPANSION_BREAKOUT conf=0.61 bracket=0.32 breakout=1.41 top_score=1.41 threshold=0.25 winner=NONE allow=0 cooldown=0 reason=chop_detected
[GOLD-BRK-DIAG] phase=IDLE can_enter=1 spread_ok=1 freq_ok=1 bracket_open=0 stack_open=0 in_dead_zone=0 london_noise=0 in_asia=0 asia_ok=1 drift=0.24 l2_imb=0.500 can_arm=1 trend_bias=0 trend_blocked=0 pyramid_ok=0 impulse_block=0 cd_bypass=0 pyr_sl_age_s=1774857308 brk_hi=0.00 brk_lo=0.00 range=0.00 session_slot=1
[SUPERVISOR-XAUUSD] regime=QUIET_COMPRESSION conf=0.50 bracket=0.62 breakout=0.23 top_score=0.62 threshold=0.25 winner=BRACKET allow=1 cooldown=0 reason=valid_signal
[SUPERVISOR-XAUUSD] regime=QUIET_COMPRESSION conf=0.61 bracket=0.62 breakout=0.32 top_score=0.62 threshold=0.25 winner=NONE allow=0 cooldown=0 reason=chop_detected
[GOLD-FLOW] ENTRY LONG @ 4526.62 sl=4525.96 sl_pts=0.66 (atr=0.50 spread_floor=0.66) size=0.50 spread=0.22 session=1
[SUPERVISOR-XAUUSD] regime=EXPANSION_BREAKOUT conf=0.82 bracket=0.33 breakout=0.88 top_score=0.88 threshold=0.25 winner=BREAKOUT allow=1 cooldown=0 reason=valid_signal
[OMEGA-DIAG] PnL=-96.26 T=2 WR=0.00% RTTp95=9.00ms cap=120.00ms lat_ok=1 session=ACTIVE
[OMEGA-DIAG] SP phase=0 recent=0.00% base=0.00% ratio=0.00
[OMEGA-DIAG] NQ phase=0 recent=0.00% base=0.00% ratio=0.00
[OMEGA-DIAG] CL phase=0 recent=0.00% base=0.00% ratio=0.00
[GOLD-DIAG] regime=COMPRESSION vwap=4525.25 vol_range=2.15
[OMEGA-PERF] GOLD_STACK liveT=2 livePnL=-96.26 WR=0.0% shadowT=0 shadowPnL=0.00 disabled=0
[TICK] XAUUSD 4526.41/4526.63
[TICK] USTEC.F 23403.32/23406.03
[GOLD-FLOW] PARTIAL-EXIT 1R LONG @ 4527.05 partial_size=0.14 remaining=0.14 pnl_pts=0.43 pnl_usd=6.24
[TRADE-COST] XAUUSD gross=$6.24 slip_in=$1.60 slip_out=$1.60 net=$2.18 exit=PARTIAL_1R
[GOLD-FLOW] TRAIL-STAGE1 BE move=0.54 atr=0.50
[TICK] NAS100 23220.75/23221.95
[SUPERVISOR-XAUUSD] regime=TREND_CONTINUATION conf=1.72 bracket=0.95 breakout=1.52 top_score=1.52 threshold=0.25 winner=BREAKOUT allow=1 cooldown=0 reason=valid_signal
[TICK] GER40 22275.00/22276.70
[TICK] AUDUSD 0.69/0.69
[TICK] ESTX50 5507.20/5508.60
[TICK] UK100 10001.60/10006.00
[TICK] US500.F 6435.34/6436.15
[GOLD-BRK-DIAG] phase=IDLE can_enter=0 spread_ok=1 freq_ok=1 bracket_open=0 stack_open=0 in_dead_zone=0 london_noise=0 in_asia=0 asia_ok=1 drift=1.26 l2_imb=0.500 can_arm=0 trend_bias=0 trend_blocked=0 pyramid_ok=0 impulse_block=0 cd_bypass=0 pyr_sl_age_s=1774857318 brk_hi=0.00 brk_lo=0.00 range=0.00 session_slot=1
[TICK] XAGUSD 70.44/70.48
[TICK] USDJPY 159.70/159.72
[TICK] GBPUSD 1.32/1.33
[TICK] USOIL.F 101.63/101.69
[TICK] DJ30.F 45569.60/45575.40
[TICK] NZDUSD 0.57/0.57
[TICK] EURUSD 1.15/1.15
[GOLD-BRK-DIAG] phase=IDLE can_enter=0 spread_ok=1 freq_ok=1 bracket_open=0 stack_open=0 in_dead_zone=0 london_noise=0 in_asia=0 asia_ok=1 drift=1.43 l2_imb=0.500 can_arm=0 trend_bias=0 trend_blocked=0 pyramid_ok=0 impulse_block=0 cd_bypass=0 pyr_sl_age_s=1774857328 brk_hi=0.00 brk_lo=0.00 range=0.00 session_slot=1
[TICK] VIX.F 27.63/28.01
[GOLD-FLOW] EXIT LONG @ 4526.61 reason=BE_HIT pnl_raw=-0.00 pnl_usd=-0.15 mfe=0.73 stage=1 held=21.00s
[TRADE-COST] XAUUSD gross=$-0.15 slip_in=$1.60 slip_out=$1.60 net=$-4.21 exit=BE_HIT
[TICK] DX.F 100.01/100.11
[GOLD-BRK-DIAG] phase=IDLE can_enter=1 spread_ok=1 freq_ok=1 bracket_open=0 stack_open=0 in_dead_zone=0 london_noise=0 in_asia=0 asia_ok=1 drift=1.18 l2_imb=0.500 can_arm=1 trend_bias=0 trend_blocked=0 pyramid_ok=0 impulse_block=0 cd_bypass=0 pyr_sl_age_s=1774857338 brk_hi=0.00 brk_lo=0.00 range=0.00 session_slot=1
[SUPERVISOR-XAUUSD] regime=EXPANSION_BREAKOUT conf=1.52 bracket=0.32 breakout=1.63 top_score=1.63 threshold=0.25 winner=BREAKOUT allow=1 cooldown=0 reason=valid_signal
[TICK] BRENT 107.97/108.09
[TICK] NGAS.F 2.91/2.94
[SUPERVISOR-XAUUSD] regime=QUIET_COMPRESSION conf=0.60 bracket=0.70 breakout=0.38 top_score=0.70 threshold=0.25 winner=BRACKET allow=1 cooldown=0 reason=valid_signal
[CTRADER-STATUS] events_total=6610 this_min=2261 symbols=19
[CTRADER-EVTS] XAUUSD=263
[TICK] XAUUSD 4526.79/4527.01
[TICK] USTEC.F 23405.32/23408.03
[TICK] NAS100 23222.55/23223.75
[TICK] AUDUSD 0.69/0.69
[TICK] GER40 22278.25/22279.95
[TICK] ESTX50 5508.60/5510.10
[TICK] UK100 10002.60/10007.50
[GOLD-BRK-DIAG] phase=IDLE can_enter=1 spread_ok=1 freq_ok=1 bracket_open=0 stack_open=0 in_dead_zone=0 london_noise=0 in_asia=0 asia_ok=1 drift=0.91 l2_imb=0.500 can_arm=1 trend_bias=0 trend_blocked=0 pyramid_ok=0 impulse_block=0 cd_bypass=0 pyr_sl_age_s=1774857348 brk_hi=0.00 brk_lo=0.00 range=0.00 session_slot=1
[TICK] US500.F 6435.97/6436.78
[TICK] XAGUSD 70.45/70.48
[TICK] GBPUSD 1.32/1.32
[TICK] USDJPY 159.71/159.73
[TICK] USOIL.F 101.70/101.77
[TICK] DJ30.F 45573.10/45578.90
[TICK] EURUSD 1.15/1.15
[TICK] NZDUSD 0.57/0.57
[GOLD-BRK-DIAG] phase=IDLE can_enter=1 spread_ok=1 freq_ok=1 bracket_open=0 stack_open=0 in_dead_zone=0 london_noise=0 in_asia=0 asia_ok=1 drift=1.18 l2_imb=0.525 can_arm=1 trend_bias=0 trend_blocked=0 pyramid_ok=0 impulse_block=0 cd_bypass=0 pyr_sl_age_s=1774857359 brk_hi=0.00 brk_lo=0.00 range=0.00 session_slot=1
[TICK] DX.F 100.01/100.11
[GOLD-BRK-DIAG] phase=IDLE can_enter=1 spread_ok=1 freq_ok=1 bracket_open=0 stack_open=0 in_dead_zone=0 london_noise=0 in_asia=0 asia_ok=1 drift=1.19 l2_imb=0.500 can_arm=1 trend_bias=0 trend_blocked=0 pyramid_ok=0 impulse_block=0 cd_bypass=0 pyr_sl_age_s=1774857369 brk_hi=0.00 brk_lo=0.00 range=0.00 session_slot=1
[GOLD-FLOW] ENTRY LONG @ 4527.93 sl=4527.27 sl_pts=0.66 (atr=0.50 spread_floor=0.66) size=0.50 spread=0.22 session=1
[TICK] BRENT 107.97/108.08
[GOLD-FLOW] EXIT LONG @ 4525.78 reason=SL_HIT pnl_raw=-0.84 pnl_usd=-83.85 mfe=0.00 stage=0 held=3.00s
[TRADE-COST] XAUUSD gross=$-83.85 slip_in=$4.29 slip_out=$4.29 net=$-94.77 exit=SL_HIT
[OMEGA-QUALITY] XAUUSD fast-loss streak=1/3
[SUPERVISOR-XAUUSD] regime=QUIET_COMPRESSION conf=0.61 bracket=0.63 breakout=0.02 top_score=0.63 threshold=0.25 winner=NONE allow=0 cooldown=0 reason=chop_detected
[OMEGA-DIAG] PnL=-193.06 T=5 WR=20.00% RTTp95=8.18ms cap=120.00ms lat_ok=1 session=ACTIVE
[OMEGA-DIAG] SP phase=0 recent=0.00% base=0.00% ratio=0.00
[OMEGA-DIAG] NQ phase=0 recent=0.00% base=0.00% ratio=0.00
[OMEGA-DIAG] CL phase=0 recent=0.00% base=0.00% ratio=0.00
[GOLD-DIAG] regime=COMPRESSION vwap=4525.76 vol_range=3.26
[OMEGA-PERF] GOLD_STACK liveT=5 livePnL=-193.06 WR=20.0% shadowT=0 shadowPnL=0.00 disabled=0
[TICK] XAUUSD 4526.28/4526.50
[TICK] VIX.F 27.60/27.99
[TICK] USTEC.F 23404.57/23407.28
[TICK] NAS100 23221.25/23222.45
[TICK] AUDUSD 0.69/0.69
[TICK] GER40 22279.15/22280.85
[TICK] ESTX50 5508.30/5509.80
[TICK] UK100 10007.00/10008.00
[TICK] US500.F 6436.47/6437.28
[GOLD-BRK-DIAG] phase=IDLE can_enter=1 spread_ok=1 freq_ok=1 bracket_open=0 stack_open=0 in_dead_zone=0 london_noise=0 in_asia=0 asia_ok=1 drift=0.32 l2_imb=0.500 can_arm=1 trend_bias=0 trend_blocked=0 pyramid_ok=0 impulse_block=0 cd_bypass=0 pyr_sl_age_s=1774857379 brk_hi=0.00 brk_lo=0.00 range=0.00 session_slot=1
[TICK] XAGUSD 70.49/70.52
[SUPERVISOR-XAUUSD] regime=QUIET_COMPRESSION conf=0.48 bracket=0.60 breakout=0.23 top_score=0.60 threshold=0.25 winner=BRACKET allow=1 cooldown=0 reason=valid_signal
[TICK] USDJPY 159.71/159.72
[TICK] GBPUSD 1.32/1.32
[TICK] USOIL.F 101.68/101.75
[SUPERVISOR-XAUUSD] regime=QUIET_COMPRESSION conf=0.61 bracket=0.61 breakout=0.40 top_score=0.61 threshold=0.25 winner=NONE allow=0 cooldown=0 reason=chop_detected
[TICK] DJ30.F 45575.60/45581.40
[TICK] EURUSD 1.15/1.15
[TICK] NZDUSD 0.57/0.57
[SUPERVISOR-XAUUSD] regime=QUIET_COMPRESSION conf=0.48 bracket=0.60 breakout=0.40 top_score=0.60 threshold=0.25 winner=BRACKET allow=1 cooldown=0 reason=valid_signal
[GOLD-BRK-DIAG] phase=IDLE can_enter=1 spread_ok=1 freq_ok=1 bracket_open=0 stack_open=0 in_dead_zone=0 london_noise=0 in_asia=0 asia_ok=1 drift=0.88 l2_imb=0.500 can_arm=1 trend_bias=0 trend_blocked=0 pyramid_ok=0 impulse_block=0 cd_bypass=0 pyr_sl_age_s=1774857389 brk_hi=0.00 brk_lo=0.00 range=0.00 session_slot=1
[TICK] NGAS.F 2.92/2.94
[GOLD-BRK-DIAG] phase=IDLE can_enter=1 spread_ok=1 freq_ok=1 bracket_open=0 stack_open=0 in_dead_zone=0 london_noise=0 in_asia=0 asia_ok=1 drift=0.54 l2_imb=0.500 can_arm=1 trend_bias=0 trend_blocked=0 pyramid_ok=0 impulse_block=0 cd_bypass=0 pyr_sl_age_s=1774857399 brk_hi=0.00 brk_lo=0.00 range=0.00 session_slot=1
[TICK] BRENT 108.03/108.16
[TICK] DX.F 100.02/100.12
[CTRADER-STATUS] events_total=8723 this_min=2113 symbols=19
[CTRADER-EVTS] XAUUSD=266
[TICK] XAUUSD 4526.92/4527.13
[TICK] USTEC.F 23401.82/23404.53
[TICK] GER40 22276.55/22278.25
[TICK] NAS100 23219.30/23220.50
[TICK] ESTX50 5508.30/5509.80
[TICK] UK100 10006.30/10007.30
[TICK] AUDUSD 0.69/0.69
[TICK] US500.F 6434.97/6435.78
[GOLD-BRK-DIAG] phase=IDLE can_enter=1 spread_ok=1 freq_ok=1 bracket_open=0 stack_open=0 in_dead_zone=0 london_noise=0 in_asia=0 asia_ok=1 drift=0.23 l2_imb=0.500 can_arm=1 trend_bias=0 trend_blocked=0 pyramid_ok=0 impulse_block=0 cd_bypass=0 pyr_sl_age_s=1774857410 brk_hi=0.00 brk_lo=0.00 range=0.00 session_slot=1
[TICK] XAGUSD 70.47/70.50
[TICK] GBPUSD 1.32/1.32
[TICK] USDJPY 159.74/159.75
[TICK] VIX.F 27.58/27.96
[TICK] DJ30.F 45570.10/45575.90
[TICK] USOIL.F 101.79/101.85
[TICK] NZDUSD 0.57/0.57
[GOLD-FLOW] ENTRY LONG @ 4527.71 sl=4527.05 sl_pts=0.66 (atr=0.50 spread_floor=0.66) size=0.50 spread=0.22 session=1
[GOLD-BRK-DIAG] phase=IDLE can_enter=0 spread_ok=1 freq_ok=1 bracket_open=0 stack_open=0 in_dead_zone=0 london_noise=0 in_asia=0 asia_ok=1 drift=0.51 l2_imb=0.500 can_arm=0 trend_bias=0 trend_blocked=0 pyramid_ok=0 impulse_block=0 cd_bypass=0 pyr_sl_age_s=1774857420 brk_hi=0.00 brk_lo=0.00 range=0.00 session_slot=1
[TICK] EURUSD 1.15/1.15
[TICK] NGAS.F 2.91/2.94
[GOLD-BRK-DIAG] phase=IDLE can_enter=0 spread_ok=1 freq_ok=1 bracket_open=0 stack_open=0 in_dead_zone=0 london_noise=0 in_asia=0 asia_ok=1 drift=0.57 l2_imb=0.500 can_arm=0 trend_bias=0 trend_blocked=0 pyramid_ok=0 impulse_block=0 cd_bypass=0 pyr_sl_age_s=1774857430 brk_hi=0.00 brk_lo=0.00 range=0.00 session_slot=1
[TICK] BRENT 108.14/108.25
[OMEGA-DIAG] PnL=-193.06 T=5 WR=20% RTTp95=8.181ms cap=120ms lat_ok=1 session=ACTIVE
[OMEGA-DIAG] SP phase=0 recent=0% base=0% ratio=0
[OMEGA-DIAG] NQ phase=0 recent=0% base=0% ratio=0
[OMEGA-DIAG] CL phase=0 recent=0% base=0% ratio=0
[GOLD-DIAG] regime=COMPRESSION vwap=4526.08 vol_range=3.26
[OMEGA-PERF] GOLD_STACK liveT=5 livePnL=-193.06 WR=20.0% shadowT=0 shadowPnL=0.00 disabled=0
[TICK] XAUUSD 4527.66/4527.88
[TICK] USTEC.F 23396.19/23398.90
[GOLD-FLOW] EXIT LONG @ 4526.90 reason=SL_HIT pnl_raw=-0.17 pnl_usd=-17.01 mfe=0.22 stage=0 held=18.00s
[TRADE-COST] XAUUSD gross=$-17.01 slip_in=$2.31 slip_out=$2.31 net=$-22.89 exit=SL_HIT
[OMEGA-QUALITY] XAUUSD fast-loss streak=2/3
[TICK] GER40 22267.70/22269.40
[SUPERVISOR-XAUUSD] regime=QUIET_COMPRESSION conf=1.00 bracket=0.78 breakout=0.26 top_score=0.78 threshold=0.25 winner=NONE allow=0 cooldown=0 reason=chop_detected
[TICK] NAS100 23214.05/23215.25
[TICK] AUDUSD 0.68/0.69
[TICK] ESTX50 5507.30/5508.70
[TICK] UK100 10003.20/10004.20
[TICK] US500.F 6434.47/6435.28
[TICK] XAGUSD 70.46/70.49
[GOLD-BRK-DIAG] phase=IDLE can_enter=0 spread_ok=1 freq_ok=1 bracket_open=0 stack_open=0 in_dead_zone=0 london_noise=0 in_asia=0 asia_ok=1 drift=0.45 l2_imb=0.500 can_arm=0 trend_bias=0 trend_blocked=0 pyramid_ok=0 impulse_block=0 cd_bypass=0 pyr_sl_age_s=1774857440 brk_hi=0.00 brk_lo=0.00 range=0.00 session_slot=1
[TICK] GBPUSD 1.32/1.32
[TICK] USDJPY 159.74/159.75
[TICK] DJ30.F 45565.10/45570.90
[TICK] USOIL.F 101.87/101.93
[TICK] DX.F 100.02/100.12
[TICK] NZDUSD 0.57/0.57
[GOLD-BRK-DIAG] phase=IDLE can_enter=0 spread_ok=1 freq_ok=1 bracket_open=0 stack_open=0 in_dead_zone=0 london_noise=0 in_asia=0 asia_ok=1 drift=0.28 l2_imb=0.500 can_arm=0 trend_bias=0 trend_blocked=0 pyramid_ok=0 impulse_block=0 cd_bypass=0 pyr_sl_age_s=1774857451 brk_hi=0.00 brk_lo=0.00 range=0.00 session_slot=1
[TICK] EURUSD 1.15/1.15
[GOLD-BRK-DIAG] phase=IDLE can_enter=0 spread_ok=1 freq_ok=1 bracket_open=0 stack_open=0 in_dead_zone=0 london_noise=0 in_asia=0 asia_ok=1 drift=0.28 l2_imb=0.500 can_arm=0 trend_bias=0 trend_blocked=0 pyramid_ok=0 impulse_block=0 cd_bypass=0 pyr_sl_age_s=1774857461 brk_hi=0.00 brk_lo=0.00 range=0.00 session_slot=1
[CTRADER-STATUS] events_total=10737 this_min=2014 symbols=19
[CTRADER-EVTS] XAUUSD=242
[TICK] XAUUSD 4527.79/4528.01
[TICK] BRENT 108.17/108.28
[TICK] USTEC.F 23395.82/23398.53
[TICK] GER40 22267.40/22269.10
[TICK] NAS100 23212.55/23213.75
[TICK] ESTX50 5507.50/5509.00
[TICK] UK100 10007.30/10009.00
[TICK] US500.F 6433.97/6434.78
[TICK] AUDUSD 0.69/0.69
[GOLD-BRK-DIAG] phase=IDLE can_enter=0 spread_ok=1 freq_ok=1 bracket_open=0 stack_open=0 in_dead_zone=0 london_noise=0 in_asia=0 asia_ok=1 drift=0.42 l2_imb=0.500 can_arm=0 trend_bias=0 trend_blocked=0 pyramid_ok=0 impulse_block=0 cd_bypass=0 pyr_sl_age_s=1774857471 brk_hi=0.00 brk_lo=0.00 range=0.00 session_slot=1
[TICK] XAGUSD 70.47/70.50
[TICK] NGAS.F 2.92/2.94
[TICK] GBPUSD 1.32/1.32
[TICK] USDJPY 159.75/159.76
[TICK] DJ30.F 45560.30/45568.60
[TICK] DX.F 100.03/100.13
[TICK] VIX.F 27.65/28.04
[TICK] USOIL.F 101.98/102.05
[TICK] NZDUSD 0.57/0.57
[GOLD-BRK-DIAG] phase=IDLE can_enter=0 spread_ok=1 freq_ok=1 bracket_open=0 stack_open=0 in_dead_zone=0 london_noise=0 in_asia=0 asia_ok=1 drift=-0.00 l2_imb=0.500 can_arm=0 trend_bias=0 trend_blocked=0 pyramid_ok=0 impulse_block=0 cd_bypass=0 pyr_sl_age_s=1774857481 brk_hi=0.00 brk_lo=0.00 range=0.00 session_slot=1
[TICK] EURUSD 1.15/1.15
[SUPERVISOR-XAUUSD] IN_COOLDOWN until +119s
[GOLD-BRK-DIAG] phase=IDLE can_enter=0 spread_ok=1 freq_ok=1 bracket_open=0 stack_open=0 in_dead_zone=0 london_noise=0 in_asia=0 asia_ok=1 drift=-0.53 l2_imb=0.500 can_arm=0 trend_bias=0 trend_blocked=0 pyramid_ok=0 impulse_block=0 cd_bypass=0 pyr_sl_age_s=1774857492 brk_hi=0.00 brk_lo=0.00 range=0.00 session_slot=1
[OMEGA-DIAG] PnL=-215.95 T=6 WR=16.67% RTTp95=7.97ms cap=120.00ms lat_ok=1 session=ACTIVE
[OMEGA-DIAG] SP phase=0 recent=0.00% base=0.00% ratio=0.00
[OMEGA-DIAG] NQ phase=0 recent=0.00% base=0.00% ratio=0.00
[OMEGA-DIAG] CL phase=0 recent=0.00% base=0.00% ratio=0.00
[GOLD-DIAG] regime=COMPRESSION vwap=4526.28 vol_range=3.26
[OMEGA-PERF] GOLD_STACK liveT=6 livePnL=-215.95 WR=16.7% shadowT=0 shadowPnL=0.00 disabled=0
[TICK] XAUUSD 4526.28/4526.50
[TICK] BRENT 108.22/108.33
[TICK] USTEC.F 23396.19/23398.90
[TICK] GER40 22261.40/22263.10
[TICK] NAS100 23213.65/23214.85
[TICK] ESTX50 5506.90/5508.40
[TICK] UK100 10004.20/10008.20
[TICK] AUDUSD 0.69/0.69
[TICK] US500.F 6434.34/6435.15
[GOLD-BRK-DIAG] phase=IDLE can_enter=0 spread_ok=1 freq_ok=1 bracket_open=0 stack_open=0 in_dead_zone=0 london_noise=0 in_asia=0 asia_ok=1 drift=-0.67 l2_imb=0.500 can_arm=0 trend_bias=0 trend_blocked=0 pyramid_ok=0 impulse_block=0 cd_bypass=0 pyr_sl_age_s=1774857502 brk_hi=0.00 brk_lo=0.00 range=0.00 session_slot=1
[TICK] XAGUSD 70.46/70.49
[TICK] GBPUSD 1.32/1.32
[TICK] DJ30.F 45564.10/45569.90
[TICK] USDJPY 159.75/159.76
[TICK] DX.F 100.02/100.12
[TICK] NZDUSD 0.57/0.57
[TICK] USOIL.F 101.87/101.94
[SUPERVISOR-XAUUSD] COOLDOWN EARLY EXIT fast_score=0.557589
[SUPERVISOR-XAUUSD] regime=QUIET_COMPRESSION conf=1.00 bracket=0.78 breakout=0.26 top_score=0.78 threshold=0.25 winner=NONE allow=0 cooldown=0 reason=chop_detected
[TICK] VIX.F 27.68/28.06
[GOLD-BRK-DIAG] phase=IDLE can_enter=0 spread_ok=1 freq_ok=1 bracket_open=0 stack_open=0 in_dead_zone=0 london_noise=0 in_asia=0 asia_ok=1 drift=-0.97 l2_imb=0.500 can_arm=0 trend_bias=0 trend_blocked=0 pyramid_ok=0 impulse_block=0 cd_bypass=0 pyr_sl_age_s=1774857512 brk_hi=0.00 brk_lo=0.00 range=0.00 session_slot=1
[TICK] EURUSD 1.15/1.15
[GOLD-BRK-DIAG] phase=IDLE can_enter=0 spread_ok=1 freq_ok=1 bracket_open=0 stack_open=0 in_dead_zone=0 london_noise=0 in_asia=0 asia_ok=1 drift=-1.31 l2_imb=0.500 can_arm=0 trend_bias=0 trend_blocked=0 pyramid_ok=0 impulse_block=0 cd_bypass=0 pyr_sl_age_s=1774857522 brk_hi=0.00 brk_lo=0.00 range=0.00 session_slot=1
[CTRADER-STATUS] events_total=12847 this_min=2110 symbols=19
[CTRADER-EVTS] XAUUSD=261
[TICK] XAUUSD 4525.22/4525.44
[TICK] USTEC.F 23387.69/23390.40
[TICK] BRENT 108.12/108.23
[TICK] NAS100 23205.55/23206.75
[TICK] GER40 22258.45/22260.15
[TICK] ESTX50 5506.40/5507.90
[TICK] UK100 10003.60/10004.60
[TICK] AUDUSD 0.69/0.69
[TICK] US500.F 6432.72/6433.53
[TICK] XAGUSD 70.45/70.49
[GOLD-BRK-DIAG] phase=IDLE can_enter=0 spread_ok=1 freq_ok=1 bracket_open=0 stack_open=0 in_dead_zone=0 london_noise=0 in_asia=0 asia_ok=1 drift=-1.07 l2_imb=0.500 can_arm=0 trend_bias=0 trend_blocked=0 pyramid_ok=0 impulse_block=0 cd_bypass=0 pyr_sl_age_s=1774857532 brk_hi=0.00 brk_lo=0.00 range=0.00 session_slot=1
[TICK] GBPUSD 1.32/1.32
[TICK] NGAS.F 2.91/2.94
[TICK] DJ30.F 45560.60/45566.40
[TICK] USDJPY 159.77/159.78
[TICK] USOIL.F 101.78/101.84
[TICK] NZDUSD 0.57/0.57
[GOLD-BRK-DIAG] phase=IDLE can_enter=0 spread_ok=1 freq_ok=1 bracket_open=0 stack_open=0 in_dead_zone=0 london_noise=0 in_asia=0 asia_ok=1 drift=-0.49 l2_imb=0.500 can_arm=0 trend_bias=0 trend_blocked=0 pyramid_ok=0 impulse_block=0 cd_bypass=0 pyr_sl_age_s=1774857542 brk_hi=0.00 brk_lo=0.00 range=0.00 session_slot=1
[TICK] DX.F 100.02/100.12
[TICK] EURUSD 1.15/1.15
[GOLD-BRK-DIAG] phase=IDLE can_enter=0 spread_ok=1 freq_ok=1 bracket_open=0 stack_open=0 in_dead_zone=0 london_noise=0 in_asia=0 asia_ok=1 drift=0.04 l2_imb=0.498 can_arm=0 trend_bias=0 trend_blocked=0 pyramid_ok=0 impulse_block=0 cd_bypass=0 pyr_sl_age_s=1774857553 brk_hi=0.00 brk_lo=0.00 range=0.00 session_slot=1
[OMEGA-DIAG] PnL=-215.95 T=6 WR=16.67% RTTp95=6.62ms cap=120.00ms lat_ok=1 session=ACTIVE
[OMEGA-DIAG] SP phase=0 recent=0.00% base=0.00% ratio=0.00
[OMEGA-DIAG] NQ phase=0 recent=0.00% base=0.00% ratio=0.00
[OMEGA-DIAG] CL phase=0 recent=0.00% base=0.00% ratio=0.00
[GOLD-DIAG] regime=COMPRESSION vwap=4526.22 vol_range=3.26
[OMEGA-PERF] GOLD_STACK liveT=6 livePnL=-215.95 WR=16.7% shadowT=0 shadowPnL=0.00 disabled=0
[SUPERVISOR-XAUUSD] IN_COOLDOWN until +119s
[TICK] XAUUSD 4526.64/4526.86
[TICK] NAS100 23215.25/23216.45
[TICK] USTEC.F 23397.57/23400.28
[TICK] GER40 22271.45/22273.15
[TICK] ESTX50 5508.70/5510.10
[TICK] UK100 10004.00/10005.00
[TICK] BRENT 107.95/108.06
[SUPERVISOR-XAUUSD] COOLDOWN EARLY EXIT fast_score=0.484406
[SUPERVISOR-XAUUSD] regime=QUIET_COMPRESSION conf=1.00 bracket=0.78 breakout=0.26 top_score=0.78 threshold=0.25 winner=NONE allow=0 cooldown=0 reason=chop_detected
[TICK] AUDUSD 0.69/0.69
[TICK] XAGUSD 70.50/70.53
[GOLD-BRK-DIAG] phase=IDLE can_enter=0 spread_ok=1 freq_ok=1 bracket_open=0 stack_open=0 in_dead_zone=0 london_noise=0 in_asia=0 asia_ok=1 drift=0.47 l2_imb=0.500 can_arm=0 trend_bias=0 trend_blocked=0 pyramid_ok=0 impulse_block=0 cd_bypass=0 pyr_sl_age_s=1774857563 brk_hi=0.00 brk_lo=0.00 range=0.00 session_slot=1
[TICK] GBPUSD 1.32/1.32
[TICK] US500.F 6435.09/6435.90
[TICK] DJ30.F 45571.60/45577.40
[TICK] USDJPY 159.77/159.78
[TICK] NZDUSD 0.57/0.57
[TICK] USOIL.F 101.73/101.79
[GOLD-BRK-DIAG] phase=IDLE can_enter=0 spread_ok=1 freq_ok=1 bracket_open=0 stack_open=0 in_dead_zone=0 london_noise=0 in_asia=0 asia_ok=1 drift=0.65 l2_imb=0.500 can_arm=0 trend_bias=0 trend_blocked=0 pyramid_ok=0 impulse_block=0 cd_bypass=0 pyr_sl_age_s=1774857573 brk_hi=0.00 brk_lo=0.00 range=0.00 session_slot=1
[TICK] EURUSD 1.15/1.15
[TICK] NGAS.F 2.91/2.93
[GOLD-BRK-DIAG] phase=IDLE can_enter=0 spread_ok=1 freq_ok=1 bracket_open=0 stack_open=0 in_dead_zone=0 london_noise=0 in_asia=0 asia_ok=1 drift=0.14 l2_imb=0.500 can_arm=0 trend_bias=0 trend_blocked=0 pyramid_ok=0 impulse_block=0 cd_bypass=0 pyr_sl_age_s=1774857583 brk_hi=0.00 brk_lo=0.00 range=0.00 session_slot=1
[CTRADER-STATUS] events_total=14912 this_min=2065 symbols=19
[CTRADER-EVTS] XAUUSD=270
[TICK] XAUUSD 4527.03/4527.25
[TICK] NAS100 23212.90/23214.10
[TICK] USTEC.F 23395.19/23397.90
[TICK] ESTX50 5508.50/5510.00
[TICK] GER40 22274.20/22275.90
[TICK] UK100 10007.30/10008.70
[TICK] DX.F 100.02/100.12
[TICK] BRENT 107.94/108.06
[TICK] AUDUSD 0.69/0.69
[TICK] XAGUSD 70.53/70.56
[GOLD-BRK-DIAG] phase=IDLE can_enter=0 spread_ok=1 freq_ok=1 bracket_open=0 stack_open=0 in_dead_zone=0 london_noise=0 in_asia=0 asia_ok=1 drift=0.55 l2_imb=0.500 can_arm=0 trend_bias=0 trend_blocked=0 pyramid_ok=0 impulse_block=0 cd_bypass=0 pyr_sl_age_s=1774857593 brk_hi=0.00 brk_lo=0.00 range=0.00 session_slot=1
[TICK] GBPUSD 1.32/1.32
[TICK] DJ30.F 45574.30/45583.60
[TICK] US500.F 6434.59/6435.40
[TICK] USDJPY 159.77/159.78
[TICK] VIX.F 27.68/28.06
[SUPERVISOR-XAUUSD] IN_COOLDOWN until +119s
[TICK] USOIL.F 101.56/101.63
[TICK] NZDUSD 0.57/0.57
[SUPERVISOR-XAUUSD] COOLDOWN EARLY EXIT fast_score=0.51082
[SUPERVISOR-XAUUSD] regime=QUIET_COMPRESSION conf=1.00 bracket=0.78 breakout=0.26 top_score=0.78 threshold=0.25 winner=NONE allow=0 cooldown=0 reason=chop_detected
[TICK] EURUSD 1.15/1.15
[GOLD-BRK-DIAG] phase=IDLE can_enter=0 spread_ok=1 freq_ok=1 bracket_open=0 stack_open=0 in_dead_zone=0 london_noise=0 in_asia=0 asia_ok=1 drift=-0.22 l2_imb=0.500 can_arm=0 trend_bias=0 trend_blocked=0 pyramid_ok=0 impulse_block=0 cd_bypass=0 pyr_sl_age_s=1774857604 brk_hi=0.00 brk_lo=0.00 range=0.00 session_slot=1
[TICK] NGAS.F 2.91/2.93
[GOLD-BRK-DIAG] phase=IDLE can_enter=0 spread_ok=1 freq_ok=1 bracket_open=0 stack_open=0 in_dead_zone=0 london_noise=0 in_asia=0 asia_ok=1 drift=-0.78 l2_imb=0.500 can_arm=0 trend_bias=0 trend_blocked=0 pyramid_ok=0 impulse_block=0 cd_bypass=0 pyr_sl_age_s=1774857614 brk_hi=0.00 brk_lo=0.00 range=0.00 session_slot=1
[OMEGA-DIAG] PnL=-215.95 T=6 WR=16.67% RTTp95=8.18ms cap=120.00ms lat_ok=1 session=ACTIVE
[OMEGA-DIAG] SP phase=0 recent=0.00% base=0.00% ratio=0.00
[OMEGA-DIAG] NQ phase=0 recent=0.00% base=0.00% ratio=0.00
[OMEGA-DIAG] CL phase=0 recent=0.00% base=0.00% ratio=0.00
[GOLD-DIAG] regime=COMPRESSION vwap=4526.29 vol_range=3.26
[OMEGA-PERF] GOLD_STACK liveT=6 livePnL=-215.95 WR=16.7% shadowT=0 shadowPnL=0.00 disabled=0
[TICK] XAUUSD 4526.18/4526.40
[TICK] NAS100 23203.40/23204.60
[TICK] USTEC.F 23385.82/23388.53
[TICK] ESTX50 5505.40/5506.90
[TICK] GER40 22261.25/22262.25
[TICK] UK100 10001.60/10002.60
[TICK] BRENT 107.89/108.02
[TICK] AUDUSD 0.69/0.69
[TICK] XAGUSD 70.47/70.50
[TICK] GBPUSD 1.32/1.32
[GOLD-BRK-DIAG] phase=IDLE can_enter=0 spread_ok=1 freq_ok=1 bracket_open=0 stack_open=0 in_dead_zone=0 london_noise=0 in_asia=0 asia_ok=1 drift=-0.33 l2_imb=0.500 can_arm=0 trend_bias=0 trend_blocked=0 pyramid_ok=0 impulse_block=0 cd_bypass=0 pyr_sl_age_s=1774857624 brk_hi=0.00 brk_lo=0.00 range=0.00 session_slot=1
[TICK] DX.F 100.03/100.13
[TICK] DJ30.F 45558.30/45566.60
[TICK] US500.F 6432.47/6433.28
[TICK] USDJPY 159.77/159.78
[TICK] VIX.F 27.68/28.06
[TICK] NZDUSD 0.57/0.57
[TICK] USOIL.F 101.60/101.67
[TICK] EURUSD 1.15/1.15
[GOLD-BRK-DIAG] phase=IDLE can_enter=0 spread_ok=1 freq_ok=1 bracket_open=0 stack_open=0 in_dead_zone=0 london_noise=0 in_asia=0 asia_ok=1 drift=-0.16 l2_imb=0.500 can_arm=0 trend_bias=0 trend_blocked=0 pyramid_ok=0 impulse_block=0 cd_bypass=0 pyr_sl_age_s=1774857634 brk_hi=0.00 brk_lo=0.00 range=0.00 session_slot=1
[SUPERVISOR-XAUUSD] IN_COOLDOWN until +119s
[SUPERVISOR-XAUUSD] COOLDOWN EARLY EXIT fast_score=0.45
[SUPERVISOR-XAUUSD] regime=QUIET_COMPRESSION conf=1.00 bracket=0.78 breakout=0.26 top_score=0.78 threshold=0.25 winner=NONE allow=0 cooldown=0 reason=chop_detected
[GOLD-BRK-DIAG] phase=IDLE can_enter=0 spread_ok=1 freq_ok=1 bracket_open=0 stack_open=0 in_dead_zone=0 london_noise=0 in_asia=0 asia_ok=1 drift=0.23 l2_imb=0.500 can_arm=0 trend_bias=0 trend_blocked=0 pyramid_ok=0 impulse_block=0 cd_bypass=0 pyr_sl_age_s=1774857644 brk_hi=0.00 brk_lo=0.00 range=0.00 session_slot=1
[CTRADER-STATUS] events_total=17760 this_min=2848 symbols=19
[CTRADER-EVTS] XAUUSD=304
[TICK] XAUUSD 4526.87/4527.09
[TICK] NAS100 23200.25/23201.45
[TICK] USTEC.F 23383.69/23388.15
[TICK] ESTX50 5505.00/5506.50
[TICK] GER40 22254.70/22255.70
[TICK] UK100 9999.80/10004.00
[TICK] AUDUSD 0.68/0.69
[TICK] BRENT 107.83/107.94
[TICK] NGAS.F 2.90/2.93
[TICK] XAGUSD 70.47/70.51
[TICK] GBPUSD 1.32/1.32
[GOLD-BRK-DIAG] phase=IDLE can_enter=0 spread_ok=1 freq_ok=1 bracket_open=0 stack_open=0 in_dead_zone=0 london_noise=0 in_asia=0 asia_ok=1 drift=0.52 l2_imb=0.500 can_arm=0 trend_bias=0 trend_blocked=0 pyramid_ok=0 impulse_block=0 cd_bypass=0 pyr_sl_age_s=1774857655 brk_hi=0.00 brk_lo=0.00 range=0.00 session_slot=1
[TICK] DX.F 100.03/100.13
[TICK] DJ30.F 45560.60/45566.40
[TICK] US500.F 6432.97/6433.78
[TICK] USDJPY 159.78/159.79
[TICK] NZDUSD 0.57/0.57
[TICK] USOIL.F 101.55/101.62
[TICK] EURUSD 1.15/1.15
[GOLD-BRK-DIAG] phase=IDLE can_enter=0 spread_ok=1 freq_ok=1 bracket_open=0 stack_open=0 in_dead_zone=0 london_noise=0 in_asia=0 asia_ok=1 drift=0.50 l2_imb=0.500 can_arm=0 trend_bias=0 trend_blocked=0 pyramid_ok=0 impulse_block=0 cd_bypass=0 pyr_sl_age_s=1774857665 brk_hi=0.00 brk_lo=0.00 range=0.00 session_slot=1
[GOLD-BRK-DIAG] phase=IDLE can_enter=0 spread_ok=1 freq_ok=1 bracket_open=0 stack_open=0 in_dead_zone=0 london_noise=0 in_asia=0 asia_ok=1 drift=1.21 l2_imb=0.500 can_arm=0 trend_bias=0 trend_blocked=0 pyramid_ok=0 impulse_block=0 cd_bypass=0 pyr_sl_age_s=1774857675 brk_hi=0.00 brk_lo=0.00 range=0.00 session_slot=1
[OMEGA-DIAG] PnL=-215.95 T=6 WR=16.67% RTTp95=7.97ms cap=120.00ms lat_ok=1 session=ACTIVE
[OMEGA-DIAG] SP phase=0 recent=0.00% base=0.00% ratio=0.00
[OMEGA-DIAG] NQ phase=0 recent=0.00% base=0.00% ratio=0.00
[OMEGA-DIAG] CL phase=0 recent=0.00% base=0.00% ratio=0.00
[GOLD-DIAG] regime=COMPRESSION vwap=4526.36 vol_range=3.26
[OMEGA-PERF] GOLD_STACK liveT=6 livePnL=-215.95 WR=16.7% shadowT=0 shadowPnL=0.00 disabled=0
[TICK] XAUUSD 4528.28/4528.50
[TICK] NAS100 23201.90/23203.10
[TICK] USTEC.F 23383.69/23386.40
[TICK] ESTX50 5505.50/5506.90
[SUPERVISOR-XAUUSD] COOLDOWN EARLY EXIT fast_score=0.874237
[TICK] UK100 9999.10/10000.10
[TICK] AUDUSD 0.68/0.69
[TICK] NGAS.F 2.91/2.93
[TICK] XAGUSD 70.51/70.54
[TICK] GBPUSD 1.32/1.32
[GOLD-BRK-DIAG] phase=IDLE can_enter=0 spread_ok=1 freq_ok=1 bracket_open=0 stack_open=0 in_dead_zone=0 london_noise=0 in_asia=0 asia_ok=1 drift=0.88 l2_imb=0.500 can_arm=0 trend_bias=0 trend_blocked=0 pyramid_ok=0 impulse_block=0 cd_bypass=0 pyr_sl_age_s=1774857685 brk_hi=0.00 brk_lo=0.00 range=0.00 session_slot=1
[TICK] BRENT 107.75/107.86
[TICK] GER40 22260.00/22261.00
[TICK] DJ30.F 45556.30/45564.60
[TICK] US500.F 6431.84/6432.65
[TICK] USDJPY 159.79/159.80
[TICK] DX.F 100.03/100.13
[TICK] USOIL.F 101.49/101.56
[TICK] NZDUSD 0.57/0.57
[TICK] EURUSD 1.15/1.15
[GOLD-BRK-DIAG] phase=IDLE can_enter=0 spread_ok=1 freq_ok=1 bracket_open=0 stack_open=0 in_dead_zone=0 london_noise=0 in_asia=0 asia_ok=1 drift=0.10 l2_imb=0.500 can_arm=0 trend_bias=0 trend_blocked=0 pyramid_ok=0 impulse_block=0 cd_bypass=0 pyr_sl_age_s=1774857695 brk_hi=0.00 brk_lo=0.00 range=0.00 session_slot=1
[CTRADER-STATUS] events_total=20186 this_min=2426 symbols=19
[CTRADER-EVTS] XAUUSD=276
[GOLD-BRK-DIAG] phase=IDLE can_enter=0 spread_ok=1 freq_ok=1 bracket_open=0 stack_open=0 in_dead_zone=0 london_noise=0 in_asia=0 asia_ok=1 drift=-0.24 l2_imb=0.500 can_arm=0 trend_bias=0 trend_blocked=0 pyramid_ok=0 impulse_block=0 cd_bypass=0 pyr_sl_age_s=1774857705 brk_hi=0.00 brk_lo=0.00 range=0.00 session_slot=1
[TICK] XAUUSD 4527.72/4527.94
[TICK] NAS100 23198.40/23199.60
[TICK] USTEC.F 23380.44/23383.15
[TICK] ESTX50 5505.10/5506.60
[TICK] AUDUSD 0.68/0.69
[TICK] UK100 9999.50/10000.60
[TICK] XAGUSD 70.48/70.52
[TICK] BRENT 107.77/107.89
[GOLD-BRK-DIAG] phase=IDLE can_enter=0 spread_ok=1 freq_ok=1 bracket_open=0 stack_open=0 in_dead_zone=0 london_noise=0 in_asia=0 asia_ok=1 drift=-0.35 l2_imb=0.500 can_arm=0 trend_bias=0 trend_blocked=0 pyramid_ok=0 impulse_block=0 cd_bypass=0 pyr_sl_age_s=1774857716 brk_hi=0.00 brk_lo=0.00 range=0.00 session_slot=1
[TICK] GBPUSD 1.32/1.32
[TICK] DJ30.F 45552.10/45557.90
[TICK] GER40 22254.70/22255.70
[TICK] US500.F 6431.22/6432.03
[SUPERVISOR-XAUUSD] COOLDOWN EARLY EXIT fast_score=0.554515
[TICK] NGAS.F 2.91/2.93
[TICK] USOIL.F 101.55/101.62
[TICK] USDJPY 159.79/159.80
[TICK] NZDUSD 0.57/0.57
[TICK] EURUSD 1.15/1.15
[TICK] DX.F 100.03/100.13
[GOLD-BRK-DIAG] phase=IDLE can_enter=0 spread_ok=1 freq_ok=1 bracket_open=0 stack_open=0 in_dead_zone=0 london_noise=0 in_asia=0 asia_ok=1 drift=0.60 l2_imb=0.500 can_arm=0 trend_bias=0 trend_blocked=0 pyramid_ok=0 impulse_block=0 cd_bypass=0 pyr_sl_age_s=1774857726 brk_hi=0.00 brk_lo=0.00 range=0.00 session_slot=1
[OMEGA-DIAG] PnL=-215.95 T=6 WR=16.67% RTTp95=8.50ms cap=120.00ms lat_ok=1 session=ACTIVE
[OMEGA-DIAG] SP phase=0 recent=0.00% base=0.00% ratio=0.00
[OMEGA-DIAG] NQ phase=0 recent=0.00% base=0.00% ratio=0.00
[OMEGA-DIAG] CL phase=0 recent=0.00% base=0.00% ratio=0.00
[GOLD-DIAG] regime=COMPRESSION vwap=4526.47 vol_range=3.26
[OMEGA-PERF] GOLD_STACK liveT=6 livePnL=-215.95 WR=16.7% shadowT=0 shadowPnL=0.00 disabled=0
[GOLD-BRK-DIAG] phase=IDLE can_enter=0 spread_ok=1 freq_ok=1 bracket_open=0 stack_open=0 in_dead_zone=0 london_noise=0 in_asia=0 asia_ok=1 drift=0.82 l2_imb=0.500 can_arm=0 trend_bias=0 trend_blocked=0 pyramid_ok=0 impulse_block=0 cd_bypass=0 pyr_sl_age_s=1774857736 brk_hi=0.00 brk_lo=0.00 range=0.00 session_slot=1
[TICK] XAUUSD 4528.00/4528.22
[TICK] NAS100 23197.70/23198.90
[TICK] USTEC.F 23380.44/23383.15
[TICK] ESTX50 5504.90/5506.30
[TICK] UK100 9999.20/10003.70
[TICK] AUDUSD 0.68/0.69
[TICK] VIX.F 27.78/28.16
[TICK] XAGUSD 70.46/70.49
[GOLD-BRK-DIAG] phase=IDLE can_enter=0 spread_ok=1 freq_ok=1 bracket_open=0 stack_open=0 in_dead_zone=0 london_noise=0 in_asia=0 asia_ok=1 drift=0.42 l2_imb=0.500 can_arm=0 trend_bias=0 trend_blocked=0 pyramid_ok=0 impulse_block=0 cd_bypass=0 pyr_sl_age_s=1774857746 brk_hi=0.00 brk_lo=0.00 range=0.00 session_slot=1
[TICK] GBPUSD 1.32/1.32
[TICK] GER40 22250.75/22251.75
[TICK] DJ30.F 45548.60/45554.40
[TICK] BRENT 107.84/107.95
[TICK] US500.F 6431.34/6432.15
[TICK] USDJPY 159.79/159.80
[TICK] USOIL.F 101.59/101.66
[TICK] NZDUSD 0.57/0.57
[TICK] EURUSD 1.15/1.15
[TICK] DX.F 100.04/100.14
[GOLD-BRK-DIAG] phase=IDLE can_enter=0 spread_ok=1 freq_ok=1 bracket_open=0 stack_open=0 in_dead_zone=0 london_noise=0 in_asia=0 asia_ok=1 drift=1.40 l2_imb=0.500 can_arm=0 trend_bias=0 trend_blocked=0 pyramid_ok=0 impulse_block=0 cd_bypass=0 pyr_sl_age_s=1774857757 brk_hi=0.00 brk_lo=0.00 range=0.00 session_slot=1
[SUPERVISOR-XAUUSD] COOLDOWN EARLY EXIT fast_score=1.00
[TICK] NGAS.F 2.91/2.93
[CTRADER-STATUS] events_total=22854 this_min=2668 symbols=19
[CTRADER-EVTS] XAUUSD=284
[GOLD-BRK-DIAG] phase=IDLE can_enter=0 spread_ok=1 freq_ok=1 bracket_open=0 stack_open=0 in_dead_zone=0 london_noise=0 in_asia=0 asia_ok=1 drift=1.38 l2_imb=0.500 can_arm=0 trend_bias=0 trend_blocked=0 pyramid_ok=0 impulse_block=0 cd_bypass=0 pyr_sl_age_s=1774857767 brk_hi=0.00 brk_lo=0.00 range=0.00 session_slot=1
[TICK] XAUUSD 4528.43/4528.65
[TICK] USTEC.F 23376.19/23378.90
[TICK] NAS100 23193.75/23194.95
[TICK] ESTX50 5501.70/5503.20
[TICK] AUDUSD 0.68/0.69
[TICK] UK100 9999.30/10004.00
[TICK] XAGUSD 70.47/70.51
[GOLD-BRK-DIAG] phase=IDLE can_enter=0 spread_ok=1 freq_ok=1 bracket_open=0 stack_open=0 in_dead_zone=0 london_noise=0 in_asia=0 asia_ok=1 drift=1.20 l2_imb=0.500 can_arm=0 trend_bias=0 trend_blocked=0 pyramid_ok=0 impulse_block=0 cd_bypass=0 pyr_sl_age_s=1774857777 brk_hi=0.00 brk_lo=0.00 range=0.00 session_slot=1
[TICK] GBPUSD 1.32/1.32
[TICK] GER40 22238.50/22239.50
[TICK] DJ30.F 45538.10/45543.90
[TICK] BRENT 108.22/108.33
[TICK] US500.F 6429.59/6430.40
[TICK] USDJPY 159.80/159.81
[TICK] USOIL.F 101.86/101.92
[TICK] NZDUSD 0.57/0.57
[TICK] EURUSD 1.15/1.15
[GOLD-BRK-DIAG] phase=IDLE can_enter=0 spread_ok=1 freq_ok=1 bracket_open=0 stack_open=0 in_dead_zone=0 london_noise=0 in_asia=0 asia_ok=1 drift=0.66 l2_imb=0.500 can_arm=0 trend_bias=0 trend_blocked=0 pyramid_ok=0 impulse_block=0 cd_bypass=0 pyr_sl_age_s=1774857787 brk_hi=0.00 brk_lo=0.00 range=0.00 session_slot=1
[TICK] DX.F 100.06/100.16
[OMEGA-DIAG] PnL=-215.95 T=6 WR=16.6667% RTTp95=8.503ms cap=120ms lat_ok=1 session=ACTIVE
[OMEGA-DIAG] SP phase=0 recent=0% base=0% ratio=0
[OMEGA-DIAG] NQ phase=0 recent=0% base=0% ratio=0
[OMEGA-DIAG] CL phase=0 recent=0% base=0% ratio=0
[GOLD-DIAG] regime=COMPRESSION vwap=4526.69 vol_range=3.26
[OMEGA-PERF] GOLD_STACK liveT=6 livePnL=-215.95 WR=16.7% shadowT=0 shadowPnL=0.00 disabled=0
[GOLD-BRK-DIAG] phase=IDLE can_enter=0 spread_ok=1 freq_ok=1 bracket_open=0 stack_open=0 in_dead_zone=0 london_noise=0 in_asia=0 asia_ok=1 drift=0.34 l2_imb=0.500 can_arm=0 trend_bias=0 trend_blocked=0 pyramid_ok=0 impulse_block=0 cd_bypass=0 pyr_sl_age_s=1774857797 brk_hi=0.00 brk_lo=0.00 range=0.00 session_slot=1
[TICK] XAUUSD 4528.43/4528.65
[TICK] USTEC.F 23373.44/23376.15
[TICK] NAS100 23190.30/23191.70
[TICK] VIX.F 27.83/28.21
[TICK] ESTX50 5499.70/5501.10
[SUPERVISOR-XAUUSD] COOLDOWN EARLY EXIT fast_score=0.854523
[TICK] UK100 9996.80/9997.80
[TICK] AUDUSD 0.68/0.68
[TICK] XAGUSD 70.47/70.51
[GOLD-BRK-DIAG] phase=IDLE can_enter=0 spread_ok=1 freq_ok=1 bracket_open=0 stack_open=0 in_dead_zone=0 london_noise=0 in_asia=0 asia_ok=1 drift=0.79 l2_imb=0.500 can_arm=0 trend_bias=0 trend_blocked=0 pyramid_ok=0 impulse_block=0 cd_bypass=0 pyr_sl_age_s=1774857807 brk_hi=0.00 brk_lo=0.00 range=0.00 session_slot=1
[TICK] GBPUSD 1.32/1.32
[TICK] GER40 22233.50/22235.00
[TICK] DJ30.F 45535.60/45541.40
[TICK] NGAS.F 2.91/2.93
[TICK] US500.F 6430.09/6430.90
[TICK] USDJPY 159.79/159.81
[TICK] BRENT 108.12/108.25
[TICK] USOIL.F 101.82/101.88
[TICK] EURUSD 1.15/1.15
[TICK] NZDUSD 0.57/0.57
[GOLD-BRK-DIAG] phase=IDLE can_enter=0 spread_ok=1 freq_ok=1 bracket_open=0 stack_open=0 in_dead_zone=0 london_noise=0 in_asia=0 asia_ok=1 drift=1.20 l2_imb=0.500 can_arm=0 trend_bias=0 trend_blocked=0 pyramid_ok=0 impulse_block=0 cd_bypass=0 pyr_sl_age_s=1774857817 brk_hi=0.00 brk_lo=0.00 range=0.00 session_slot=1
[CTRADER-STATUS] events_total=25759 this_min=2905 symbols=19
[CTRADER-EVTS] XAUUSD=278
[GOLD-BRK-DIAG] phase=IDLE can_enter=0 spread_ok=1 freq_ok=1 bracket_open=0 stack_open=0 in_dead_zone=0 london_noise=0 in_asia=0 asia_ok=1 drift=1.12 l2_imb=0.500 can_arm=0 trend_bias=0 trend_blocked=0 pyramid_ok=0 impulse_block=0 cd_bypass=0 pyr_sl_age_s=1774857827 brk_hi=0.00 brk_lo=0.00 range=0.00 session_slot=1
[TICK] XAUUSD 4529.64/4529.86
[TICK] USTEC.F 23382.19/23384.90
[TICK] NAS100 23199.65/23200.85
[TICK] DX.F 100.05/100.15
[TICK] ESTX50 5500.50/5502.00
[TICK] UK100 9997.70/10002.00
[TICK] AUDUSD 0.68/0.69
[TICK] XAGUSD 70.50/70.53
[GOLD-BRK-DIAG] phase=IDLE can_enter=0 spread_ok=1 freq_ok=1 bracket_open=0 stack_open=0 in_dead_zone=0 london_noise=0 in_asia=0 asia_ok=1 drift=0.32 l2_imb=0.500 can_arm=0 trend_bias=0 trend_blocked=0 pyramid_ok=0 impulse_block=0 cd_bypass=0 pyr_sl_age_s=1774857838 brk_hi=0.00 brk_lo=0.00 range=0.00 session_slot=1
[TICK] GBPUSD 1.32/1.32
[TICK] GER40 22238.50/22239.90
[TICK] VIX.F 27.73/28.11
[TICK] DJ30.F 45548.60/45554.40
[SUPERVISOR-XAUUSD] COOLDOWN EARLY EXIT fast_score=0.962547
[TICK] US500.F 6431.47/6432.28
[TICK] NGAS.F 2.91/2.93
[TICK] USOIL.F 101.81/101.88
[TICK] USDJPY 159.77/159.78
[TICK] BRENT 108.08/108.20
[TICK] NZDUSD 0.57/0.57
[TICK] EURUSD 1.15/1.15
[GOLD-BRK-DIAG] phase=IDLE can_enter=0 spread_ok=1 freq_ok=1 bracket_open=0 stack_open=0 in_dead_zone=0 london_noise=0 in_asia=0 asia_ok=1 drift=0.58 l2_imb=0.500 can_arm=0 trend_bias=0 trend_blocked=0 pyramid_ok=0 impulse_block=0 cd_bypass=0 pyr_sl_age_s=1774857848 brk_hi=0.00 brk_lo=0.00 range=0.00 session_slot=1
[OMEGA-DIAG] PnL=-215.95 T=6 WR=16.67% RTTp95=8.18ms cap=120.00ms lat_ok=1 session=ACTIVE
[OMEGA-DIAG] SP phase=0 recent=0.00% base=0.00% ratio=0.00
[OMEGA-DIAG] NQ phase=0 recent=0.00% base=0.00% ratio=0.00
[OMEGA-DIAG] CL phase=0 recent=0.00% base=0.00% ratio=0.00
[GOLD-DIAG] regime=COMPRESSION vwap=4526.97 vol_range=3.26
[OMEGA-PERF] GOLD_STACK liveT=6 livePnL=-215.95 WR=16.7% shadowT=0 shadowPnL=0.00 disabled=0
[GOLD-BRK-DIAG] phase=IDLE can_enter=0 spread_ok=1 freq_ok=1 bracket_open=0 stack_open=0 in_dead_zone=0 london_noise=0 in_asia=0 asia_ok=1 drift=0.08 l2_imb=0.500 can_arm=0 trend_bias=0 trend_blocked=0 pyramid_ok=0 impulse_block=0 cd_bypass=0 pyr_sl_age_s=1774857858 brk_hi=0.00 brk_lo=0.00 range=0.00 session_slot=1
[TICK] XAUUSD 4528.49/4528.71
[TICK] USTEC.F 23386.69/23389.40
[TICK] NAS100 23204.50/23205.70
[TICK] ESTX50 5499.30/5501.20
[TICK] DX.F 100.04/100.14
[TICK] UK100 9997.20/9998.20
[TICK] XAGUSD 70.48/70.52
[TICK] AUDUSD 0.69/0.69
[GOLD-BRK-DIAG] phase=IDLE can_enter=0 spread_ok=1 freq_ok=1 bracket_open=0 stack_open=0 in_dead_zone=0 london_noise=0 in_asia=0 asia_ok=1 drift=-1.00 l2_imb=0.500 can_arm=0 trend_bias=0 trend_blocked=0 pyramid_ok=0 impulse_block=0 cd_bypass=0 pyr_sl_age_s=1774857868 brk_hi=0.00 brk_lo=0.00 range=0.00 session_slot=1
[TICK] GER40 22231.90/22232.90
[TICK] GBPUSD 1.32/1.32
[TICK] DJ30.F 45552.10/45557.90
[TICK] US500.F 6433.22/6434.03
[TICK] USDJPY 159.75/159.76
[TICK] USOIL.F 101.70/101.76
[TICK] NZDUSD 0.57/0.57
[TICK] BRENT 107.98/108.09
[SUPERVISOR-XAUUSD] COOLDOWN EARLY EXIT fast_score=0.607024
[GOLD-BRK-DIAG] phase=IDLE can_enter=0 spread_ok=1 freq_ok=1 bracket_open=0 stack_open=0 in_dead_zone=0 london_noise=0 in_asia=0 asia_ok=1 drift=-1.78 l2_imb=0.500 can_arm=0 trend_bias=0 trend_blocked=0 pyramid_ok=0 impulse_block=0 cd_bypass=0 pyr_sl_age_s=1774857878 brk_hi=0.00 brk_lo=0.00 range=0.00 session_slot=1
[TICK] EURUSD 1.15/1.15
[CTRADER-STATUS] events_total=28340 this_min=2581 symbols=19
[CTRADER-EVTS] XAUUSD=291
[TICK] XAUUSD 4526.41/4526.63
[TICK] NGAS.F 2.91/2.93
[GOLD-BRK-DIAG] phase=IDLE can_enter=0 spread_ok=1 freq_ok=1 bracket_open=0 stack_open=0 in_dead_zone=0 london_noise=0 in_asia=0 asia_ok=1 drift=-1.72 l2_imb=0.500 can_arm=0 trend_bias=0 trend_blocked=0 pyramid_ok=0 impulse_block=0 cd_bypass=0 pyr_sl_age_s=1774857889 brk_hi=0.00 brk_lo=0.00 range=0.00 session_slot=1
[TICK] NAS100 23208.65/23209.85
[TICK] USTEC.F 23390.94/23393.65
[TICK] ESTX50 5500.50/5502.00
[TICK] DX.F 100.04/100.14
[TICK] UK100 9997.10/9998.10
[TICK] XAGUSD 70.45/70.48
[TICK] AUDUSD 0.69/0.69
[TICK] VIX.F 27.68/28.06
[TICK] GER40 22249.65/22250.65
[TICK] GBPUSD 1.32/1.32
[GOLD-BRK-DIAG] phase=IDLE can_enter=0 spread_ok=1 freq_ok=1 bracket_open=0 stack_open=0 in_dead_zone=0 london_noise=0 in_asia=0 asia_ok=1 drift=-0.89 l2_imb=0.500 can_arm=0 trend_bias=0 trend_blocked=0 pyramid_ok=0 impulse_block=0 cd_bypass=0 pyr_sl_age_s=1774857899 brk_hi=0.00 brk_lo=0.00 range=0.00 session_slot=1
[TICK] DJ30.F 45570.30/45578.60
[TICK] US500.F 6434.97/6435.78
[TICK] USDJPY 159.77/159.78
[TICK] USOIL.F 101.57/101.63
[TICK] NZDUSD 0.57/0.57
[TICK] BRENT 107.84/107.97
[TICK] EURUSD 1.15/1.15
[GOLD-BRK-DIAG] phase=IDLE can_enter=0 spread_ok=1 freq_ok=1 bracket_open=0 stack_open=0 in_dead_zone=0 london_noise=0 in_asia=0 asia_ok=1 drift=0.07 l2_imb=0.509 can_arm=0 trend_bias=0 trend_blocked=0 pyramid_ok=0 impulse_block=0 cd_bypass=0 pyr_sl_age_s=1774857909 brk_hi=0.00 brk_lo=0.00 range=0.00 session_slot=1
[OMEGA-DIAG] PnL=-215.95 T=6 WR=16.67% RTTp95=8.18ms cap=120.00ms lat_ok=1 session=ACTIVE
[OMEGA-DIAG] SP phase=0 recent=0.00% base=0.00% ratio=0.00
[OMEGA-DIAG] NQ phase=0 recent=0.00% base=0.00% ratio=0.00
[OMEGA-DIAG] CL phase=0 recent=0.00% base=0.00% ratio=0.00
[GOLD-DIAG] regime=COMPRESSION vwap=4527.03 vol_range=3.26
[OMEGA-PERF] GOLD_STACK liveT=6 livePnL=-215.95 WR=16.7% shadowT=0 shadowPnL=0.00 disabled=0
[TICK] XAUUSD 4529.24/4529.46
[SUPERVISOR-XAUUSD] COOLDOWN EARLY EXIT fast_score=1
[TICK] NGAS.F 2.91/2.93
[GOLD-BRK-DIAG] phase=IDLE can_enter=0 spread_ok=1 freq_ok=1 bracket_open=0 stack_open=0 in_dead_zone=0 london_noise=0 in_asia=0 asia_ok=1 drift=0.96 l2_imb=0.500 can_arm=0 trend_bias=0 trend_blocked=0 pyramid_ok=0 impulse_block=0 cd_bypass=0 pyr_sl_age_s=1774857920 brk_hi=0.00 brk_lo=0.00 range=0.00 session_slot=1
[TICK] USTEC.F 23407.44/23410.15
[TICK] NAS100 23225.15/23226.35
[TICK] ESTX50 5505.50/5507.00
[TICK] UK100 10004.90/10005.90
[TICK] DX.F 100.03/100.14
[TICK] XAGUSD 70.55/70.59
[TICK] AUDUSD 0.69/0.69
[TICK] GER40 22252.50/22255.40
[TICK] GBPUSD 1.32/1.32
[GOLD-BRK-DIAG] phase=IDLE can_enter=0 spread_ok=1 freq_ok=1 bracket_open=0 stack_open=0 in_dead_zone=0 london_noise=0 in_asia=0 asia_ok=1 drift=1.43 l2_imb=0.500 can_arm=0 trend_bias=0 trend_blocked=0 pyramid_ok=0 impulse_block=0 cd_bypass=0 pyr_sl_age_s=1774857930 brk_hi=0.00 brk_lo=0.00 range=0.00 session_slot=1
[TICK] DJ30.F 45579.60/45585.40
[TICK] US500.F 6436.59/6437.40
[TICK] USDJPY 159.74/159.75
[TICK] USOIL.F 101.57/101.64
[TICK] NZDUSD 0.57/0.57
[TICK] BRENT 107.89/108.02
[TICK] EURUSD 1.15/1.15
[GOLD-BRK-DIAG] phase=IDLE can_enter=0 spread_ok=1 freq_ok=1 bracket_open=0 stack_open=0 in_dead_zone=0 london_noise=0 in_asia=0 asia_ok=1 drift=1.32 l2_imb=0.500 can_arm=0 trend_bias=0 trend_blocked=0 pyramid_ok=0 impulse_block=0 cd_bypass=0 pyr_sl_age_s=1774857940 brk_hi=0.00 brk_lo=0.00 range=0.00 session_slot=1
[CTRADER-STATUS] events_total=31078 this_min=2738 symbols=19
[CTRADER-EVTS] XAUUSD=304
[TICK] XAUUSD 4530.35/4530.57
[GOLD-BRK-DIAG] phase=IDLE can_enter=0 spread_ok=1 freq_ok=1 bracket_open=0 stack_open=0 in_dead_zone=0 london_noise=0 in_asia=0 asia_ok=1 drift=1.36 l2_imb=0.503 can_arm=0 trend_bias=0 trend_blocked=0 pyramid_ok=0 impulse_block=0 cd_bypass=0 pyr_sl_age_s=1774857950 brk_hi=0.00 brk_lo=0.00 range=0.00 session_slot=1
[TICK] USTEC.F 23405.69/23408.40
[TICK] NAS100 23223.25/23224.45
[TICK] ESTX50 5505.30/5506.70
[TICK] UK100 10004.70/10005.70
[TICK] DX.F 100.04/100.14
[SUPERVISOR-XAUUSD] COOLDOWN EARLY EXIT fast_score=1
[TICK] XAGUSD 70.61/70.64
[TICK] NGAS.F 2.91/2.93
[TICK] AUDUSD 0.69/0.69
[TICK] GER40 22261.65/22262.65
[TICK] GBPUSD 1.32/1.32
[TICK] DJ30.F 45587.30/45595.60
[GOLD-BRK-DIAG] phase=IDLE can_enter=0 spread_ok=1 freq_ok=1 bracket_open=0 stack_open=0 in_dead_zone=0 london_noise=0 in_asia=0 asia_ok=1 drift=1.98 l2_imb=0.486 can_arm=0 trend_bias=0 trend_blocked=0 pyramid_ok=0 impulse_block=0 cd_bypass=0 pyr_sl_age_s=1774857960 brk_hi=0.00 brk_lo=0.00 range=0.00 session_slot=1
[TICK] US500.F 6438.34/6439.15
[TICK] NZDUSD 0.57/0.57
[TICK] USOIL.F 101.52/101.58
[TICK] BRENT 107.78/107.91
[TICK] EURUSD 1.15/1.15
[TICK] USDJPY 159.78/159.79
[GOLD-BRK-DIAG] phase=IDLE can_enter=0 spread_ok=1 freq_ok=1 bracket_open=0 stack_open=0 in_dead_zone=0 london_noise=0 in_asia=0 asia_ok=1 drift=2.20 l2_imb=0.500 can_arm=0 trend_bias=0 trend_blocked=0 pyramid_ok=0 impulse_block=0 cd_bypass=0 pyr_sl_age_s=1774857970 brk_hi=0.00 brk_lo=0.00 range=0.00 session_slot=1
[OMEGA-DIAG] PnL=-215.95 T=6 WR=16.67% RTTp95=7.97ms cap=120.00ms lat_ok=1 session=ACTIVE
[OMEGA-DIAG] SP phase=0 recent=0.00% base=0.00% ratio=0.00
[OMEGA-DIAG] NQ phase=0 recent=0.00% base=0.00% ratio=0.00
[OMEGA-DIAG] CL phase=0 recent=0.00% base=0.00% ratio=0.00
[GOLD-DIAG] regime=COMPRESSION vwap=4527.38 vol_range=3.26
[OMEGA-PERF] GOLD_STACK liveT=6 livePnL=-215.95 WR=16.7% shadowT=0 shadowPnL=0.00 disabled=0
[TICK] XAUUSD 4531.15/4531.35
[GOLD-BRK-DIAG] phase=IDLE can_enter=0 spread_ok=1 freq_ok=1 bracket_open=0 stack_open=0 in_dead_zone=0 london_noise=0 in_asia=0 asia_ok=1 drift=0.87 l2_imb=0.500 can_arm=0 trend_bias=0 trend_blocked=0 pyramid_ok=0 impulse_block=0 cd_bypass=0 pyr_sl_age_s=1774857981 brk_hi=0.00 brk_lo=0.00 range=0.00 session_slot=1
[TICK] USTEC.F 23414.82/23417.53
[TICK] NAS100 23232.25/23233.45
[TICK] ESTX50 5508.20/5509.70
[TICK] UK100 10008.50/10009.50
[TICK] DX.F 100.04/100.14
[TICK] XAGUSD 70.66/70.69
[TICK] AUDUSD 0.69/0.69
[TICK] GER40 22266.90/22267.90
[TICK] GBPUSD 1.32/1.32
[SUPERVISOR-XAUUSD] COOLDOWN EARLY EXIT fast_score=1
[GOLD-BRK-DIAG] phase=IDLE can_enter=0 spread_ok=1 freq_ok=1 bracket_open=0 stack_open=0 in_dead_zone=0 london_noise=0 in_asia=0 asia_ok=1 drift=1.14 l2_imb=0.500 can_arm=0 trend_bias=0 trend_blocked=0 pyramid_ok=0 impulse_block=0 cd_bypass=0 pyr_sl_age_s=1774857991 brk_hi=0.00 brk_lo=0.00 range=0.00 session_slot=1
[TICK] NGAS.F 2.91/2.93
[TICK] DJ30.F 45590.10/45595.90
[TICK] US500.F 6437.97/6438.78
[TICK] NZDUSD 0.57/0.57
[TICK] EURUSD 1.15/1.15
[TICK] USDJPY 159.77/159.78
[GOLD-BRK-DIAG] phase=IDLE can_enter=0 spread_ok=1 freq_ok=1 bracket_open=0 stack_open=0 in_dead_zone=0 london_noise=0 in_asia=0 asia_ok=1 drift=1.32 l2_imb=0.500 can_arm=0 trend_bias=0 trend_blocked=0 pyramid_ok=0 impulse_block=0 cd_bypass=0 pyr_sl_age_s=1774858001 brk_hi=0.00 brk_lo=0.00 range=0.00 session_slot=1
[TICK] USOIL.F 101.53/101.59
[TICK] BRENT 107.84/107.97
[CTRADER-STATUS] events_total=33748 this_min=2670 symbols=19
[CTRADER-EVTS] XAUUSD=308
[TICK] VIX.F 27.68/28.06
[TICK] XAUUSD 4532.23/4532.45
[TICK] USTEC.F 23401.19/23403.90
[GOLD-BRK-DIAG] phase=IDLE can_enter=0 spread_ok=1 freq_ok=1 bracket_open=0 stack_open=0 in_dead_zone=0 london_noise=0 in_asia=0 asia_ok=1 drift=0.94 l2_imb=0.500 can_arm=0 trend_bias=0 trend_blocked=0 pyramid_ok=0 impulse_block=0 cd_bypass=0 pyr_sl_age_s=1774858011 brk_hi=0.00 brk_lo=0.00 range=0.00 session_slot=1
[TICK] NAS100 23217.80/23219.10
[TICK] ESTX50 5502.50/5503.90
[TICK] UK100 10002.60/10003.60
[TICK] DX.F 100.04/100.14
[TICK] XAGUSD 70.64/70.68
[TICK] GER40 22240.50/22241.50
[TICK] GBPUSD 1.32/1.32
[TICK] AUDUSD 0.69/0.69
[GOLD-BRK-DIAG] phase=IDLE can_enter=0 spread_ok=1 freq_ok=1 bracket_open=0 stack_open=0 in_dead_zone=0 london_noise=0 in_asia=0 asia_ok=1 drift=0.86 l2_imb=0.500 can_arm=0 trend_bias=0 trend_blocked=0 pyramid_ok=0 impulse_block=0 cd_bypass=0 pyr_sl_age_s=1774858021 brk_hi=0.00 brk_lo=0.00 range=0.00 session_slot=1
[TICK] DJ30.F 45568.60/45574.40
[TICK] US500.F 6435.59/6436.40
[SUPERVISOR-XAUUSD] COOLDOWN EARLY EXIT fast_score=1
[TICK] USDJPY 159.77/159.78
[TICK] NZDUSD 0.57/0.57
[TICK] EURUSD 1.15/1.15
[TICK] NGAS.F 2.91/2.93
[GOLD-BRK-DIAG] phase=IDLE can_enter=0 spread_ok=1 freq_ok=1 bracket_open=0 stack_open=0 in_dead_zone=0 london_noise=0 in_asia=0 asia_ok=1 drift=0.74 l2_imb=0.500 can_arm=0 trend_bias=0 trend_blocked=0 pyramid_ok=0 impulse_block=0 cd_bypass=0 pyr_sl_age_s=1774858032 brk_hi=0.00 brk_lo=0.00 range=0.00 session_slot=1
[TICK] USOIL.F 101.63/101.69
[OMEGA-DIAG] PnL=-215.95 T=6 WR=16.6667% RTTp95=7.968ms cap=120ms lat_ok=1 session=ACTIVE
[OMEGA-DIAG] SP phase=0 recent=0% base=0% ratio=0
[OMEGA-DIAG] NQ phase=0 recent=0% base=0% ratio=0
[OMEGA-DIAG] CL phase=0 recent=0% base=0% ratio=0
[GOLD-DIAG] regime=COMPRESSION vwap=4527.74 vol_range=3.26
[OMEGA-PERF] GOLD_STACK liveT=6 livePnL=-215.95 WR=16.7% shadowT=0 shadowPnL=0.00 disabled=0
[TICK] VIX.F 27.73/28.11
[TICK] BRENT 107.92/108.03
[TICK] XAUUSD 4531.77/4531.99
[TICK] USTEC.F 23394.82/23397.53
[GOLD-BRK-DIAG] phase=IDLE can_enter=0 spread_ok=1 freq_ok=1 bracket_open=0 stack_open=0 in_dead_zone=0 london_noise=0 in_asia=0 asia_ok=1 drift=0.24 l2_imb=0.500 can_arm=0 trend_bias=0 trend_blocked=0 pyramid_ok=0 impulse_block=0 cd_bypass=0 pyr_sl_age_s=1774858042 brk_hi=0.00 brk_lo=0.00 range=0.00 session_slot=1
[TICK] NAS100 23211.05/23212.25
[TICK] ESTX50 5501.20/5502.70
[TICK] UK100 10001.40/10005.50
[TICK] DX.F 100.05/100.15
[TICK] XAGUSD 70.59/70.62
[TICK] GER40 22233.70/22235.00
[TICK] GBPUSD 1.32/1.32
[TICK] AUDUSD 0.69/0.69
[TICK] DJ30.F 45556.60/45562.40
[GOLD-BRK-DIAG] phase=IDLE can_enter=0 spread_ok=1 freq_ok=1 bracket_open=0 stack_open=0 in_dead_zone=0 london_noise=0 in_asia=0 asia_ok=1 drift=0.19 l2_imb=0.501 can_arm=0 trend_bias=0 trend_blocked=0 pyramid_ok=0 impulse_block=0 cd_bypass=0 pyr_sl_age_s=1774858052 brk_hi=0.00 brk_lo=0.00 range=0.00 session_slot=1
[TICK] US500.F 6433.22/6434.03
[TICK] USDJPY 159.78/159.79
[TICK] NZDUSD 0.57/0.57
[TICK] EURUSD 1.15/1.15
[GOLD-BRK-DIAG] phase=IDLE can_enter=0 spread_ok=1 freq_ok=1 bracket_open=0 stack_open=0 in_dead_zone=0 london_noise=0 in_asia=0 asia_ok=1 drift=0.38 l2_imb=0.500 can_arm=0 trend_bias=0 trend_blocked=0 pyramid_ok=0 impulse_block=0 cd_bypass=0 pyr_sl_age_s=1774858063 brk_hi=0.00 brk_lo=0.00 range=0.00 session_slot=1
[TICK] NGAS.F 2.91/2.93
[CTRADER-STATUS] events_total=36445 this_min=2697 symbols=19
[CTRADER-EVTS] XAUUSD=288
[TICK] USOIL.F 101.66/101.72
[SUPERVISOR-XAUUSD] COOLDOWN EARLY EXIT fast_score=1
[TICK] BRENT 107.92/108.03
[TICK] XAUUSD 4532.73/4532.95
[TICK] USTEC.F 23392.32/23395.03
[TICK] NAS100 23210.25/23211.45
[GOLD-BRK-DIAG] phase=IDLE can_enter=0 spread_ok=1 freq_ok=1 bracket_open=0 stack_open=0 in_dead_zone=0 london_noise=0 in_asia=0 asia_ok=1 drift=1.01 l2_imb=0.500 can_arm=0 trend_bias=0 trend_blocked=0 pyramid_ok=0 impulse_block=0 cd_bypass=0 pyr_sl_age_s=1774858073 brk_hi=0.00 brk_lo=0.00 range=0.00 session_slot=1
[TICK] ESTX50 5501.20/5502.60
[TICK] UK100 10003.50/10007.70
[TICK] VIX.F 27.70/28.09
[TICK] DX.F 100.05/100.16
[TICK] XAGUSD 70.62/70.65
[TICK] GER40 22239.80/22240.80
[TICK] GBPUSD 1.32/1.32
[TICK] AUDUSD 0.69/0.69
[TICK] DJ30.F 45564.10/45569.90
[GOLD-BRK-DIAG] phase=IDLE can_enter=0 spread_ok=1 freq_ok=1 bracket_open=0 stack_open=0 in_dead_zone=0 london_noise=0 in_asia=0 asia_ok=1 drift=1.23 l2_imb=0.500 can_arm=0 trend_bias=0 trend_blocked=0 pyramid_ok=0 impulse_block=0 cd_bypass=0 pyr_sl_age_s=1774858083 brk_hi=0.00 brk_lo=0.00 range=0.00 session_slot=1
[TICK] US500.F 6433.97/6434.78
[TICK] NZDUSD 0.57/0.57
[TICK] USDJPY 159.78/159.79
[TICK] EURUSD 1.15/1.15
[TICK] NGAS.F 2.91/2.93
[GOLD-BRK-DIAG] phase=IDLE can_enter=0 spread_ok=1 freq_ok=1 bracket_open=0 stack_open=0 in_dead_zone=0 london_noise=0 in_asia=0 asia_ok=1 drift=1.13 l2_imb=0.500 can_arm=0 trend_bias=0 trend_blocked=0 pyramid_ok=0 impulse_block=0 cd_bypass=0 pyr_sl_age_s=1774858093 brk_hi=0.00 brk_lo=0.00 range=0.00 session_slot=1
[OMEGA-DIAG] PnL=-215.95 T=6 WR=16.67% RTTp95=7.81ms cap=120.00ms lat_ok=1 session=ACTIVE
[OMEGA-DIAG] SP phase=0 recent=0.00% base=0.00% ratio=0.00
[OMEGA-DIAG] NQ phase=0 recent=0.00% base=0.00% ratio=0.00
[OMEGA-DIAG] CL phase=0 recent=0.00% base=0.00% ratio=0.00
[GOLD-DIAG] regime=COMPRESSION vwap=4528.10 vol_range=3.26
[OMEGA-PERF] GOLD_STACK liveT=6 livePnL=-215.95 WR=16.7% shadowT=0 shadowPnL=0.00 disabled=0
[TICK] USOIL.F 101.63/101.69
[TICK] XAUUSD 4534.86/4535.08
[TICK] BRENT 107.97/108.08
[TICK] USTEC.F 23388.19/23390.90
[TICK] NAS100 23205.75/23206.95
[SUPERVISOR-XAUUSD] COOLDOWN EARLY EXIT fast_score=1
[GOLD-BRK-DIAG] phase=IDLE can_enter=0 spread_ok=1 freq_ok=1 bracket_open=0 stack_open=0 in_dead_zone=0 london_noise=0 in_asia=0 asia_ok=1 drift=1.90 l2_imb=0.500 can_arm=0 trend_bias=0 trend_blocked=0 pyramid_ok=0 impulse_block=0 cd_bypass=0 pyr_sl_age_s=1774858104 brk_hi=0.00 brk_lo=0.00 range=0.00 session_slot=1
[TICK] ESTX50 5500.30/5502.00
[TICK] UK100 10004.20/10006.40
[TICK] DX.F 100.06/100.16
[TICK] XAGUSD 70.69/70.72
[TICK] GER40 22233.40/22237.40
[TICK] GBPUSD 1.32/1.32
[TICK] AUDUSD 0.69/0.69
[TICK] DJ30.F 45564.10/45569.90
[GOLD-BRK-DIAG] phase=IDLE can_enter=0 spread_ok=1 freq_ok=1 bracket_open=0 stack_open=0 in_dead_zone=0 london_noise=0 in_asia=0 asia_ok=1 drift=1.95 l2_imb=0.500 can_arm=0 trend_bias=0 trend_blocked=0 pyramid_ok=0 impulse_block=0 cd_bypass=0 pyr_sl_age_s=1774858114 brk_hi=0.00 brk_lo=0.00 range=0.00 session_slot=1
[TICK] US500.F 6431.97/6432.78
[TICK] NZDUSD 0.57/0.57
[TICK] USDJPY 159.79/159.80
[TICK] EURUSD 1.15/1.15
[GOLD-BRK-DIAG] phase=IDLE can_enter=0 spread_ok=1 freq_ok=1 bracket_open=0 stack_open=0 in_dead_zone=0 london_noise=0 in_asia=0 asia_ok=1 drift=1.28 l2_imb=0.500 can_arm=0 trend_bias=0 trend_blocked=0 pyramid_ok=0 impulse_block=0 cd_bypass=0 pyr_sl_age_s=1774858124 brk_hi=0.00 brk_lo=0.00 range=0.00 session_slot=1
[CTRADER-STATUS] events_total=39191 this_min=2746 symbols=19
[CTRADER-EVTS] XAUUSD=309
[TICK] USOIL.F 101.68/101.75
[TICK] XAUUSD 4535.66/4535.88
[TICK] USTEC.F 23389.07/23391.78
[TICK] BRENT 107.95/108.06
[TICK] VIX.F 27.68/28.06
[TICK] NAS100 23214.05/23215.25
[TICK] NGAS.F 2.91/2.93
[GOLD-BRK-DIAG] phase=IDLE can_enter=0 spread_ok=1 freq_ok=1 bracket_open=0 stack_open=0 in_dead_zone=0 london_noise=0 in_asia=0 asia_ok=1 drift=1.08 l2_imb=0.500 can_arm=0 trend_bias=0 trend_blocked=0 pyramid_ok=0 impulse_block=0 cd_bypass=0 pyr_sl_age_s=1774858134 brk_hi=0.00 brk_lo=0.00 range=0.00 session_slot=1
[TICK] ESTX50 5502.30/5503.80
[TICK] UK100 10006.10/10010.50
[SUPERVISOR-XAUUSD] COOLDOWN EARLY EXIT fast_score=1
[TICK] XAGUSD 70.72/70.75
[TICK] DX.F 100.05/100.16
[TICK] GER40 22236.25/22237.25
[TICK] GBPUSD 1.32/1.32
[TICK] AUDUSD 0.69/0.69
[TICK] DJ30.F 45571.60/45577.40
[GOLD-BRK-DIAG] phase=IDLE can_enter=0 spread_ok=1 freq_ok=1 bracket_open=0 stack_open=0 in_dead_zone=0 london_noise=0 in_asia=0 asia_ok=1 drift=0.76 l2_imb=0.500 can_arm=0 trend_bias=0 trend_blocked=0 pyramid_ok=0 impulse_block=0 cd_bypass=0 pyr_sl_age_s=1774858144 brk_hi=0.00 brk_lo=0.00 range=0.00 session_slot=1
[TICK] US500.F 6435.09/6435.90
[TICK] USDJPY 159.78/159.79
[TICK] NZDUSD 0.57/0.57
[GOLD-BRK-DIAG] phase=IDLE can_enter=0 spread_ok=1 freq_ok=1 bracket_open=0 stack_open=0 in_dead_zone=0 london_noise=0 in_asia=0 asia_ok=1 drift=0.32 l2_imb=0.500 can_arm=0 trend_bias=0 trend_blocked=0 pyramid_ok=0 impulse_block=0 cd_bypass=0 pyr_sl_age_s=1774858154 brk_hi=0.00 brk_lo=0.00 range=0.00 session_slot=1
[OMEGA-DIAG] PnL=-215.95 T=6 WR=16.67% RTTp95=7.97ms cap=120.00ms lat_ok=1 session=ACTIVE
[OMEGA-DIAG] SP phase=0 recent=0.00% base=0.00% ratio=0.00
[OMEGA-DIAG] NQ phase=0 recent=0.00% base=0.00% ratio=0.00
[OMEGA-DIAG] CL phase=0 recent=0.00% base=0.00% ratio=0.00
[GOLD-DIAG] regime=COMPRESSION vwap=4528.59 vol_range=3.26
[OMEGA-PERF] GOLD_STACK liveT=6 livePnL=-215.95 WR=16.7% shadowT=0 shadowPnL=0.00 disabled=0
[TICK] USOIL.F 101.57/101.64
[TICK] EURUSD 1.15/1.15
[TICK] XAUUSD 4534.67/4534.89
[TICK] USTEC.F 23399.32/23402.03
[TICK] NAS100 23214.15/23215.35
[TICK] BRENT 107.81/107.92
[GOLD-BRK-DIAG] phase=IDLE can_enter=0 spread_ok=1 freq_ok=1 bracket_open=0 stack_open=0 in_dead_zone=0 london_noise=0 in_asia=0 asia_ok=1 drift=-0.14 l2_imb=0.500 can_arm=0 trend_bias=0 trend_blocked=0 pyramid_ok=0 impulse_block=0 cd_bypass=0 pyr_sl_age_s=1774858164 brk_hi=0.00 brk_lo=0.00 range=0.00 session_slot=1
[TICK] UK100 10005.10/10009.20
[TICK] ESTX50 5500.90/5502.40
[TICK] VIX.F 27.68/28.06
[TICK] GER40 22233.90/22234.90
[TICK] XAGUSD 70.68/70.72
[TICK] GBPUSD 1.32/1.32
[TICK] AUDUSD 0.69/0.69
[TICK] DX.F 100.06/100.16
[TICK] DJ30.F 45577.60/45583.40
[GOLD-BRK-DIAG] phase=IDLE can_enter=0 spread_ok=1 freq_ok=1 bracket_open=0 stack_open=0 in_dead_zone=0 london_noise=0 in_asia=0 asia_ok=1 drift=0.14 l2_imb=0.500 can_arm=0 trend_bias=0 trend_blocked=0 pyramid_ok=0 impulse_block=0 cd_bypass=0 pyr_sl_age_s=1774858174 brk_hi=0.00 brk_lo=0.00 range=0.00 session_slot=1
[TICK] US500.F 6436.47/6437.28
[SUPERVISOR-XAUUSD] COOLDOWN EARLY EXIT fast_score=1
[TICK] USDJPY 159.78/159.79
[TICK] NZDUSD 0.57/0.57
[GOLD-BRK-DIAG] phase=IDLE can_enter=0 spread_ok=1 freq_ok=1 bracket_open=0 stack_open=0 in_dead_zone=0 london_noise=0 in_asia=0 asia_ok=1 drift=0.37 l2_imb=0.498 can_arm=0 trend_bias=0 trend_blocked=0 pyramid_ok=0 impulse_block=0 cd_bypass=0 pyr_sl_age_s=1774858184 brk_hi=0.00 brk_lo=0.00 range=0.00 session_slot=1
[CTRADER-STATUS] events_total=41708 this_min=2517 symbols=19
[CTRADER-EVTS] XAUUSD=281
[TICK] USOIL.F 101.47/101.54
[TICK] NGAS.F 2.91/2.93
[TICK] EURUSD 1.15/1.15
[TICK] XAUUSD 4535.03/4535.24
[TICK] USTEC.F 23406.82/23409.53
[TICK] NAS100 23222.80/23224.00
[GOLD-BRK-DIAG] phase=IDLE can_enter=0 spread_ok=1 freq_ok=1 bracket_open=0 stack_open=0 in_dead_zone=0 london_noise=0 in_asia=0 asia_ok=1 drift=0.49 l2_imb=0.500 can_arm=0 trend_bias=0 trend_blocked=0 pyramid_ok=0 impulse_block=0 cd_bypass=0 pyr_sl_age_s=1774858195 brk_hi=0.00 brk_lo=0.00 range=0.00 session_slot=1
[TICK] UK100 10007.00/10008.00
[TICK] ESTX50 5502.40/5503.90
[TICK] BRENT 107.70/107.83
[TICK] GER40 22236.75/22237.75
[TICK] XAGUSD 70.72/70.75
[TICK] GBPUSD 1.32/1.32
[TICK] AUDUSD 0.69/0.69
[TICK] DJ30.F 45583.60/45589.40
[TICK] DX.F 100.06/100.16
[GOLD-BRK-DIAG] phase=IDLE can_enter=0 spread_ok=1 freq_ok=1 bracket_open=0 stack_open=0 in_dead_zone=0 london_noise=0 in_asia=0 asia_ok=1 drift=0.67 l2_imb=0.500 can_arm=0 trend_bias=0 trend_blocked=0 pyramid_ok=0 impulse_block=0 cd_bypass=0 pyr_sl_age_s=1774858205 brk_hi=0.00 brk_lo=0.00 range=0.00 session_slot=1
[TICK] US500.F 6436.97/6437.78
[TICK] USDJPY 159.77/159.78
[TICK] NZDUSD 0.57/0.57
[GOLD-BRK-DIAG] phase=IDLE can_enter=0 spread_ok=1 freq_ok=1 bracket_open=0 stack_open=0 in_dead_zone=0 london_noise=0 in_asia=0 asia_ok=1 drift=0.86 l2_imb=0.500 can_arm=0 trend_bias=0 trend_blocked=0 pyramid_ok=0 impulse_block=0 cd_bypass=0 pyr_sl_age_s=1774858215 brk_hi=0.00 brk_lo=0.00 range=0.00 session_slot=1
[OMEGA-DIAG] PnL=-215.95 T=6 WR=16.67% RTTp95=7.97ms cap=120.00ms lat_ok=1 session=ACTIVE
[OMEGA-DIAG] SP phase=0 recent=0.00% base=0.00% ratio=0.00
[OMEGA-DIAG] NQ phase=0 recent=0.00% base=0.00% ratio=0.00
[OMEGA-DIAG] CL phase=0 recent=0.00% base=0.00% ratio=0.00
[GOLD-DIAG] regime=COMPRESSION vwap=4528.95 vol_range=3.26
[OMEGA-PERF] GOLD_STACK liveT=6 livePnL=-215.95 WR=16.7% shadowT=0 shadowPnL=0.00 disabled=0
[TICK] USOIL.F 101.45/101.51
[TICK] XAUUSD 4536.29/4536.50
[TICK] EURUSD 1.15/1.15
[SUPERVISOR-XAUUSD] COOLDOWN EARLY EXIT fast_score=1
[TICK] USTEC.F 23408.57/23411.28
[TICK] NAS100 23226.55/23227.75
[TICK] NGAS.F 2.90/2.93
[GOLD-BRK-DIAG] phase=IDLE can_enter=0 spread_ok=1 freq_ok=1 bracket_open=0 stack_open=0 in_dead_zone=0 london_noise=0 in_asia=0 asia_ok=1 drift=1.30 l2_imb=0.500 can_arm=0 trend_bias=0 trend_blocked=0 pyramid_ok=0 impulse_block=0 cd_bypass=0 pyr_sl_age_s=1774858225 brk_hi=0.00 brk_lo=0.00 range=0.00 session_slot=1
[TICK] UK100 10008.90/10009.90
[TICK] ESTX50 5505.10/5506.50
[TICK] BRENT 107.62/107.75
[TICK] GER40 22247.30/22248.30
[TICK] XAGUSD 70.69/70.72
[TICK] AUDUSD 0.69/0.69
[TICK] GBPUSD 1.32/1.32
[TICK] DJ30.F 45582.10/45587.90
[GOLD-BRK-DIAG] phase=IDLE can_enter=0 spread_ok=1 freq_ok=1 bracket_open=0 stack_open=0 in_dead_zone=0 london_noise=0 in_asia=0 asia_ok=1 drift=0.80 l2_imb=0.500 can_arm=0 trend_bias=0 trend_blocked=0 pyramid_ok=0 impulse_block=0 cd_bypass=0 pyr_sl_age_s=1774858235 brk_hi=0.00 brk_lo=0.00 range=0.00 session_slot=1
[TICK] DX.F 100.05/100.15
[TICK] US500.F 6437.97/6438.78
[TICK] USDJPY 159.76/159.78
[TICK] NZDUSD 0.57/0.57
[CTRADER-STATUS] events_total=44266 this_min=2558 symbols=19
[CTRADER-EVTS] XAUUSD=276
[GOLD-BRK-DIAG] phase=IDLE can_enter=0 spread_ok=1 freq_ok=1 bracket_open=0 stack_open=0 in_dead_zone=0 london_noise=0 in_asia=0 asia_ok=1 drift=0.91 l2_imb=0.500 can_arm=0 trend_bias=0 trend_blocked=0 pyramid_ok=0 impulse_block=0 cd_bypass=0 pyr_sl_age_s=1774858245 brk_hi=0.00 brk_lo=0.00 range=0.00 session_slot=1
[TICK] USOIL.F 101.42/101.48
[TICK] XAUUSD 4535.59/4535.81
[TICK] EURUSD 1.15/1.15
[OMEGA] Price snapshot taken: 19 symbols
[OMEGA] SHADOW mode — preserving positions across reconnect
[OMEGA-SHADOW] Positions preserved across reconnect — skipping force-close
[OMEGA] Unsubscribed market data before disconnect
[OMEGA] Logout sent
[OMEGA-TRADE] Logout sent
[OMEGA] Shutdown
[CTRADER] Stopped
[OMEGA-TRADE] Disconnected -- reconnecting
