01:42:15 [OMEGA] Log: C:\Omega\logs/omega_2026-04-04.log
01:42:15 [OMEGA] Full Trade CSV: logs/trades/omega_trade_closes.csv
01:42:15 [OMEGA] Trade Opens CSV: logs/trades/omega_trade_opens.csv
01:42:15 [OMEGA] Daily Trade Logs: logs/trades/omega_trade_closes_YYYY-MM-DD.csv (UTC, 5-file retention)
01:42:15 [OMEGA] Daily Gold Logs: logs/gold/omega_gold_trade_closes_YYYY-MM-DD.csv (UTC, 5-file retention)
01:42:15 [OMEGA] Daily Shadow Trade Logs: logs/shadow/trades/omega_shadow_trades_YYYY-MM-DD.csv (UTC, 5-file retention)
01:42:15 [OMEGA] Shadow CSV: logs/shadow/omega_shadow.csv
01:42:15 [OMEGA] Startup reload: no today CSV yet (logs/trades/omega_trade_closes_2026-04-04.csv) -- clean start
01:42:15 [OmegaHTTP] Direct snapshot pointer OK
01:42:15 [OmegaWS] WebSocket port 7780
01:42:15 [OmegaHTTP] port 7779
01:42:15 [OMEGA] GUI http://localhost:7779  WS:7780
01:42:15 [CTRADER] Pre-blocked trendbar reqs + live subs -- no crash loop
01:42:15 [CTRADER] Depth client started (ctid=44937427)
01:42:15 [CTRADER] Depth feed starting (ctid=44937427)
01:42:15 [OMEGA] FIX loop starting -- SHADOW mode
01:42:15 [OMEGA-TRADE] Connecting live-uk-eqx-02.p.c-trader.com:5212
01:42:15 [OMEGA-TRADE] Logon sent
01:42:15 [OMEGA-TRADE] LOGON ACCEPTED
01:42:15 [OMEGA-TRADE] SecurityListRequest sent req_id=omega-sec-1775266935
01:42:15 [OMEGA-SECURITY] learned ext id EURUSD -> 1
01:42:15 [OMEGA-SECURITY] learned ext id GBPUSD -> 2
01:42:15 [OMEGA-SECURITY] learned ext id USDJPY -> 4
01:42:15 [OMEGA-SECURITY] learned ext id AUDUSD -> 5
01:42:15 [OMEGA-SECURITY] learned ext id NZDUSD -> 12
01:42:15 [OMEGA-SECURITY] learned ext id XAGUSD -> 42
01:42:15 [OMEGA-SECURITY] learned ext id BRENT -> 109
01:42:15 [OMEGA-SECURITY] UNMATCHED: 'UK100.F' id=4461
01:42:15 [OMEGA-SECURITY] learned ext id ESTX50 -> 1898
01:42:15 [OMEGA-SECURITY] learned ext id GER40 -> 1899
01:42:15 [OMEGA-SECURITY] learned ext id UK100 -> 1901
01:42:15 [OMEGA-SECURITY] UNMATCHED: 'UKBRENT.F' id=2634
01:42:15 [OMEGA-SECURITY] UNMATCHED: 'ESTC' id=3229
01:42:15 [OMEGA-TRADE] SecurityList received req_id=omega-sec-1775266935 entries=1551 (ext IDs updated -- will re-subscribe)
01:42:16 [OMEGA] Connecting live-uk-eqx-02.p.c-trader.com:5211
01:42:16 [OMEGA] Logon sent
01:42:16 [OMEGA] LOGON ACCEPTED
01:42:16 [OMEGA] Subscribed ALL symbols (OMEGA-MD-ALL)
