00:21:45 [OMEGA] Log: C:\Omega\logs/omega_2026-04-06.log
00:21:45 [OMEGA] Full Trade CSV: logs/trades/omega_trade_closes.csv
00:21:45 [OMEGA] Trade Opens CSV: logs/trades/omega_trade_opens.csv
00:21:45 [OMEGA] Daily Trade Logs: logs/trades/omega_trade_closes_YYYY-MM-DD.csv (UTC, 5-file retention)
00:21:45 [OMEGA] Daily Gold Logs: logs/gold/omega_gold_trade_closes_YYYY-MM-DD.csv (UTC, 5-file retention)
00:21:45 [OMEGA] Daily Shadow Trade Logs: logs/shadow/trades/omega_shadow_trades_YYYY-MM-DD.csv (UTC, 5-file retention)
00:21:45 [OMEGA] Shadow CSV: logs/shadow/omega_shadow.csv
00:21:45 [OMEGA] Startup reload: no today CSV yet (logs/trades/omega_trade_closes_2026-04-06.csv) -- clean start
00:21:45 [OmegaHTTP] Direct snapshot pointer OK
00:21:45 [OmegaHTTP] port [OmegaWS] WebSocket port 77777890
00:21:45 
00:21:46 [OMEGA] GUI http://localhost:7779  WS:7780
00:21:46 [CTRADER] Pre-blocked trendbar reqs + live subs -- no crash loop
00:21:46 [CTRADER] Depth client started (ctid=44937427)
00:21:46 [CTRADER] Depth feed starting (ctid=44937427)
00:21:46 [OMEGA] FIX loop starting -- SHADOW mode
00:21:46 [OMEGA-TRADE] Connecting live-uk-eqx-02.p.c-trader.com:5212
00:21:46 [OMEGA-TRADE] Logon sent
00:21:46 [OMEGA-TRADE] LOGON ACCEPTED
00:21:46 [OMEGA-TRADE] SecurityListRequest sent req_id=omega-sec-1775434906
00:21:46 [OMEGA-SECURITY] learned ext id EURUSD -> 1
00:21:46 [OMEGA-SECURITY] learned ext id GBPUSD -> 2
00:21:46 [OMEGA-SECURITY] learned ext id USDJPY -> 4
00:21:46 [OMEGA-SECURITY] learned ext id AUDUSD -> 5
00:21:46 [OMEGA-SECURITY] learned ext id NZDUSD -> 12
00:21:46 [OMEGA-SECURITY] learned ext id XAGUSD -> 42
00:21:46 [OMEGA-SECURITY] learned ext id BRENT -> 109
00:21:46 [OMEGA-SECURITY] UNMATCHED: 'UK100.F' id=4461
00:21:46 [OMEGA-SECURITY] learned ext id ESTX50 -> 1898
00:21:46 [OMEGA-SECURITY] learned ext id GER40 -> 1899
00:21:46 [OMEGA-SECURITY] learned ext id UK100 -> 1901
00:21:46 [OMEGA-SECURITY] UNMATCHED: 'UKBRENT.F' id=2634
00:21:46 [OMEGA-SECURITY] UNMATCHED: 'ESTC' id=3229
00:21:46 [OMEGA-TRADE] SecurityList received req_id=omega-sec-1775434906 entries=1551 (ext IDs updated -- will re-subscribe)
00:21:46 [OMEGA] Connecting live-uk-eqx-02.p.c-trader.com:5211
00:21:46 [OMEGA] Logon sent
00:21:46 [OMEGA] LOGON ACCEPTED
00:21:46 [OMEGA] Subscribed ALL symbols (OMEGA-MD-ALL)
00:21:46 [OMEGA] Re-subscribed ALL symbols with learned ext IDs (GER40/UK100/ESTX50/XAGUSD/EURUSD/BRENT/GBPUSD/AUDUSD/NZDUSD/USDJPY now included)
00:21:46 [TICK] EURUSD 1.15/1.15
00:21:46 [TICK] GBPUSD 1.32/1.32
00:21:46 [TICK] USDJPY 159.75/159.76
00:21:46 [TICK] AUDUSD 0.69/0.69
00:21:46 [TICK] XAUUSD 4616.92/4617.14
00:21:46 [SUPERVISOR-XAUUSD] regime=QUIET_COMPRESSION conf=0.69 bracket=0.78 breakout=0.00 top_score=0.78 threshold=0.25 winner=BRACKET allow=1 cooldown=0 reason=valid_signal
00:21:46 [GOLD-BRK-DIAG] phase=IDLE can_enter=0 spread_ok=1 freq_ok=1 bracket_open=0 stack_open=0 in_dead_zone=0 london_noise=0 in_asia=1 asia_ok=0 drift=-0.00 l2_imb=0.500 can_arm=0 trend_bias=0 trend_blocked=0 pyramid_ok=0 impulse_block=0 cd_bypass=0 pyr_sl_age_s=never brk_hi=0.00 brk_lo=0.00 range=0.00 session_slot=6
00:21:46 [TICK] XAGUSD 72.05/72.08
00:21:46 [TICK] NZDUSD 0.57/0.57
00:21:46 [TICK] NGAS.F 2.83/2.85
00:21:46 [TICK] USOIL.F 112.79/112.87
00:21:46 [TICK] ESTX50 5699.40/5700.80
00:21:46 [TICK] GER40 23202.60/23204.30
00:21:46 [TICK] DJ30.F 46526.10/46531.90
00:21:46 [TICK] UK100 10455.10/10456.90
00:21:46 [TICK] BRENT 107.80/108.39
00:21:46 [TICK] VIX.F 24.63/25.01
00:21:46 [TICK] DX.F 99.98/100.08
00:21:46 [TICK] NAS100 23983.15/23984.35
00:21:46 [TICK] US500.F 6599.97/6600.78
00:21:46 [TICK] USTEC.F 24160.69/24163.40
00:21:51 [CTRADER-AUDIT] Symbol subscription check:
00:21:51 [CTRADER-AUDIT]   US500.F -> *** FIX FALLBACK ONLY ***
00:21:51 [CTRADER-AUDIT]   USTEC.F -> *** FIX FALLBACK ONLY ***
00:21:51 [CTRADER-AUDIT]   USOIL.F -> *** FIX FALLBACK ONLY ***
00:21:51 [CTRADER-AUDIT]   VIX.F -> *** FIX FALLBACK ONLY ***
00:21:51 [CTRADER-AUDIT]   DX.F -> *** FIX FALLBACK ONLY ***
00:21:51 [CTRADER-AUDIT]   DJ30.F -> *** FIX FALLBACK ONLY ***
00:21:51 [CTRADER-AUDIT]   NAS100 -> *** FIX FALLBACK ONLY ***
00:21:51 [CTRADER-AUDIT]   XAUUSD -> *** FIX FALLBACK ONLY ***
00:21:51 [CTRADER-AUDIT]   NGAS.F -> *** FIX FALLBACK ONLY ***
00:21:51 [CTRADER-AUDIT]   GER40 -> *** FIX FALLBACK ONLY ***
00:21:51 [CTRADER-AUDIT]   UK100 -> *** FIX FALLBACK ONLY ***
00:21:51 [CTRADER-AUDIT]   ESTX50 -> *** FIX FALLBACK ONLY ***
00:21:51 [CTRADER-AUDIT]   XAGUSD -> *** FIX FALLBACK ONLY ***
00:21:51 [CTRADER-AUDIT]   EURUSD -> *** FIX FALLBACK ONLY ***
00:21:51 [CTRADER-AUDIT]   BRENT -> *** FIX FALLBACK ONLY ***
00:21:51 [CTRADER-AUDIT]   GBPUSD -> *** FIX FALLBACK ONLY ***
00:21:51 [CTRADER-AUDIT]   AUDUSD -> *** FIX FALLBACK ONLY ***
00:21:51 [CTRADER-AUDIT]   NZDUSD -> *** FIX FALLBACK ONLY ***
00:21:51 [CTRADER-AUDIT]   USDJPY -> *** FIX FALLBACK ONLY ***
00:21:57 [GOLD-BRK-DIAG] phase=IDLE can_enter=1 spread_ok=1 freq_ok=1 bracket_open=0 stack_open=0 in_dead_zone=0 london_noise=0 in_asia=1 asia_ok=0 drift=0.29 l2_imb=0.500 can_arm=1 trend_bias=0 trend_blocked=0 pyramid_ok=0 impulse_block=0 cd_bypass=0 pyr_sl_age_s=never brk_hi=0.00 brk_lo=0.00 range=0.00 session_slot=6
00:22:05 [SUPERVISOR-XAUUSD] regime=EXPANSION_BREAKOUT conf=2.32 bracket=0.33 breakout=2.59 top_score=2.59 threshold=0.25 winner=BREAKOUT allow=1 cooldown=0 reason=valid_signal
00:22:07 [SUPERVISOR-XAUUSD] regime=EXPANSION_BREAKOUT conf=1.59 bracket=0.32 breakout=2.53 top_score=2.53 threshold=0.25 winner=NONE allow=0 cooldown=0 reason=high_risk_no_trade
00:22:07 [GOLD-BRK-DIAG] phase=IDLE can_enter=0 spread_ok=1 freq_ok=1 bracket_open=0 stack_open=0 in_dead_zone=0 london_noise=0 in_asia=1 asia_ok=0 drift=-0.39 l2_imb=0.500 can_arm=0 trend_bias=0 trend_blocked=0 pyramid_ok=0 impulse_block=0 cd_bypass=0 pyr_sl_age_s=never brk_hi=0.00 brk_lo=0.00 range=0.00 session_slot=6
00:22:07 [SUPERVISOR-XAUUSD] regime=QUIET_COMPRESSION conf=0.42 bracket=0.55 breakout=2.69 top_score=2.69 threshold=0.25 winner=NONE allow=0 cooldown=0 reason=high_risk_no_trade
00:22:08 [SUPERVISOR-XAUUSD] regime=EXPANSION_BREAKOUT conf=2.19 bracket=0.32 breakout=2.47 top_score=2.47 threshold=0.25 winner=NONE allow=0 cooldown=0 reason=high_risk_no_trade
00:22:09 [SUPERVISOR-XAUUSD] regime=QUIET_COMPRESSION conf=0.42 bracket=0.55 breakout=2.65 top_score=2.65 threshold=0.25 winner=NONE allow=0 cooldown=0 reason=high_risk_no_trade
00:22:09 [SUPERVISOR-XAUUSD] regime=QUIET_COMPRESSION conf=0.42 bracket=0.55 breakout=2.61 top_score=2.61 threshold=0.25 winner=BRACKET allow=1 cooldown=0 reason=valid_signal
00:22:16 [CTRADER] Connecting live.ctraderapi.com:5035
00:22:16 [CTRADER] ApplicationAuthReq sent
00:22:16 [CTRADER] Application authorized
00:22:16 [CTRADER] AccountAuthReq sent
00:22:16 [CTRADER] Account 44937427 authorized
00:22:16 [CTRADER] XAUUSD-PIN: id=41 name=XAUUSD (matched FIX id=41)
00:22:16 [CTRADER] PINNED: XAUUSD spot id=41 (XAUUSD) -- all other XAU/gold blocked
00:22:16 [CTRADER] Subscribe depth: EURUSD id=1
00:22:16 [CTRADER] Subscribe depth: NAS100 id=110
00:22:16 [CTRADER] BLOCKED: XAUUSD.P id=2597 (gold non-spot)
00:22:16 [CTRADER] Subscribe depth: NGAS.F id=2631
00:22:16 [CTRADER] Subscribe depth: GBPUSD id=2
00:22:16 [CTRADER] Subscribe depth: XAGUSD id=42
00:22:16 [CTRADER] Subscribe depth: USOIL.F id=2632
00:22:16 [CTRADER] Subscribe depth: ESTX50 id=1898
00:22:16 [CTRADER] BLOCKED: XAUEUR.P id=2629 (gold non-spot)
00:22:16 [CTRADER] Subscribe depth: USDJPY id=4
00:22:16 [CTRADER] BLOCKED: XAUEUR id=93 (gold non-spot)
00:22:16 [CTRADER] Subscribe depth: BRENT id=109
00:22:16 [CTRADER] Subscribe depth: GER40 id=1899
00:22:16 [CTRADER] Subscribe depth: DJ30.F id=2637
00:22:16 [CTRADER] Subscribe depth: AUDUSD id=5
00:22:16 [CTRADER] Subscribe depth: DX.F id=2638
00:22:16 [CTRADER] Subscribe depth: UK100 id=1901
00:22:16 [CTRADER] BLOCKED: XAUJPY id=4766 (gold non-spot)
00:22:16 [CTRADER] Subscribe depth: US500.F id=2642
00:22:16 [CTRADER] BLOCKED: XAUJPY.P id=4767 (gold non-spot)
00:22:16 [CTRADER] Subscribe depth: USTEC.F id=2643
00:22:16 [CTRADER] BLOCKED: XAUGBP id=4768 (gold non-spot)
00:22:16 [CTRADER] BLOCKED: XAUGBP.P id=4769 (gold non-spot)
00:22:16 [CTRADER] BLOCKED: XAUCNH id=4770 (gold non-spot)
00:22:16 [CTRADER] BLOCKED: GOLD.F id=2660 (gold non-spot)
00:22:16 [CTRADER] Subscribe depth: NZDUSD id=12
00:22:16 [CTRADER] BLOCKED: XAUCNH.P id=4771 (gold non-spot)
00:22:16 [CTRADER] BLOCKED: XAUAUD id=4772 (gold non-spot)
00:22:16 [CTRADER] Subscribe depth: VIX.F id=4462
00:22:16 [CTRADER] BLOCKED: XAUAUD.P id=4773 (gold non-spot)
00:22:16 [CTRADER] SKIP-DUP: VIX id=4818 -> VIX.F (already subscribed)
00:22:16 [CTRADER] Symbol list: 1551 total, 19 to subscribe
00:22:16 [CTRADER] XAUUSD spots sub sent (pre-depth, enables depth events)
00:22:16 [CTRADER] Subscribed to 19 symbols
00:22:16 [CTRADER] Depth feed ACTIVE -- 19 symbols
00:22:16 [CTRADER-BARS] XAUUSD cold start -- requesting M15 tick data (no bars_gold_m15.dat)
00:22:16 [SUPERVISOR-XAUUSD] regime=QUIET_COMPRESSION conf=1.45 bracket=0.55 breakout=2.42 top_score=2.42 threshold=0.25 winner=NONE allow=0 cooldown=0 reason=high_risk_no_trade
00:22:16 [TICK] USDJPY 159.75/159.77
00:22:16 [TICK] USTEC.F 24161.19/24163.90
00:22:16 [TICK] XAGUSD 72.06/72.09
00:22:16 [TICK] NAS100 23983.50/23984.70
00:22:17 [TICK] AUDUSD 0.69/0.69
00:22:17 [TICK] XAUUSD 4616.56/4616.78
00:22:17 [TICK] USOIL.F 112.76/112.83
00:22:17 [GOLD-BRK-DIAG] phase=IDLE can_enter=0 spread_ok=1 freq_ok=1 bracket_open=0 stack_open=0 in_dead_zone=0 london_noise=0 in_asia=1 asia_ok=0 drift=-0.01 l2_imb=0.486 can_arm=0 trend_bias=0 trend_blocked=0 pyramid_ok=0 impulse_block=0 cd_bypass=0 pyr_sl_age_s=never brk_hi=0.00 brk_lo=0.00 range=0.00 session_slot=6
00:22:17 [TICK] US500.F 6600.09/6600.90
00:22:17 [TICK] EURUSD 1.15/1.15
00:22:17 [SUPERVISOR-XAUUSD] regime=EXPANSION_BREAKOUT conf=2.07 bracket=0.32 breakout=2.32 top_score=2.32 threshold=0.25 winner=NONE allow=0 cooldown=0 reason=high_risk_no_trade
00:22:17 [TICK] NGAS.F 2.83/2.86
00:22:17 [SUPERVISOR-XAUUSD] regime=EXPANSION_BREAKOUT conf=2.06 bracket=0.32 breakout=2.31 top_score=2.31 threshold=0.25 winner=BREAKOUT allow=1 cooldown=0 reason=valid_signal
00:22:18 [STARTUP-CHECK] cTrader depth connected (32s)
00:22:18 [STARTUP-CHECK] Gold L2 live (32s)
00:22:18 [STARTUP-CHECK] OK: cTrader live, L2 live (imb=0.493)
00:22:18 [TICK] GBPUSD 1.32/1.32
00:22:18 [TICK] DJ30.F 46527.60/46533.40
00:22:19 [SUPERVISOR-XAUUSD] regime=EXPANSION_BREAKOUT conf=1.42 bracket=0.32 breakout=2.26 top_score=2.26 threshold=0.25 winner=NONE allow=0 cooldown=0 reason=high_risk_no_trade
00:22:22 [TICK] NZDUSD 0.57/0.57
00:22:24 [SUPERVISOR-XAUUSD] regime=QUIET_COMPRESSION conf=0.43 bracket=0.56 breakout=0.86 top_score=0.86 threshold=0.25 winner=NONE allow=0 cooldown=0 reason=high_risk_no_trade
00:22:25 [SUPERVISOR-XAUUSD] regime=QUIET_COMPRESSION conf=0.43 bracket=0.56 breakout=0.85 top_score=0.85 threshold=0.25 winner=BRACKET allow=1 cooldown=0 reason=valid_signal
00:22:26 [CTRADER-BARS] XAUUSD spots sub sent
00:22:26 [CTRADER-BARS] Spots sub ACK
00:22:26 [CTRADER-BARS] XAUUSD tick data req (period=7 via pt=2145, avoids pt=2137 crash)
00:22:26 [CTRADER-BARS] XAUUSD M5 (ticks): seeded 11 bars, trend=0
00:22:26 [CTRADER-BARS] XAUUSD M15 (ticks): seeded 4 bars, EMA9=14.25 EMA50=14.25 ATR=154047.67
00:22:27 [GOLD-BRK-DIAG] phase=IDLE can_enter=0 spread_ok=1 freq_ok=1 bracket_open=0 stack_open=0 in_dead_zone=0 london_noise=0 in_asia=1 asia_ok=0 drift=0.10 l2_imb=0.500 can_arm=0 trend_bias=0 trend_blocked=0 pyramid_ok=0 impulse_block=0 cd_bypass=0 pyr_sl_age_s=never brk_hi=0.00 brk_lo=0.00 range=0.00 session_slot=6
00:22:27 [TICK] DX.F 99.98/100.08
00:22:29 [SUPERVISOR-XAUUSD] regime=QUIET_COMPRESSION conf=0.63 bracket=0.56 breakout=0.78 top_score=0.78 threshold=0.25 winner=NONE allow=0 cooldown=0 reason=high_risk_no_trade
00:22:35 [SUPERVISOR-XAUUSD] regime=QUIET_COMPRESSION conf=0.51 bracket=0.63 breakout=0.10 top_score=0.63 threshold=0.25 winner=BRACKET allow=1 cooldown=0 reason=valid_signal
00:22:37 [GOLD-BRK-DIAG] phase=IDLE can_enter=0 spread_ok=1 freq_ok=1 bracket_open=0 stack_open=0 in_dead_zone=0 london_noise=0 in_asia=1 asia_ok=0 drift=-0.29 l2_imb=0.500 can_arm=0 trend_bias=0 trend_blocked=0 pyramid_ok=0 impulse_block=0 cd_bypass=0 pyr_sl_age_s=never brk_hi=0.00 brk_lo=0.00 range=0.00 session_slot=6
00:22:41 [TICK] VIX.F 24.63/25.02
00:22:43 [SUPERVISOR-XAUUSD] regime=EXPANSION_BREAKOUT conf=0.43 bracket=0.34 breakout=0.54 top_score=0.54 threshold=0.25 winner=BREAKOUT allow=1 cooldown=0 reason=valid_signal
00:22:45 [SUPERVISOR-XAUUSD] regime=QUIET_COMPRESSION conf=0.48 bracket=0.60 breakout=0.29 top_score=0.60 threshold=0.25 winner=BRACKET allow=1 cooldown=0 reason=valid_signal
00:22:45 [TICK] BRENT 107.64/108.33
00:22:46 [SUPERVISOR-XAUUSD] regime=EXPANSION_BREAKOUT conf=0.53 bracket=0.34 breakout=0.62 top_score=0.62 threshold=0.25 winner=BREAKOUT allow=1 cooldown=0 reason=valid_signal
00:22:46 [OMEGA-DIAG] PnL=0.00 T=0 WR=0.00% RTTp95=9.91ms cap=120.00ms lat_ok=1 session=ACTIVE
00:22:46 [OMEGA-DIAG] SP phase=0 recent=0.00% base=0.00% ratio=0.00
00:22:46 [OMEGA-DIAG] NQ phase=0 recent=0.00% base=0.00% ratio=0.00
00:22:46 [OMEGA-DIAG] CL phase=0 recent=0.00% base=0.00% ratio=0.00
00:22:46 [GOLD-DIAG] regime=COMPRESSION vwap=4616.97 vol_range=1.39
00:22:47 [TICK] USDJPY 159.75/159.76
00:22:47 [TICK] AUDUSD 0.69/0.69
00:22:47 [TICK] XAGUSD 72.05/72.08
00:22:47 [TICK] USTEC.F 24162.32/24165.03
00:22:47 [TICK] NAS100 23984.75/23985.95
00:22:47 [TICK] XAUUSD 4617.88/4618.10
00:22:47 [TICK] USOIL.F 112.65/112.72
00:22:47 [GOLD-BRK-DIAG] phase=IDLE can_enter=0 spread_ok=1 freq_ok=1 bracket_open=0 stack_open=0 in_dead_zone=0 london_noise=0 in_asia=1 asia_ok=0 drift=0.42 l2_imb=0.486 can_arm=0 trend_bias=0 trend_blocked=0 pyramid_ok=0 impulse_block=0 cd_bypass=0 pyr_sl_age_s=never brk_hi=0.00 brk_lo=0.00 range=0.00 session_slot=6
00:22:48 [TICK] EURUSD 1.15/1.15
00:22:48 [TICK] GBPUSD 1.32/1.32
00:22:49 [SUPERVISOR-XAUUSD] regime=TREND_CONTINUATION conf=2.01 bracket=0.95 breakout=1.70 top_score=1.70 threshold=0.25 winner=BREAKOUT allow=1 cooldown=0 reason=valid_signal
00:22:49 [TICK] DJ30.F 46530.10/46535.90
00:22:49 [TICK] US500.F 6600.47/6601.28
00:22:52 [TICK] NZDUSD 0.57/0.57
00:22:57 [SUPERVISOR-XAUUSD] regime=EXPANSION_BREAKOUT conf=2.95 bracket=0.31 breakout=3.25 top_score=3.25 threshold=0.25 winner=BREAKOUT allow=1 cooldown=0 reason=valid_signal
00:22:57 [GOLD-BRK-DIAG] phase=IDLE can_enter=1 spread_ok=1 freq_ok=1 bracket_open=0 stack_open=0 in_dead_zone=0 london_noise=0 in_asia=1 asia_ok=1 drift=1.51 l2_imb=0.501 can_arm=1 trend_bias=0 trend_blocked=0 pyramid_ok=0 impulse_block=0 cd_bypass=0 pyr_sl_age_s=never brk_hi=0.00 brk_lo=0.00 range=0.00 session_slot=6
00:22:59 [TICK] DX.F 99.97/100.07
00:22:59 [SUPERVISOR-XAUUSD] regime=TREND_CONTINUATION conf=2.80 bracket=0.83 breakout=2.13 top_score=2.13 threshold=0.25 winner=BREAKOUT allow=1 cooldown=0 reason=valid_signal
00:23:00 [SUPERVISOR-XAUUSD] regime=EXPANSION_BREAKOUT conf=2.72 bracket=0.31 breakout=2.99 top_score=2.99 threshold=0.25 winner=BREAKOUT allow=1 cooldown=0 reason=valid_signal
00:23:01 [TICK] NGAS.F 2.83/2.86
00:23:02 [SUPERVISOR-XAUUSD] regime=TREND_CONTINUATION conf=2.71 bracket=0.95 breakout=2.16 top_score=2.16 threshold=0.25 winner=BREAKOUT allow=1 cooldown=0 reason=valid_signal
00:23:06 [SUPERVISOR-XAUUSD] regime=EXPANSION_BREAKOUT conf=1.48 bracket=0.32 breakout=1.59 top_score=1.59 threshold=0.25 winner=BREAKOUT allow=1 cooldown=0 reason=valid_signal
00:23:08 [GOLD-BRK-DIAG] phase=IDLE can_enter=0 spread_ok=1 freq_ok=1 bracket_open=0 stack_open=0 in_dead_zone=0 london_noise=0 in_asia=1 asia_ok=1 drift=1.36 l2_imb=0.500 can_arm=0 trend_bias=0 trend_blocked=0 pyramid_ok=0 impulse_block=0 cd_bypass=0 pyr_sl_age_s=never brk_hi=0.00 brk_lo=0.00 range=0.00 session_slot=6
00:23:08 [SUPERVISOR-XAUUSD] regime=TREND_CONTINUATION conf=1.64 bracket=0.95 breakout=1.46 top_score=1.46 threshold=0.25 winner=BREAKOUT allow=1 cooldown=0 reason=valid_signal
00:23:11 [SUPERVISOR-XAUUSD] regime=EXPANSION_BREAKOUT conf=1.44 bracket=0.32 breakout=1.55 top_score=1.55 threshold=0.25 winner=BREAKOUT allow=1 cooldown=0 reason=valid_signal
00:23:12 [TICK] VIX.F 24.53/24.91
00:23:16 [CTRADER-STATUS] events_total=1931 this_min=1931 symbols=19
00:23:16 [CTRADER-EVTS] XAUUSD=311
00:23:16 [CTRADER-EVTS] AUDUSD=125
00:23:16 [CTRADER-EVTS] USTEC.F=191
00:23:16 [CTRADER-EVTS] USOIL.F=123
00:23:16 [CTRADER-EVTS] NGAS.F=17
00:23:16 [CTRADER-EVTS] USDJPY=131
00:23:16 [CTRADER-EVTS] XAGUSD=198
00:23:16 [CTRADER-EVTS] NAS100=186
00:23:16 [CTRADER-EVTS] US500.F=108
00:23:16 [CTRADER-EVTS] EURUSD=117
00:23:16 [CTRADER-EVTS] DJ30.F=101
00:23:16 [CTRADER-EVTS] GBPUSD=160
00:23:16 [CTRADER-EVTS] NZDUSD=103
00:23:16 [CTRADER-EVTS] DX.F=20
00:23:16 [CTRADER-EVTS] BRENT=19
00:23:16 [CTRADER-EVTS] VIX.F=21
00:23:16 [CTRADER-EVTS] ESTX50=0 (no events this minute)
00:23:16 [CTRADER-EVTS] GER40=0 (no events this minute)
00:23:16 [CTRADER-EVTS] UK100=0 (no events this minute)
00:23:17 [TICK] USDJPY 159.74/159.75
00:23:17 [TICK] USTEC.F 24185.94/24188.65
00:23:17 [TICK] XAUUSD 4620.10/4620.32
00:23:17 [TICK] AUDUSD 0.69/0.69
00:23:17 [TICK] NAS100 24008.75/24009.95
00:23:17 [TICK] XAGUSD 72.18/72.22
00:23:17 [TICK] USOIL.F 112.35/112.41
00:23:18 [GOLD-BRK-DIAG] phase=IDLE can_enter=1 spread_ok=1 freq_ok=1 bracket_open=0 stack_open=0 in_dead_zone=0 london_noise=0 in_asia=1 asia_ok=1 drift=1.62 l2_imb=0.500 can_arm=1 trend_bias=0 trend_blocked=0 pyramid_ok=0 impulse_block=0 cd_bypass=0 pyr_sl_age_s=never brk_hi=0.00 brk_lo=0.00 range=0.00 session_slot=6
00:23:19 [TICK] EURUSD 1.15/1.15
00:23:19 [TICK] GBPUSD 1.32/1.32
00:23:19 [TICK] US500.F 6605.59/6606.40
00:23:19 [TICK] DJ30.F 46551.60/46557.40
00:23:20 [TICK] BRENT 107.39/108.03
00:23:22 [SUPERVISOR-XAUUSD] regime=TREND_CONTINUATION conf=1.59 bracket=0.95 breakout=1.43 top_score=1.43 threshold=0.25 winner=BREAKOUT allow=1 cooldown=0 reason=valid_signal
00:23:22 [TICK] NZDUSD 0.57/0.57
00:23:23 [SUPERVISOR-XAUUSD] regime=EXPANSION_BREAKOUT conf=1.44 bracket=0.31 breakout=1.55 top_score=1.55 threshold=0.25 winner=BREAKOUT allow=1 cooldown=0 reason=valid_signal
00:23:28 [GOLD-BRK-DIAG] phase=IDLE can_enter=1 spread_ok=1 freq_ok=1 bracket_open=0 stack_open=0 in_dead_zone=0 london_noise=0 in_asia=1 asia_ok=1 drift=1.62 l2_imb=0.500 can_arm=1 trend_bias=0 trend_blocked=0 pyramid_ok=0 impulse_block=0 cd_bypass=0 pyr_sl_age_s=never brk_hi=0.00 brk_lo=0.00 range=0.00 session_slot=6
00:23:29 [TICK] DX.F 99.97/100.07
00:23:29 [SUPERVISOR-XAUUSD] regime=QUIET_COMPRESSION conf=0.50 bracket=0.62 breakout=0.40 top_score=0.62 threshold=0.25 winner=BRACKET allow=1 cooldown=0 reason=valid_signal
00:23:38 [GOLD-BRK-DIAG] phase=IDLE can_enter=1 spread_ok=1 freq_ok=1 bracket_open=0 stack_open=0 in_dead_zone=0 london_noise=0 in_asia=1 asia_ok=1 drift=1.64 l2_imb=0.500 can_arm=1 trend_bias=0 trend_blocked=0 pyramid_ok=0 impulse_block=0 cd_bypass=0 pyr_sl_age_s=never brk_hi=0.00 brk_lo=0.00 range=0.00 session_slot=6
00:23:44 [TICK] VIX.F 24.53/24.91
00:23:46 [TICK] NGAS.F 2.83/2.85
00:23:46 [OMEGA-DIAG] PnL=0 T=0 WR=0% RTTp95=9.915ms cap=120ms lat_ok=1 session=ACTIVE
00:23:46 [OMEGA-DIAG] SP phase=0 recent=0% base=0% ratio=0
00:23:46 [OMEGA-DIAG] NQ phase=0 recent=0% base=0% ratio=0
00:23:46 [OMEGA-DIAG] CL phase=0 recent=0% base=0% ratio=0
00:23:46 [GOLD-DIAG] regime=COMPRESSION vwap=4618.63 vol_range=1.10
00:23:47 [TICK] USTEC.F 24185.32/24188.03
00:23:47 [TICK] XAUUSD 4621.09/4621.31
00:23:47 [TICK] NAS100 24007.25/24008.45
00:23:47 [TICK] AUDUSD 0.69/0.69
00:23:47 [TICK] XAGUSD 72.20/72.23
00:23:48 [TICK] USOIL.F 112.41/112.48
00:23:48 [GOLD-BRK-DIAG] phase=IDLE can_enter=0 spread_ok=1 freq_ok=1 bracket_open=0 stack_open=0 in_dead_zone=0 london_noise=0 in_asia=1 asia_ok=1 drift=1.34 l2_imb=0.500 can_arm=0 trend_bias=0 trend_blocked=0 pyramid_ok=0 impulse_block=0 cd_bypass=0 pyr_sl_age_s=never brk_hi=0.00 brk_lo=0.00 range=0.00 session_slot=6
00:23:49 [TICK] USDJPY 159.73/159.74
00:23:49 [TICK] DJ30.F 46556.60/46562.40
00:23:50 [TICK] US500.F 6605.72/6606.53
00:23:50 [TICK] GBPUSD 1.32/1.32
00:23:50 [TICK] EURUSD 1.15/1.15
00:23:52 [TICK] BRENT 107.42/108.03
00:23:52 [TICK] NZDUSD 0.57/0.57
00:23:58 [GOLD-BRK-DIAG] phase=IDLE can_enter=0 spread_ok=1 freq_ok=1 bracket_open=0 stack_open=0 in_dead_zone=0 london_noise=0 in_asia=1 asia_ok=1 drift=0.84 l2_imb=0.501 can_arm=0 trend_bias=0 trend_blocked=0 pyramid_ok=0 impulse_block=0 cd_bypass=0 pyr_sl_age_s=never brk_hi=0.00 brk_lo=0.00 range=0.00 session_slot=6
00:24:00 [TICK] DX.F 99.96/100.06
00:24:08 [GOLD-BRK-DIAG] phase=IDLE can_enter=0 spread_ok=1 freq_ok=1 bracket_open=0 stack_open=0 in_dead_zone=0 london_noise=0 in_asia=1 asia_ok=0 drift=0.55 l2_imb=0.500 can_arm=0 trend_bias=0 trend_blocked=0 pyramid_ok=0 impulse_block=0 cd_bypass=0 pyr_sl_age_s=never brk_hi=0.00 brk_lo=0.00 range=0.00 session_slot=6
00:24:15 [TICK] VIX.F 24.53/24.91
00:24:16 [CTRADER-STATUS] events_total=4120 this_min=2189 symbols=19
00:24:16 [CTRADER-EVTS] XAUUSD=316
00:24:16 [CTRADER-EVTS] AUDUSD=132
00:24:16 [CTRADER-EVTS] EURUSD=137
00:24:16 [CTRADER-EVTS] DJ30.F=146
00:24:16 [CTRADER-EVTS] GBPUSD=154
00:24:16 [CTRADER-EVTS] USOIL.F=138
00:24:16 [CTRADER-EVTS] USTEC.F=262
00:24:16 [CTRADER-EVTS] US500.F=152
00:24:16 [CTRADER-EVTS] NAS100=264
00:24:16 [CTRADER-EVTS] USDJPY=113
00:24:16 [CTRADER-EVTS] VIX.F=16
00:24:16 [CTRADER-EVTS] NZDUSD=108
00:24:16 [CTRADER-EVTS] XAGUSD=205
00:24:16 [CTRADER-EVTS] DX.F=24
00:24:16 [CTRADER-EVTS] BRENT=13
00:24:16 [CTRADER-EVTS] NGAS.F=9
00:24:16 [CTRADER-EVTS] ESTX50=0 (no events this minute)
00:24:16 [CTRADER-EVTS] GER40=0 (no events this minute)
00:24:16 [CTRADER-EVTS] UK100=0 (no events this minute)
00:24:17 [TICK] USTEC.F 24187.44/24190.15
00:24:17 [TICK] NAS100 24010.05/24011.25
00:24:17 [TICK] XAUUSD 4618.40/4618.62
00:24:17 [TICK] XAGUSD 72.12/72.15
00:24:18 [TICK] AUDUSD 0.69/0.69
00:24:18 [TICK] USOIL.F 112.45/112.52
00:24:18 [GOLD-BRK-DIAG] phase=IDLE can_enter=0 spread_ok=1 freq_ok=1 bracket_open=0 stack_open=0 in_dead_zone=0 london_noise=0 in_asia=1 asia_ok=1 drift=-1.04 l2_imb=0.500 can_arm=0 trend_bias=0 trend_blocked=0 pyramid_ok=0 impulse_block=0 cd_bypass=0 pyr_sl_age_s=never brk_hi=0.00 brk_lo=0.00 range=0.00 session_slot=6
00:24:20 [TICK] DJ30.F 46552.10/46557.90
00:24:20 [TICK] USDJPY 159.73/159.74
00:24:20 [TICK] NGAS.F 2.83/2.86
00:24:20 [TICK] US500.F 6605.72/6606.53
00:24:21 [TICK] EURUSD 1.15/1.15
00:24:22 [TICK] GBPUSD 1.32/1.32
00:24:25 [TICK] NZDUSD 0.57/0.57
00:24:25 [SUPERVISOR-XAUUSD] regime=EXPANSION_BREAKOUT conf=0.46 bracket=0.33 breakout=0.55 top_score=0.55 threshold=0.25 winner=BREAKOUT allow=1 cooldown=0 reason=valid_signal
00:24:26 [SUPERVISOR-XAUUSD] regime=EXPANSION_BREAKOUT conf=0.46 bracket=0.33 breakout=0.55 top_score=0.55 threshold=0.25 winner=NONE allow=0 cooldown=0 reason=high_risk_no_trade
00:24:27 [SUPERVISOR-XAUUSD] regime=QUIET_COMPRESSION conf=0.49 bracket=0.61 breakout=0.27 top_score=0.61 threshold=0.25 winner=NONE allow=0 cooldown=0 reason=high_risk_no_trade
00:24:27 [SUPERVISOR-XAUUSD] regime=QUIET_COMPRESSION conf=0.48 bracket=0.60 breakout=0.26 top_score=0.60 threshold=0.25 winner=BRACKET allow=1 cooldown=0 reason=valid_signal
00:24:28 [SUPERVISOR-XAUUSD] regime=EXPANSION_BREAKOUT conf=0.62 bracket=0.33 breakout=0.66 top_score=0.66 threshold=0.25 winner=BREAKOUT allow=1 cooldown=0 reason=valid_signal
00:24:28 [GOLD-BRK-DIAG] phase=IDLE can_enter=0 spread_ok=1 freq_ok=1 bracket_open=0 stack_open=0 in_dead_zone=0 london_noise=0 in_asia=1 asia_ok=1 drift=-1.45 l2_imb=0.500 can_arm=0 trend_bias=0 trend_blocked=0 pyramid_ok=0 impulse_block=0 cd_bypass=0 pyr_sl_age_s=never brk_hi=0.00 brk_lo=0.00 range=0.00 session_slot=6
00:24:29 [TICK] BRENT 107.50/108.08
00:24:31 [TICK] DX.F 99.96/100.06
00:24:37 [SUPERVISOR-XAUUSD] regime=QUIET_COMPRESSION conf=0.54 bracket=0.65 breakout=0.40 top_score=0.65 threshold=0.25 winner=BRACKET allow=1 cooldown=0 reason=valid_signal
00:24:38 [GOLD-BRK-DIAG] phase=IDLE can_enter=1 spread_ok=1 freq_ok=1 bracket_open=0 stack_open=0 in_dead_zone=0 london_noise=0 in_asia=1 asia_ok=1 drift=-1.92 l2_imb=0.500 can_arm=1 trend_bias=0 trend_blocked=0 pyramid_ok=0 impulse_block=0 cd_bypass=0 pyr_sl_age_s=never brk_hi=0.00 brk_lo=0.00 range=0.00 session_slot=6
00:24:46 [OMEGA-TRADE] SSL error 6 -- reconnecting
00:24:46 [OMEGA-TRADE] Logout sent
00:24:46 [OMEGA-TRADE] Disconnected -- reconnecting
00:24:46 [OMEGA-DIAG] PnL=0.00 T=0 WR=0.00% RTTp95=9.91ms cap=120.00ms lat_ok=1 session=ACTIVE
00:24:46 [OMEGA-DIAG] SP phase=0 recent=0.00% base=0.00% ratio=0.00
00:24:46 [OMEGA-DIAG] NQ phase=0 recent=0.00% base=0.00% ratio=0.00
00:24:46 [OMEGA-DIAG] CL phase=0 recent=0.00% base=0.00% ratio=0.00
00:24:46 [GOLD-DIAG] regime=COMPRESSION vwap=4618.80 vol_range=0.70
00:24:46 [OMEGA] Clean TCP close from broker (SSL_ZERO_RETURN) -- broker session limit hit, reconnecting
00:24:46 [OMEGA] Price snapshot taken: 19 symbols
00:24:46 [OMEGA] SHADOW mode -- preserving positions across reconnect
00:24:46 [OMEGA-SHADOW] Positions preserved across reconnect -- skipping force-close
00:24:46 [OMEGA] Unsubscribed market data before disconnect
00:24:46 [OMEGA] Logout sent
00:24:47 [TICK] USTEC.F 24181.94/24186.40
00:24:47 [TICK] NAS100 24005.05/24006.25
00:24:48 [TICK] XAUUSD 4616.51/4616.73
00:24:48 [TICK] XAGUSD 72.03/72.06
00:24:48 [TICK] USOIL.F 112.42/112.48
00:24:48 [OMEGA] Connecting live-uk-eqx-02.p.c-trader.com:5211
00:24:48 [OMEGA] Logon sent
00:24:48 [OMEGA] LOGON ACCEPTED
00:24:48 [OMEGA] Subscribed ALL symbols (OMEGA-MD-ALL)
00:24:48 [TICK] AUDUSD 0.69/0.69
00:24:48 [TICK] UK100 10455.10/10456.90
00:24:48 [TICK] ESTX50 5699.40/5700.80
00:24:48 [TICK] GER40 23202.60/23204.30
00:24:48 [TICK] VIX.F 24.58/24.96
00:24:48 [GOLD-BRK-DIAG] phase=IDLE can_enter=0 spread_ok=1 freq_ok=1 bracket_open=0 stack_open=0 in_dead_zone=0 london_noise=0 in_asia=1 asia_ok=1 drift=-1.91 l2_imb=0.500 can_arm=0 trend_bias=0 trend_blocked=0 pyramid_ok=0 impulse_block=0 cd_bypass=0 pyr_sl_age_s=never brk_hi=0.00 brk_lo=0.00 range=0.00 session_slot=6
00:24:49 [OMEGA-TRADE] Connecting live-uk-eqx-02.p.c-trader.com:5212
00:24:49 [OMEGA-TRADE] Logon sent
00:24:49 [OMEGA-TRADE] LOGON ACCEPTED
00:24:49 [OMEGA-TRADE] SecurityListRequest sent req_id=omega-sec-1775435089
00:24:49 [OMEGA-SECURITY] UNMATCHED: 'UK100.F' id=4461
00:24:49 [OMEGA-SECURITY] UNMATCHED: 'UKBRENT.F' id=2634
00:24:49 [OMEGA-SECURITY] UNMATCHED: 'ESTC' id=3229
00:24:49 [OMEGA-TRADE] SecurityList received req_id=omega-sec-1775435089 entries=1551
00:24:50 [TICK] DJ30.F 46544.60/46550.40
00:24:50 [TICK] USDJPY 159.74/159.75
00:24:51 [TICK] US500.F 6604.59/6605.40
00:24:52 [TICK] EURUSD 1.15/1.15
00:24:52 [TICK] GBPUSD 1.32/1.32
00:24:55 [TICK] NZDUSD 0.57/0.57
00:24:58 [TICK] NGAS.F 2.83/2.86
00:24:59 [GOLD-BRK-DIAG] phase=IDLE can_enter=0 spread_ok=1 freq_ok=1 bracket_open=0 stack_open=0 in_dead_zone=0 london_noise=0 in_asia=1 asia_ok=1 drift=-1.27 l2_imb=0.500 can_arm=0 trend_bias=0 trend_blocked=0 pyramid_ok=0 impulse_block=0 cd_bypass=0 pyr_sl_age_s=never brk_hi=0.00 brk_lo=0.00 range=0.00 session_slot=6
00:25:01 [TICK] DX.F 99.97/100.07
00:25:07 [TICK] BRENT 107.39/107.97
00:25:09 [GOLD-BRK-DIAG] phase=IDLE can_enter=1 spread_ok=1 freq_ok=1 bracket_open=0 stack_open=0 in_dead_zone=0 london_noise=0 in_asia=1 asia_ok=1 drift=-1.88 l2_imb=0.500 can_arm=1 trend_bias=0 trend_blocked=0 pyramid_ok=0 impulse_block=0 cd_bypass=0 pyr_sl_age_s=never brk_hi=0.00 brk_lo=0.00 range=0.00 session_slot=6
00:25:16 [CTRADER-STATUS] events_total=5964 this_min=1844 symbols=19
00:25:16 [CTRADER-EVTS] XAUUSD=282
00:25:16 [CTRADER-EVTS] XAGUSD=195
00:25:16 [CTRADER-EVTS] USTEC.F=206
00:25:16 [CTRADER-EVTS] USOIL.F=113
00:25:16 [CTRADER-EVTS] NZDUSD=85
00:25:16 [CTRADER-EVTS] NAS100=218
00:25:16 [CTRADER-EVTS] US500.F=118
00:25:16 [CTRADER-EVTS] GBPUSD=131
00:25:16 [CTRADER-EVTS] DJ30.F=108
00:25:16 [CTRADER-EVTS] EURUSD=103
00:25:16 [CTRADER-EVTS] USDJPY=114
00:25:16 [CTRADER-EVTS] AUDUSD=108
00:25:16 [CTRADER-EVTS] VIX.F=22
00:25:16 [CTRADER-EVTS] DX.F=21
00:25:16 [CTRADER-EVTS] NGAS.F=13
00:25:16 [CTRADER-EVTS] BRENT=7
00:25:16 [CTRADER-EVTS] ESTX50=0 (no events this minute)
00:25:16 [CTRADER-EVTS] GER40=0 (no events this minute)
00:25:16 [CTRADER-EVTS] UK100=0 (no events this minute)
00:25:17 [TICK] NAS100 24003.65/24004.85
00:25:17 [TICK] USTEC.F 24181.57/24184.28
00:25:18 [TICK] XAGUSD 72.03/72.07
00:25:18 [TICK] XAUUSD 4617.60/4617.82
00:25:18 [TICK] AUDUSD 0.69/0.69
00:25:19 [GOLD-BRK-DIAG] phase=IDLE can_enter=0 spread_ok=1 freq_ok=1 bracket_open=0 stack_open=0 in_dead_zone=0 london_noise=0 in_asia=1 asia_ok=1 drift=-0.68 l2_imb=0.500 can_arm=0 trend_bias=0 trend_blocked=0 pyramid_ok=0 impulse_block=0 cd_bypass=0 pyr_sl_age_s=never brk_hi=0.00 brk_lo=0.00 range=0.00 session_slot=6
00:25:20 [TICK] DJ30.F 46539.60/46545.40
00:25:20 [TICK] USOIL.F 112.42/112.48
00:25:21 [TICK] USDJPY 159.74/159.76
00:25:22 [TICK] US500.F 6603.97/6604.78
00:25:22 [TICK] EURUSD 1.15/1.15
00:25:23 [TICK] GBPUSD 1.32/1.32
00:25:25 [TICK] NZDUSD 0.57/0.57
00:25:28 [TICK] VIX.F 24.58/24.96
00:25:29 [GOLD-BRK-DIAG] phase=IDLE can_enter=0 spread_ok=1 freq_ok=1 bracket_open=0 stack_open=0 in_dead_zone=0 london_noise=0 in_asia=1 asia_ok=1 drift=-0.87 l2_imb=0.500 can_arm=0 trend_bias=0 trend_blocked=0 pyramid_ok=0 impulse_block=0 cd_bypass=0 pyr_sl_age_s=never brk_hi=0.00 brk_lo=0.00 range=0.00 session_slot=6
00:25:32 [TICK] DX.F 99.97/100.07
00:25:39 [GOLD-BRK-DIAG] phase=IDLE can_enter=1 spread_ok=1 freq_ok=1 bracket_open=0 stack_open=0 in_dead_zone=0 london_noise=0 in_asia=1 asia_ok=1 drift=-1.56 l2_imb=0.500 can_arm=1 trend_bias=0 trend_blocked=0 pyramid_ok=0 impulse_block=0 cd_bypass=0 pyr_sl_age_s=never brk_hi=0.00 brk_lo=0.00 range=0.00 session_slot=6
00:25:47 [TICK] NAS100 24000.90/24002.10
00:25:47 [TICK] USTEC.F 24178.94/24181.65
00:25:48 [TICK] XAGUSD 72.00/72.04
00:25:48 [TICK] XAUUSD 4615.86/4616.07
00:25:48 [OMEGA-DIAG] PnL=0 T=0 WR=0% RTTp95=5.704ms cap=120ms lat_ok=1 session=ACTIVE
00:25:48 [OMEGA-DIAG] SP phase=0 recent=0% base=0% ratio=0
00:25:48 [OMEGA-DIAG] NQ phase=0 recent=0% base=0% ratio=0
00:25:48 [OMEGA-DIAG] CL phase=0 recent=0% base=0% ratio=0
00:25:48 [GOLD-DIAG] regime=COMPRESSION vwap=4618.18 vol_range=1.21
00:25:49 [TICK] AUDUSD 0.69/0.69
00:25:50 [GOLD-BRK-DIAG] phase=IDLE can_enter=0 spread_ok=1 freq_ok=1 bracket_open=0 stack_open=0 in_dead_zone=0 london_noise=0 in_asia=1 asia_ok=1 drift=-0.85 l2_imb=0.500 can_arm=0 trend_bias=0 trend_blocked=0 pyramid_ok=0 impulse_block=0 cd_bypass=0 pyr_sl_age_s=never brk_hi=0.00 brk_lo=0.00 range=0.00 session_slot=6
00:25:50 [TICK] DJ30.F 46538.10/46543.90
00:25:50 [TICK] USOIL.F 112.52/112.59
00:25:51 [TICK] USDJPY 159.75/159.76
00:25:52 [TICK] US500.F 6602.97/6603.78
00:25:52 [TICK] EURUSD 1.15/1.15
00:25:54 [TICK] GBPUSD 1.32/1.32
00:25:55 [TICK] NZDUSD 0.57/0.57
00:25:58 [TICK] BRENT 107.47/108.06
00:26:00 [GOLD-BRK-DIAG] phase=IDLE can_enter=0 spread_ok=1 freq_ok=1 bracket_open=0 stack_open=0 in_dead_zone=0 london_noise=0 in_asia=1 asia_ok=1 drift=-1.31 l2_imb=0.500 can_arm=0 trend_bias=0 trend_blocked=0 pyramid_ok=0 impulse_block=0 cd_bypass=0 pyr_sl_age_s=never brk_hi=0.00 brk_lo=0.00 range=0.00 session_slot=6
00:26:00 [TICK] VIX.F 24.58/24.96
00:26:00 [TICK] NGAS.F 2.83/2.86
00:26:02 [TICK] DX.F 99.97/100.07
00:26:10 [GOLD-BRK-DIAG] phase=IDLE can_enter=0 spread_ok=1 freq_ok=1 bracket_open=0 stack_open=0 in_dead_zone=0 london_noise=0 in_asia=1 asia_ok=1 drift=-0.89 l2_imb=0.500 can_arm=0 trend_bias=0 trend_blocked=0 pyramid_ok=0 impulse_block=0 cd_bypass=0 pyr_sl_age_s=never brk_hi=0.00 brk_lo=0.00 range=0.00 session_slot=6
00:26:16 [CTRADER-STATUS] events_total=7748 this_min=1784 symbols=19
00:26:16 [CTRADER-EVTS] XAUUSD=281
00:26:16 [CTRADER-EVTS] AUDUSD=130
00:26:16 [CTRADER-EVTS] USOIL.F=66
00:26:16 [CTRADER-EVTS] NAS100=224
00:26:16 [CTRADER-EVTS] DJ30.F=94
00:26:16 [CTRADER-EVTS] GBPUSD=122
00:26:16 [CTRADER-EVTS] XAGUSD=193
00:26:16 [CTRADER-EVTS] USTEC.F=198
00:26:16 [CTRADER-EVTS] US500.F=104
00:26:16 [CTRADER-EVTS] NZDUSD=93
00:26:16 [CTRADER-EVTS] EURUSD=109
00:26:16 [CTRADER-EVTS] USDJPY=122
00:26:16 [CTRADER-EVTS] VIX.F=16
00:26:16 [CTRADER-EVTS] NGAS.F=11
00:26:16 [CTRADER-EVTS] DX.F=17
00:26:16 [CTRADER-EVTS] BRENT=4
00:26:16 [CTRADER-EVTS] ESTX50=0 (no events this minute)
00:26:16 [CTRADER-EVTS] GER40=0 (no events this minute)
00:26:16 [CTRADER-EVTS] UK100=0 (no events this minute)
00:26:17 [TICK] NAS100 24005.75/24006.95
00:26:18 [TICK] USTEC.F 24183.44/24186.15
00:26:18 [TICK] XAGUSD 72.00/72.03
00:26:18 [TICK] XAUUSD 4614.78/4615.00
00:26:20 [GOLD-BRK-DIAG] phase=IDLE can_enter=0 spread_ok=1 freq_ok=1 bracket_open=0 stack_open=0 in_dead_zone=0 london_noise=0 in_asia=1 asia_ok=1 drift=-0.92 l2_imb=0.500 can_arm=0 trend_bias=0 trend_blocked=0 pyramid_ok=0 impulse_block=0 cd_bypass=0 pyr_sl_age_s=never brk_hi=0.00 brk_lo=0.00 range=0.00 session_slot=6
00:26:20 [TICK] DJ30.F 46542.10/46547.90
00:26:21 [TICK] USOIL.F 112.50/112.57
00:26:21 [TICK] AUDUSD 0.69/0.69
00:26:22 [TICK] USDJPY 159.75/159.76
00:26:23 [TICK] US500.F 6604.34/6605.15
00:26:23 [TICK] EURUSD 1.15/1.15
00:26:24 [TICK] GBPUSD 1.32/1.32
00:26:26 [TICK] NZDUSD 0.57/0.57
00:26:29 [TICK] BRENT 107.47/108.06
00:26:30 [GOLD-BRK-DIAG] phase=IDLE can_enter=0 spread_ok=1 freq_ok=1 bracket_open=0 stack_open=0 in_dead_zone=0 london_noise=0 in_asia=1 asia_ok=1 drift=-0.98 l2_imb=0.497 can_arm=0 trend_bias=0 trend_blocked=0 pyramid_ok=0 impulse_block=0 cd_bypass=0 pyr_sl_age_s=never brk_hi=0.00 brk_lo=0.00 range=0.00 session_slot=6
00:26:30 [TICK] VIX.F 24.58/24.96
00:26:36 [TICK] NGAS.F 2.83/2.85
00:26:38 [TICK] DX.F 99.97/100.07
00:26:40 [GOLD-BRK-DIAG] phase=IDLE can_enter=0 spread_ok=1 freq_ok=1 bracket_open=0 stack_open=0 in_dead_zone=0 london_noise=0 in_asia=1 asia_ok=1 drift=-1.22 l2_imb=0.500 can_arm=0 trend_bias=0 trend_blocked=0 pyramid_ok=0 impulse_block=0 cd_bypass=0 pyr_sl_age_s=never brk_hi=0.00 brk_lo=0.00 range=0.00 session_slot=6
00:26:47 [TICK] NAS100 24004.40/24005.60
00:26:48 [TICK] USTEC.F 24181.94/24184.65
00:26:48 [TICK] XAGUSD 71.99/72.03
00:26:48 [TICK] XAUUSD 4613.25/4613.47
00:26:48 [OMEGA-DIAG] PnL=0 T=0 WR=0% RTTp95=5.704ms cap=120ms lat_ok=1 session=ACTIVE
00:26:48 [OMEGA-DIAG] SP phase=0 recent=0% base=0% ratio=0
00:26:48 [OMEGA-DIAG] NQ phase=0 recent=0% base=0% ratio=0
00:26:48 [OMEGA-DIAG] CL phase=0 recent=0% base=0% ratio=0
00:26:48 [GOLD-DIAG] regime=COMPRESSION vwap=4617.50 vol_range=1.79
00:26:50 [GOLD-BRK-DIAG] phase=IDLE can_enter=0 spread_ok=1 freq_ok=1 bracket_open=0 stack_open=0 in_dead_zone=0 london_noise=0 in_asia=1 asia_ok=1 drift=-1.37 l2_imb=0.500 can_arm=0 trend_bias=0 trend_blocked=0 pyramid_ok=0 impulse_block=0 cd_bypass=0 pyr_sl_age_s=never brk_hi=0.00 brk_lo=0.00 range=0.00 session_slot=6
00:26:50 [TICK] DJ30.F 46542.10/46547.90
00:26:51 [TICK] USOIL.F 112.41/112.48
00:26:53 [TICK] US500.F 6604.09/6604.90
00:26:54 [TICK] GBPUSD 1.32/1.32
00:26:55 [TICK] AUDUSD 0.69/0.69
00:26:55 [TICK] USDJPY 159.75/159.76
00:26:55 [TICK] EURUSD 1.15/1.15
00:26:55 [SUPERVISOR-XAUUSD] regime=EXPANSION_BREAKOUT conf=0.80 bracket=0.31 breakout=0.84 top_score=0.84 threshold=0.25 winner=BREAKOUT allow=1 cooldown=0 reason=valid_signal
00:26:56 [SUPERVISOR-XAUUSD] regime=QUIET_COMPRESSION conf=0.47 bracket=0.59 breakout=0.40 top_score=0.59 threshold=0.25 winner=BRACKET allow=1 cooldown=0 reason=valid_signal
00:26:59 [TICK] NZDUSD 0.57/0.57
00:26:59 [TICK] BRENT 107.47/108.06
00:27:00 [GOLD-BRK-DIAG] phase=IDLE can_enter=1 spread_ok=1 freq_ok=1 bracket_open=0 stack_open=0 in_dead_zone=0 london_noise=0 in_asia=1 asia_ok=1 drift=-2.00 l2_imb=0.500 can_arm=1 trend_bias=0 trend_blocked=0 pyramid_ok=0 impulse_block=0 cd_bypass=0 pyr_sl_age_s=never brk_hi=0.00 brk_lo=0.00 range=0.00 session_slot=6
00:27:01 [TICK] VIX.F 24.55/24.94
00:27:08 [TICK] DX.F 99.97/100.07
00:27:08 [TICK] NGAS.F 2.83/2.86
00:27:10 [SUPERVISOR-XAUUSD] regime=EXPANSION_BREAKOUT conf=0.70 bracket=0.31 breakout=0.74 top_score=0.74 threshold=0.25 winner=BREAKOUT allow=1 cooldown=0 reason=valid_signal
00:27:10 [GOLD-BRK-DIAG] phase=IDLE can_enter=0 spread_ok=1 freq_ok=1 bracket_open=0 stack_open=0 in_dead_zone=0 london_noise=0 in_asia=1 asia_ok=0 drift=0.13 l2_imb=0.500 can_arm=0 trend_bias=0 trend_blocked=0 pyramid_ok=0 impulse_block=1 cd_bypass=0 pyr_sl_age_s=never brk_hi=0.00 brk_lo=0.00 range=0.00 session_slot=6
00:27:16 [CTRADER-STATUS] events_total=9471 this_min=1723 symbols=19
00:27:16 [CTRADER-EVTS] XAUUSD=310
00:27:16 [CTRADER-EVTS] USDJPY=106
00:27:16 [CTRADER-EVTS] NAS100=210
00:27:16 [CTRADER-EVTS] USTEC.F=194
00:27:16 [CTRADER-EVTS] DJ30.F=118
00:27:16 [CTRADER-EVTS] GBPUSD=103
00:27:16 [CTRADER-EVTS] XAGUSD=201
00:27:16 [CTRADER-EVTS] AUDUSD=113
00:27:16 [CTRADER-EVTS] EURUSD=91
00:27:16 [CTRADER-EVTS] US500.F=93
00:27:16 [CTRADER-EVTS] NZDUSD=55
00:27:16 [CTRADER-EVTS] VIX.F=23
00:27:16 [CTRADER-EVTS] USOIL.F=72
00:27:16 [CTRADER-EVTS] DX.F=22
00:27:16 [CTRADER-EVTS] BRENT=6
00:27:16 [CTRADER-EVTS] NGAS.F=6
00:27:16 [CTRADER-EVTS] ESTX50=0 (no events this minute)
00:27:16 [CTRADER-EVTS] GER40=0 (no events this minute)
00:27:16 [CTRADER-EVTS] UK100=0 (no events this minute)
00:27:18 [TICK] NAS100 24011.15/24012.35
00:27:18 [TICK] USTEC.F 24188.44/24191.15
00:27:18 [TICK] XAUUSD 4612.87/4613.09
00:27:18 [TICK] XAGUSD 72.00/72.04
00:27:19 [SUPERVISOR-XAUUSD] regime=QUIET_COMPRESSION conf=0.59 bracket=0.69 breakout=0.40 top_score=0.69 threshold=0.25 winner=BRACKET allow=1 cooldown=0 reason=valid_signal
00:27:20 [GOLD-BRK-DIAG] phase=IDLE can_enter=0 spread_ok=1 freq_ok=1 bracket_open=0 stack_open=0 in_dead_zone=0 london_noise=0 in_asia=1 asia_ok=1 drift=-0.96 l2_imb=0.499 can_arm=0 trend_bias=0 trend_blocked=0 pyramid_ok=0 impulse_block=0 cd_bypass=0 pyr_sl_age_s=never brk_hi=0.00 brk_lo=0.00 range=0.00 session_slot=6
00:27:20 [TICK] DJ30.F 46548.10/46553.90
00:27:22 [TICK] USOIL.F 112.21/112.27
00:27:24 [TICK] US500.F 6605.72/6606.53
00:27:25 [TICK] AUDUSD 0.69/0.69
00:27:25 [TICK] GBPUSD 1.32/1.32
00:27:25 [TICK] USDJPY 159.75/159.76
00:27:26 [TICK] EURUSD 1.15/1.15
00:27:27 [SUPERVISOR-XAUUSD] regime=EXPANSION_BREAKOUT conf=0.67 bracket=0.32 breakout=0.71 top_score=0.71 threshold=0.25 winner=BREAKOUT allow=1 cooldown=0 reason=valid_signal
00:27:30 [SUPERVISOR-XAUUSD] regime=TREND_CONTINUATION conf=1.57 bracket=0.95 breakout=1.42 top_score=1.42 threshold=0.25 winner=BREAKOUT allow=1 cooldown=0 reason=valid_signal
00:27:30 [GOLD-BRK-DIAG] phase=IDLE can_enter=1 spread_ok=1 freq_ok=1 bracket_open=0 stack_open=0 in_dead_zone=0 london_noise=0 in_asia=1 asia_ok=1 drift=-2.61 l2_imb=0.501 can_arm=0 trend_bias=0 trend_blocked=0 pyramid_ok=0 impulse_block=1 cd_bypass=0 pyr_sl_age_s=never brk_hi=0.00 brk_lo=0.00 range=0.00 session_slot=6
00:27:31 [TICK] NZDUSD 0.57/0.57
00:27:32 [TICK] VIX.F 24.53/24.91
00:27:41 [GOLD-BRK-DIAG] phase=IDLE can_enter=1 spread_ok=1 freq_ok=1 bracket_open=0 stack_open=0 in_dead_zone=0 london_noise=0 in_asia=1 asia_ok=1 drift=-6.31 l2_imb=0.500 can_arm=1 trend_bias=0 trend_blocked=0 pyramid_ok=0 impulse_block=0 cd_bypass=0 pyr_sl_age_s=never brk_hi=0.00 brk_lo=0.00 range=0.00 session_slot=6
00:27:42 [TICK] DX.F 99.98/100.08
00:27:48 [TICK] NAS100 24006.40/24007.60
00:27:48 [OMEGA] Clean TCP close from broker (SSL_ZERO_RETURN) -- broker session limit hit, reconnecting
00:27:48 [OMEGA] Price snapshot taken: 19 symbols
00:27:48 [OMEGA] SHADOW mode -- preserving positions across reconnect
00:27:48 [OMEGA-SHADOW] Positions preserved across reconnect -- skipping force-close
00:27:48 [OMEGA] Unsubscribed market data before disconnect
00:27:48 [OMEGA] Logout sent
00:27:48 [TICK] XAUUSD 4603.54/4603.76
00:27:49 [TICK] XAGUSD 71.85/71.88
00:27:49 [TICK] USTEC.F 24184.57/24187.28
00:27:49 [OMEGA-TRADE] SSL error 6 -- reconnecting
00:27:49 [OMEGA-TRADE] Logout sent
00:27:49 [OMEGA-TRADE] Disconnected -- reconnecting
00:27:50 [OMEGA] Connecting live-uk-eqx-02.p.c-trader.com:5211
00:27:50 [OMEGA] Logon sent
00:27:50 [OMEGA] LOGON ACCEPTED
00:27:50 [OMEGA] Subscribed ALL symbols (OMEGA-MD-ALL)
00:27:50 [TICK] NGAS.F 2.83/2.86
00:27:50 [TICK] BRENT 107.36/107.94
00:27:50 [TICK] ESTX50 5699.40/5700.80
00:27:50 [TICK] GER40 23202.60/23204.30
00:27:50 [TICK] UK100 10455.10/10456.90
00:27:51 [GOLD-BRK-DIAG] phase=IDLE can_enter=0 spread_ok=1 freq_ok=1 bracket_open=0 stack_open=0 in_dead_zone=0 london_noise=0 in_asia=1 asia_ok=1 drift=-5.84 l2_imb=0.789 can_arm=0 trend_bias=0 trend_blocked=0 pyramid_ok=0 impulse_block=0 cd_bypass=0 pyr_sl_age_s=never brk_hi=0.00 brk_lo=0.00 range=0.00 session_slot=6
00:27:51 [TICK] DJ30.F 46542.60/46548.40
00:27:52 [OMEGA-TRADE] Connecting live-uk-eqx-02.p.c-trader.com:5212
00:27:52 [OMEGA-TRADE] Logon sent
00:27:53 [OMEGA-TRADE] LOGON ACCEPTED
00:27:53 [OMEGA-TRADE] SecurityListRequest sent req_id=omega-sec-1775435273
00:27:53 [OMEGA-SECURITY] UNMATCHED: 'UK100.F' id=4461
00:27:53 [OMEGA-SECURITY] UNMATCHED: 'UKBRENT.F' id=2634
00:27:53 [OMEGA-SECURITY] UNMATCHED: 'ESTC' id=3229
00:27:53 [OMEGA-TRADE] SecurityList received req_id=omega-sec-1775435273 entries=1551
00:27:53 [TICK] USOIL.F 112.25/112.32
00:27:53 [SUPERVISOR-XAUUSD] regime=EXPANSION_BREAKOUT conf=1.31 bracket=0.33 breakout=1.40 top_score=1.40 threshold=0.25 winner=BREAKOUT allow=1 cooldown=0 reason=valid_signal
00:27:54 [TICK] US500.F 6604.22/6605.03
00:27:55 [TICK] GBPUSD 1.32/1.32
00:27:55 [TICK] USDJPY 159.76/159.77
00:27:56 [TICK] AUDUSD 0.69/0.69
00:27:57 [TICK] EURUSD 1.15/1.15
00:27:58 [SUPERVISOR-XAUUSD] regime=QUIET_COMPRESSION conf=0.54 bracket=0.65 breakout=0.40 top_score=0.65 threshold=0.25 winner=BRACKET allow=1 cooldown=0 reason=valid_signal
00:28:01 [GOLD-BRK-DIAG] phase=IDLE can_enter=1 spread_ok=1 freq_ok=1 bracket_open=0 stack_open=0 in_dead_zone=0 london_noise=0 in_asia=1 asia_ok=1 drift=-4.27 l2_imb=0.489 can_arm=1 trend_bias=0 trend_blocked=0 pyramid_ok=0 impulse_block=0 cd_bypass=0 pyr_sl_age_s=never brk_hi=0.00 brk_lo=0.00 range=0.00 session_slot=6
00:28:02 [TICK] NZDUSD 0.57/0.57
00:28:06 [TICK] VIX.F 24.53/24.91
00:28:11 [GOLD-BRK-DIAG] phase=IDLE can_enter=1 spread_ok=1 freq_ok=1 bracket_open=0 stack_open=0 in_dead_zone=0 london_noise=0 in_asia=1 asia_ok=1 drift=-3.20 l2_imb=0.500 can_arm=1 trend_bias=0 trend_blocked=0 pyramid_ok=0 impulse_block=0 cd_bypass=0 pyr_sl_age_s=never brk_hi=0.00 brk_lo=0.00 range=0.00 session_slot=6
00:28:12 [TICK] DX.F 99.98/100.08
00:28:16 [CTRADER-STATUS] events_total=11314 this_min=1843 symbols=19
00:28:16 [CTRADER-EVTS] XAUUSD=328
00:28:16 [CTRADER-EVTS] XAGUSD=235
00:28:16 [CTRADER-EVTS] NAS100=213
00:28:16 [CTRADER-EVTS] GBPUSD=144
00:28:16 [CTRADER-EVTS] DJ30.F=101
00:28:16 [CTRADER-EVTS] USOIL.F=94
00:28:16 [CTRADER-EVTS] NZDUSD=62
00:28:16 [CTRADER-EVTS] US500.F=87
00:28:16 [CTRADER-EVTS] USDJPY=125
00:28:16 [CTRADER-EVTS] USTEC.F=200
00:28:16 [CTRADER-EVTS] DX.F=12
00:28:16 [CTRADER-EVTS] AUDUSD=119
00:28:16 [CTRADER-EVTS] EURUSD=93
00:28:16 [CTRADER-EVTS] VIX.F=18
00:28:16 [CTRADER-EVTS] BRENT=6
00:28:16 [CTRADER-EVTS] NGAS.F=6
00:28:16 [CTRADER-EVTS] ESTX50=0 (no events this minute)
00:28:16 [CTRADER-EVTS] GER40=0 (no events this minute)
00:28:16 [CTRADER-EVTS] UK100=0 (no events this minute)
00:28:18 [TICK] NAS100 24004.65/24005.85
00:28:18 [TICK] XAUUSD 4603.13/4603.35
00:28:19 [TICK] XAGUSD 71.83/71.86
00:28:19 [TICK] USTEC.F 24182.69/24185.40
00:28:21 [GOLD-BRK-DIAG] phase=IDLE can_enter=1 spread_ok=1 freq_ok=1 bracket_open=0 stack_open=0 in_dead_zone=0 london_noise=0 in_asia=1 asia_ok=1 drift=-2.69 l2_imb=0.500 can_arm=1 trend_bias=0 trend_blocked=0 pyramid_ok=0 impulse_block=0 cd_bypass=0 pyr_sl_age_s=never brk_hi=0.00 brk_lo=0.00 range=0.00 session_slot=6
00:28:22 [TICK] DJ30.F 46538.60/46544.40
00:28:23 [TICK] USOIL.F 112.27/112.36
00:28:25 [TICK] US500.F 6603.72/6604.53
00:28:25 [TICK] GBPUSD 1.32/1.32
00:28:26 [TICK] USDJPY 159.76/159.78
00:28:27 [TICK] AUDUSD 0.69/0.69
00:28:27 [TICK] EURUSD 1.15/1.15
00:28:31 [GOLD-BRK-DIAG] phase=IDLE can_enter=1 spread_ok=1 freq_ok=1 bracket_open=0 stack_open=0 in_dead_zone=0 london_noise=0 in_asia=1 asia_ok=1 drift=-2.57 l2_imb=0.500 can_arm=1 trend_bias=0 trend_blocked=0 pyramid_ok=0 impulse_block=0 cd_bypass=0 pyr_sl_age_s=never brk_hi=0.00 brk_lo=0.00 range=0.00 session_slot=6
00:28:33 [TICK] NZDUSD 0.57/0.57
00:28:34 [TICK] BRENT 107.42/108.02
00:28:41 [TICK] VIX.F 24.58/24.96
00:28:41 [GOLD-BRK-DIAG] phase=IDLE can_enter=1 spread_ok=1 freq_ok=1 bracket_open=0 stack_open=0 in_dead_zone=0 london_noise=0 in_asia=1 asia_ok=1 drift=-1.51 l2_imb=0.500 can_arm=1 trend_bias=0 trend_blocked=0 pyramid_ok=0 impulse_block=0 cd_bypass=0 pyr_sl_age_s=never brk_hi=0.00 brk_lo=0.00 range=0.00 session_slot=6
00:28:44 [TICK] DX.F 99.98/100.08
00:28:46 [TICK] NGAS.F 2.83/2.86
00:28:48 [TICK] XAUUSD 4603.27/4603.49
00:28:49 [TICK] NAS100 23998.90/24000.10
00:28:49 [TICK] USTEC.F 24176.19/24178.90
00:28:50 [TICK] XAGUSD 71.85/71.89
00:28:50 [OMEGA-DIAG] PnL=0 T=0 WR=0% RTTp95=6.383ms cap=120ms lat_ok=1 session=ACTIVE
00:28:50 [OMEGA-DIAG] SP phase=0 recent=0% base=0% ratio=0
00:28:50 [OMEGA-DIAG] NQ phase=0 recent=0% base=0% ratio=0
00:28:50 [OMEGA-DIAG] CL phase=0 recent=0% base=0% ratio=0
00:28:50 [GOLD-DIAG] regime=COMPRESSION vwap=4614.28 vol_range=1.36
00:28:51 [GOLD-BRK-DIAG] phase=IDLE can_enter=1 spread_ok=1 freq_ok=1 bracket_open=0 stack_open=0 in_dead_zone=0 london_noise=0 in_asia=1 asia_ok=1 drift=-1.28 l2_imb=0.500 can_arm=1 trend_bias=0 trend_blocked=0 pyramid_ok=0 impulse_block=0 cd_bypass=0 pyr_sl_age_s=never brk_hi=0.00 brk_lo=0.00 range=0.00 session_slot=6
00:28:52 [TICK] DJ30.F 46539.60/46545.40
