00:00:00 [CTRADER] Connecting live.ctraderapi.com:5035
00:00:00 [CTRADER] ApplicationAuthReq sent
00:00:00 [CTRADER] Application authorized
00:00:00 [CTRADER] AccountAuthReq sent
00:00:00 [CTRADER] Account 44937427 authorized
00:00:00 [CTRADER] XAUUSD-PIN: id=41 name=XAUUSD (matched FIX id=41)
00:00:00 [CTRADER] PINNED: XAUUSD spot id=41 (XAUUSD) -- all other XAU/gold blocked
00:00:00 [CTRADER] Subscribe depth: EURUSD id=1
00:00:00 [CTRADER] Subscribe depth: NAS100 id=110
00:00:00 [CTRADER] BLOCKED: XAUUSD.P id=2597 (gold non-spot)
00:00:00 [CTRADER] Subscribe depth: NGAS.F id=2631
00:00:00 [CTRADER] Subscribe depth: GBPUSD id=2
00:00:00 [CTRADER] Subscribe depth: XAGUSD id=42
00:00:00 [CTRADER] Subscribe depth: USOIL.F id=2632
00:00:00 [CTRADER] Subscribe depth: ESTX50 id=1898
00:00:00 [CTRADER] BLOCKED: XAUEUR.P id=2629 (gold non-spot)
00:00:00 [CTRADER] Subscribe depth: USDJPY id=4
00:00:00 [CTRADER] BLOCKED: XAUEUR id=93 (gold non-spot)
00:00:00 [CTRADER] Subscribe depth: BRENT id=109
00:00:00 [CTRADER] Subscribe depth: GER40 id=1899
00:00:00 [CTRADER] Subscribe depth: DJ30.F id=2637
00:00:00 [CTRADER] Subscribe depth: AUDUSD id=5
00:00:00 [CTRADER] Subscribe depth: DX.F id=2638
00:00:00 [CTRADER] Subscribe depth: UK100 id=1901
00:00:00 [CTRADER] BLOCKED: XAUJPY id=4766 (gold non-spot)
00:00:00 [CTRADER] Subscribe depth: US500.F id=2642
00:00:00 [CTRADER] BLOCKED: XAUJPY.P id=4767 (gold non-spot)
00:00:00 [CTRADER] Subscribe depth: USTEC.F id=2643
00:00:00 [CTRADER] BLOCKED: XAUGBP id=4768 (gold non-spot)
00:00:00 [CTRADER] BLOCKED: XAUGBP.P id=4769 (gold non-spot)
00:00:00 [CTRADER] BLOCKED: XAUCNH id=4770 (gold non-spot)
00:00:00 [CTRADER] BLOCKED: GOLD.F id=2660 (gold non-spot)
00:00:00 [CTRADER] Subscribe depth: NZDUSD id=12
00:00:00 [CTRADER] BLOCKED: XAUCNH.P id=4771 (gold non-spot)
00:00:00 [CTRADER] BLOCKED: XAUAUD id=4772 (gold non-spot)
00:00:00 [CTRADER] Subscribe depth: VIX.F id=4462
00:00:00 [CTRADER] BLOCKED: XAUAUD.P id=4773 (gold non-spot)
00:00:00 [CTRADER] SKIP-DUP: VIX id=4818 -> VIX.F (already subscribed)
00:00:00 [CTRADER] Symbol list: 1551 total, 19 to subscribe
00:00:00 [CTRADER] XAUUSD spots sub sent (pre-depth, enables depth events)
00:00:00 [CTRADER] Subscribed to 19 symbols
00:00:00 [CTRADER] Depth feed ACTIVE -- 19 symbols
00:00:00 [CTRADER-BARS] XAUUSD cold start -- requesting M15 tick data (no bars_gold_m15.dat)
00:00:02 [STARTUP-CHECK] cTrader depth connected (32s)
00:00:11 [CTRADER-BARS] XAUUSD spots sub sent
00:00:11 [CTRADER-BARS] Spots sub ACK
00:00:11 [CTRADER-BARS] XAUUSD tick data req (period=7 via pt=2145, avoids pt=2137 crash)
00:00:11 [CTRADER-TICKS] XAUUSD: empty response
00:00:31 [OMEGA-DIAG] PnL=0.00 T=0 WR=0.00% RTTp95=4.01ms cap=120.00ms lat_ok=1 session=ACTIVE
00:00:31 [OMEGA-DIAG] SP phase=0 recent=0.00% base=0.00% ratio=0.00
00:00:31 [OMEGA-DIAG] NQ phase=0 recent=0.00% base=0.00% ratio=0.00
00:00:31 [OMEGA-DIAG] CL phase=0 recent=0.00% base=0.00% ratio=0.00
00:00:31 [GOLD-DIAG] regime=MEAN_REVERSION vwap=4677.14 vol_range=0.00
00:00:31 [TICK] AUDUSD 0.69/0.69
00:00:31 [OMEGA-RISK] UTC day rollover -- per-symbol risk state reset
00:00:31 [TICK] XAGUSD 73.02/73.05
00:00:31 [TICK] NAS100 23952.15/23953.35
00:00:31 [TICK] EURUSD 1.15/1.15
00:00:31 [TICK] GBPUSD 1.32/1.32
00:00:31 [TICK] USDJPY 159.59/159.75
00:00:31 [TICK] NGAS.F 2.79/2.82
00:00:31 [TICK] USOIL.F 111.90/112.01
00:00:31 [TICK] XAUUSD 4677.03/4677.25
00:00:31 [GOLD-BRK-DIAG] phase=IDLE can_enter=1 spread_ok=1 freq_ok=1 bracket_open=0 stack_open=0 in_dead_zone=0 london_noise=0 in_asia=1 asia_ok=0 drift=0.00 l2_imb=0.500 can_arm=1 trend_bias=0 trend_blocked=0 pyramid_ok=0 impulse_block=0 cd_bypass=0 pyr_sl_age_s=never brk_hi=0.00 brk_lo=0.00 range=0.00 session_slot=6
00:00:31 [TICK] ESTX50 5699.40/5700.80
00:00:31 [TICK] GER40 23202.60/23204.30
00:00:31 [TICK] NZDUSD 0.57/0.57
00:00:31 [TICK] DJ30.F 46620.30/46642.60
00:00:31 [TICK] UK100 10455.10/10456.90
00:00:31 [TICK] BRENT 106.44/107.11
00:00:31 [TICK] VIX.F 24.74/25.10
00:00:31 [TICK] DX.F 99.93/100.03
00:00:31 [TICK] US500.F 6603.22/6604.03
00:00:31 [TICK] USTEC.F 24128.44/24132.90
