OK: cTrader live, L2 events flowing (book still filling)
00:37:30 [TICK] VIX.F 24.53/24[OMEGA-TRADE] Proactive session refresh at 13min -- reconnecting before broker timeout
00:37:30 .91
00:37:30 [OMEGA-TRADE] Logout sent
00:37:30 [OMEGA-RISK] UTC day rollover -- per-symbol risk state reset
00:37:30 [CTRADER-STATUS] events_total=116 this_min=116 symbols=19
00:37:30 [CTRADER-EVTS] XAUUSD=0 <-- NO EVENTS -- L2 unavailable
00:37:30 [CTRADER-EVTS] USTEC.F=31
00:37:30 [CTRADER-EVTS] USDJPY=13
00:37:30 [CTRADER-EVTS] DJ30.F=8
00:37:30 [CTRADER-EVTS] GBPUSD=1
00:37:30 [CTRADER-EVTS] VIX.F=9
00:37:30 [CTRADER-EVTS] US500.F=9
00:37:30 [CTRADER-EVTS] NAS100=40
00:37:30 [CTRADER-EVTS] EURUSD=3
00:37:30 [CTRADER-EVTS] NZDUSD=1
00:37:30 [CTRADER-EVTS] AUDUSD=1
00:37:30 [CTRADER-EVTS] USOIL.F=0 (no events this minute)
00:37:30 [CTRADER-EVTS] XAUUSD=0 (no events this minute)
00:37:30 [CTRADER-EVTS] XAGUSD=0 (no events this minute)
00:37:30 [CTRADER-EVTS] ESTX50=0 (no events this minute)
00:37:30 [CTRADER-EVTS] NGAS.F=0 (no events this minute)
00:37:30 [CTRADER-EVTS] BRENT=0 (no events this minute)
00:37:30 [CTRADER-EVTS] GER40=0 (no events this minute)
00:37:30 [CTRADER-EVTS] DX.F=0 (no events this minute)
00:37:30 [CTRADER-EVTS] UK100=0 (no events this minute)
00:37:30 [TICK] EURUSD 1.15/1.15
00:37:30 [TICK] DJ30.F 46742.10/46747.90
00:37:30 [TICK] USTEC.F 24210.19/24212.90
00:37:30 [TICK] GBPUSD 1.32/1.32
00:37:30 [TICK] NAS100 24033.05/24034.25
00:37:30 [TICK] AUDUSD 0.69/0.69
00:37:30 [TICK] US500.F 6623.34/6624.15
00:37:30 [TICK] NZDUSD 0.57/0.57
00:37:30 [TICK] USDJPY 159.50/159.52
00:37:30 [OMEGA-DIAG] PnL=0 T=0 WR=0% RTTp95=5.356ms cap=120ms lat_ok=1 session=ACTIVE
00:37:30 [OMEGA-DIAG] SP phase=0 recent=0% base=0% ratio=0
00:37:30 [OMEGA-DIAG] NQ phase=0 recent=0% base=0% ratio=0
00:37:30 [OMEGA-DIAG] CL phase=0 recent=0% base=0% ratio=0
00:37:30 [GOLD-DIAG] regime=MEAN_REVERSION vwap=4677.14 vol_range=0.00
00:37:30 [OMEGA] Proactive session refresh at 13min -- reconnecting before broker timeout
00:37:30 [OMEGA] Price snapshot taken: 19 symbols
00:37:30 [OMEGA] SHADOW mode -- preserving positions across reconnect
00:37:30 [OMEGA-SHADOW] Positions preserved across reconnect -- skipping force-close
00:37:30 [OMEGA] Unsubscribed market data before disconnect
00:37:30 [OMEGA] Logout sent
00:37:30 [OMEGA-TRADE] Clean proactive cycle -- reconnecting in 200ms
00:37:30 [CTRADER] TCP drop after bar req XAUUSD period=0 -- marked failed, skipping on reconnect
00:37:30 [CTRADER] Connection error -- reconnecting
00:37:30 [CTRADER] Disconnected -- retry 5000ms
00:37:30 [OMEGA] Proactive reconnect -- 1s gap (not doubling backoff)
00:37:30 [OMEGA] Shutdown
00:37:30 [CTRADER] Stopped
00:38:39 [OMEGA] Log: C:\Omega\logs/omega_2026-04-03.log
00:38:39 [OMEGA] Full Trade CSV: logs/trades/omega_trade_closes.csv
00:38:39 [OMEGA] Trade Opens CSV: logs/trades/omega_trade_opens.csv
00:38:39 [OMEGA] Daily Trade Logs: logs/trades/omega_trade_closes_YYYY-MM-DD.csv (UTC, 5-file retention)
00:38:39 [OMEGA] Daily Gold Logs: logs/gold/omega_gold_trade_closes_YYYY-MM-DD.csv (UTC, 5-file retention)
00:38:39 [OMEGA] Daily Shadow Trade Logs: logs/shadow/trades/omega_shadow_trades_YYYY-MM-DD.csv (UTC, 5-file retention)
00:38:39 [OMEGA] Shadow CSV: logs/shadow/omega_shadow.csv
00:38:39 [OMEGA] Startup reload: no today CSV yet (logs/trades/omega_trade_closes_2026-04-03.csv) -- clean start
00:38:39 [OmegaHTTP] Direct snapshot pointer OK
00:38:39 [OmegaWS] WebSocket port 7780
00:38:39 [OmegaHTTP] port 7779
00:38:39 [OMEGA] GUI http://localhost:7779  WS:7780
00:38:39 [CTRADER] Pre-blocked trendbar reqs + live subs -- no crash loop
00:38:39 [CTRADER] Depth client started (ctid=44937427)
00:38:39 [CTRADER] Depth feed starting (ctid=44937427)
00:38:39 [OMEGA] FIX loop starting -- SHADOW mode
00:38:39 [OMEGA-TRADE] Connecting live-uk-eqx-02.p.c-trader.com:5212
00:38:39 [OMEGA-TRADE] Logon sent
00:38:39 [OMEGA-TRADE] LOGON ACCEPTED
00:38:39 [OMEGA-TRADE] SecurityListRequest sent req_id=omega-sec-1775176719
00:38:39 [OMEGA-SECURITY] learned ext id EURUSD -> 1
00:38:39 [OMEGA-SECURITY] learned ext id GBPUSD -> 2
00:38:39 [OMEGA-SECURITY] learned ext id USDJPY -> 4
00:38:39 [OMEGA-SECURITY] learned ext id AUDUSD -> 5
00:38:39 [OMEGA-SECURITY] learned ext id NZDUSD -> 12
00:38:39 [OMEGA-SECURITY] learned ext id XAGUSD -> 42
00:38:39 [OMEGA-SECURITY] learned ext id BRENT -> 109
00:38:39 [OMEGA-SECURITY] UNMATCHED: 'UK100.F' id=4461
00:38:39 [OMEGA-SECURITY] learned ext id ESTX50 -> 1898
00:38:39 [OMEGA-SECURITY] learned ext id GER40 -> 1899
00:38:39 [OMEGA-SECURITY] learned ext id UK100 -> 1901
00:38:39 [OMEGA-SECURITY] UNMATCHED: 'UKBRENT.F' id=2634
00:38:39 [OMEGA-SECURITY] UNMATCHED: 'ESTC' id=3229
00:38:39 [OMEGA-TRADE] SecurityList received req_id=omega-sec-1775176719 entries=1551 (ext IDs updated -- will re-subscribe)
00:38:40 [OMEGA] Connecting live-uk-eqx-02.p.c-trader.com:5211
00:38:40 [OMEGA] Logon sent
00:38:40 [OMEGA] LOGON ACCEPTED
00:38:40 [OMEGA] Subscribed ALL symbols (OMEGA-MD-ALL)
00:38:40 [OMEGA] Re-subscribed ALL symbols with learned ext IDs (GER40/UK100/ESTX50/XAGUSD/EURUSD/BRENT/GBPUSD/AUDUSD/NZDUSD/USDJPY now included)
00:38:40 [TICK] EURUSD 1.15/1.15
00:38:40 [TICK] GBPUSD 1.32/1.32
00:38:40 [TICK] USDJPY 159.50/159.51
00:38:40 [TICK] AUDUSD 0.69/0.69
00:38:40 [TICK] XAUUSD 4677.03/4677.25
00:38:40 [SUPERVISOR-XAUUSD] regime=QUIET_COMPRESSION conf=0.92 bracket=0.98 breakout=0.00 top_score=0.98 threshold=0.25 winner=BRACKET allow=1 cooldown=0 reason=valid_signal
00:38:40 [GOLD-BRK-DIAG] phase=IDLE can_enter=0 spread_ok=1 freq_ok=1 bracket_open=0 stack_open=0 in_dead_zone=0 london_noise=0 in_asia=1 asia_ok=1 drift=0.22 l2_imb=0.500 can_arm=0 trend_bias=0 trend_blocked=0 pyramid_ok=0 impulse_block=0 cd_bypass=0 pyr_sl_age_s=never brk_hi=0.00 brk_lo=0.00 range=0.00 session_slot=6
00:38:40 [TICK] XAGUSD 73.02/73.05
00:38:40 [TICK] NZDUSD 0.57/0.57
00:38:40 [TICK] BRENT 106.44/107.11
00:38:40 [TICK] VIX.F 24.53/24.91
00:38:40 [TICK] NAS100 24039.10/24040.30
00:38:40 [SUPERVISOR-NAS100] regime=QUIET_COMPRESSION conf=0.69 bracket=0.78 breakout=0.00 top_score=0.78 threshold=0.25 winner=BRACKET allow=1 cooldown=0 reason=valid_signal
00:38:40 [TICK] US500.F 6622.72/6623.53
00:38:40 [SUPERVISOR-US500.F] regime=QUIET_COMPRESSION conf=0.52 bracket=0.74 breakout=0.00 top_score=0.74 threshold=0.25 winner=BRACKET allow=1 cooldown=0 reason=valid_signal
00:38:40 [TICK] USTEC.F 24216.32/24219.03
00:38:40 [SUPERVISOR-USTEC.F] regime=QUIET_COMPRESSION conf=0.58 bracket=0.76 breakout=0.00 top_score=0.76 threshold=0.25 winner=BRACKET allow=1 cooldown=0 reason=valid_signal
00:38:40 [TICK] NGAS.F 2.79/2.82
00:38:40 [TICK] USOIL.F 111.90/112.01
00:38:40 [TICK] ESTX50 5699.40/5700.80
00:38:40 [TICK] GER40 23202.60/23204.30
00:38:40 [TICK] DJ30.F 46728.10/46733.90
00:38:40 [SUPERVISOR-DJ30.F] regime=QUIET_COMPRESSION conf=0.56 bracket=0.75 breakout=0.00 top_score=0.75 threshold=0.25 winner=BRACKET allow=1 cooldown=0 reason=valid_signal
00:38:40 [TICK] UK100 10455.10/10456.90
00:38:40 [TICK] DX.F 99.79/99.89
