=== PHASE 1: LOAD + BUILD H4 BARS ===
Ticks OK: 154265439  failed: 0
Date range: 2024-03-01 02:00:00 -> 2026-04-24 20:59:58
H4 bars built: 3434
Load time: 8.3s

=== PHASE 2: SWEEP ===
  [ 1/27] D=10 SL=1.0 TP=2.0  n=317  WR=39.1%  PnL=$+908.26  DD=$-765.13 PF=1.18
  [ 2/27] D=10 SL=1.0 TP=3.0  n=263  WR=32.3%  PnL=$+1483.92  DD=$-583.41 PF=1.33
  [ 3/27] D=10 SL=1.0 TP=4.0  n=220  WR=27.3%  PnL=$+1188.55  DD=$-712.55 PF=1.28
  [ 4/27] D=10 SL=1.5 TP=2.0  n=294  WR=48.0%  PnL=$+624.17  DD=$-989.40 PF=1.10
  [ 5/27] D=10 SL=1.5 TP=3.0  n=230  WR=40.4%  PnL=$+1403.75  DD=$-739.52 PF=1.26
  [ 6/27] D=10 SL=1.5 TP=4.0  n=180  WR=36.1%  PnL=$+1953.50  DD=$-430.60 PF=1.48
  [ 7/27] D=10 SL=2.0 TP=2.0  n=272  WR=56.2%  PnL=$+652.77  DD=$-1201.03 PF=1.10
  [ 8/27] D=10 SL=2.0 TP=3.0  n=205  WR=48.3%  PnL=$+1770.63  DD=$-847.68 PF=1.33
  [ 9/27] D=10 SL=2.0 TP=4.0  n=154  WR=42.2%  PnL=$+1692.48  DD=$-547.66 PF=1.43
  [10/27] D=15 SL=1.0 TP=2.0  n=268  WR=39.2%  PnL=$+1022.44  DD=$-657.34 PF=1.25
  [11/27] D=15 SL=1.0 TP=3.0  n=222  WR=32.9%  PnL=$+1726.61  DD=$-436.57 PF=1.47
  [12/27] D=15 SL=1.0 TP=4.0  n=193  WR=26.4%  PnL=$+1240.21  DD=$-656.11 PF=1.34
  [13/27] D=15 SL=1.5 TP=2.0  n=251  WR=47.8%  PnL=$+879.32  DD=$-904.75 PF=1.17
  [14/27] D=15 SL=1.5 TP=3.0  n=199  WR=39.7%  PnL=$+1487.95  DD=$-654.86 PF=1.33
  [15/27] D=15 SL=1.5 TP=4.0  n=164  WR=36.0%  PnL=$+2250.06  DD=$-412.66 PF=1.65
  [16/27] D=15 SL=2.0 TP=2.0  n=238  WR=55.9%  PnL=$+477.27  DD=$-1088.16 PF=1.08
  [17/27] D=15 SL=2.0 TP=3.0  n=182  WR=47.8%  PnL=$+1245.44  DD=$-734.81 PF=1.24
  [18/27] D=15 SL=2.0 TP=4.0  n=143  WR=44.1%  PnL=$+2142.52  DD=$-547.66 PF=1.57
  [19/27] D=20 SL=1.0 TP=2.0  n=228  WR=40.8%  PnL=$+1595.48  DD=$-328.91 PF=1.50
  [20/27] D=20 SL=1.0 TP=3.0  n=188  WR=35.1%  PnL=$+2102.92  DD=$-317.20 PF=1.74
  [21/27] D=20 SL=1.0 TP=4.0  n=158  WR=29.1%  PnL=$+1834.50  DD=$-389.16 PF=1.66
  [22/27] D=20 SL=1.5 TP=2.0  n=218  WR=47.7%  PnL=$+1007.83  DD=$-557.05 PF=1.24
  [23/27] D=20 SL=1.5 TP=3.0  n=175  WR=41.1%  PnL=$+1555.36  DD=$-475.81 PF=1.41
  [24/27] D=20 SL=1.5 TP=4.0  n=143  WR=37.8%  PnL=$+1673.01  DD=$-475.81 PF=1.50
  [25/27] D=20 SL=2.0 TP=2.0  n=211  WR=53.1%  PnL=$+461.65  DD=$-897.00 PF=1.09
  [26/27] D=20 SL=2.0 TP=3.0  n=162  WR=47.5%  PnL=$+1483.13  DD=$-522.59 PF=1.36
  [27/27] D=20 SL=2.0 TP=4.0  n=125  WR=46.4%  PnL=$+1789.44  DD=$-607.84 PF=1.51

Best config: D=15 SL=1.5 TP=4.0  n=164  PnL=$+2250.06  WR=36.0%  PF=1.65
Sweep time: 0.0s

=== PHASE 3: WRITE OUTPUTS ===
Wrote:
  htf_bt_minimal_results.txt         (sweep table + best config)
  htf_bt_minimal_best_trades.csv     (best config trade log)
  htf_bt_minimal_best_equity.csv     (best config equity curve)

Total runtime: 8.3s
